2026-02-13 18:03:23,228 - INFO - Device: cuda
2026-02-13 18:03:23,228 - INFO - Config: {'device': 'cuda', 'lr': 0.001, 'epochs_per_task': 10, 'batch_size': 128, 'lambda_slice': 2.0, 'lambda_feat': 0.5, 'ewc_lambda': 0.0, 'si_lambda': 0.0, 'seed': 42}
2026-02-13 18:03:23,268 - INFO - ========== Training Task 0: classes [0, 1] ==========
2026-02-13 18:03:32,294 - INFO - [Task 0 | ep 0 | step 0] loss=0.8618 c=0.8618 r=0.0000 | CI_T0=69.05%
2026-02-13 18:03:37,443 - INFO - [Task 0 | ep 0 | step 50] loss=0.2535 c=0.2535 r=0.0000 | CI_T0=88.43%
2026-02-13 18:03:46,760 - INFO - [Task 0 | ep 1 | step 100] loss=0.2254 c=0.2254 r=0.0000 | CI_T0=86.87%
2026-02-13 18:03:51,916 - INFO - [Task 0 | ep 1 | step 150] loss=0.2290 c=0.2290 r=0.0000 | CI_T0=91.61%
2026-02-13 18:04:01,320 - INFO - [Task 0 | ep 2 | step 200] loss=0.1431 c=0.1431 r=0.0000 | CI_T0=92.74%
2026-02-13 18:04:10,852 - INFO - [Task 0 | ep 3 | step 250] loss=0.1203 c=0.1203 r=0.0000 | CI_T0=93.73%
2026-02-13 18:04:16,027 - INFO - [Task 0 | ep 3 | step 300] loss=0.1329 c=0.1329 r=0.0000 | CI_T0=91.52%
2026-02-13 18:04:25,612 - INFO - [Task 0 | ep 4 | step 350] loss=0.1727 c=0.1727 r=0.0000 | CI_T0=92.24%
2026-02-13 18:04:35,041 - INFO - [Task 0 | ep 5 | step 400] loss=0.1287 c=0.1287 r=0.0000 | CI_T0=95.59%
2026-02-13 18:04:40,193 - INFO - [Task 0 | ep 5 | step 450] loss=0.1498 c=0.1498 r=0.0000 | CI_T0=96.01%
2026-02-13 18:04:49,606 - INFO - [Task 0 | ep 6 | step 500] loss=0.1233 c=0.1233 r=0.0000 | CI_T0=95.83%
2026-02-13 18:04:59,160 - INFO - [Task 0 | ep 7 | step 550] loss=0.1380 c=0.1380 r=0.0000 | CI_T0=96.47%
2026-02-13 18:05:04,361 - INFO - [Task 0 | ep 7 | step 600] loss=0.0940 c=0.0940 r=0.0000 | CI_T0=95.56%
2026-02-13 18:05:13,760 - INFO - [Task 0 | ep 8 | step 650] loss=0.0855 c=0.0855 r=0.0000 | CI_T0=96.79%
2026-02-13 18:05:18,931 - INFO - [Task 0 | ep 8 | step 700] loss=0.0554 c=0.0554 r=0.0000 | CI_T0=96.68%
2026-02-13 18:05:28,303 - INFO - [Task 0 | ep 9 | step 750] loss=0.1287 c=0.1287 r=0.0000 | CI_T0=97.44%
2026-02-13 18:05:36,739 - INFO - [After Task 0] Task-IL : T0=95.50% | Avg=95.50%
2026-02-13 18:05:36,739 - INFO - [After Task 0] Class-IL: T0=95.50% | Avg=95.50%
2026-02-13 18:05:36,739 - INFO - ========== GROUP DIFFERENCES ==========
2026-02-13 18:05:36,739 - INFO - Seen tasks: 0..0 | valid_out_dim=2
2026-02-13 18:05:40,580 - INFO - [Group=Task0] CI_acc=95.50% | corr_slice_max=2.928 | best_other_max=nan | gap=nan
2026-02-13 18:05:40,580 - INFO - [Group=Task0] winner_task_dist: W0=100.0%
2026-02-13 18:05:40,580 - INFO - [Group=Task0] slice_strength : S0=2.93
2026-02-13 18:05:40,580 - INFO - ======================================
2026-02-13 18:05:40,580 - INFO - ========== Training Task 1: classes [2, 3] ==========
2026-02-13 18:05:54,266 - INFO - [Task 1 | ep 0 | step 0] loss=3.3597 c=2.2527 r=1.1070 | CI_T0=91.18% | CI_T1=20.48%
2026-02-13 18:06:04,300 - INFO - [Task 1 | ep 0 | step 50] loss=1.2376 c=0.5042 r=0.7334 | CI_T0=26.02% | CI_T1=76.65%
2026-02-13 18:06:18,490 - INFO - [Task 1 | ep 1 | step 100] loss=1.0583 c=0.4034 r=0.6549 | CI_T0=7.07% | CI_T1=81.47%
2026-02-13 18:06:28,511 - INFO - [Task 1 | ep 1 | step 150] loss=1.1482 c=0.3449 r=0.8033 | CI_T0=5.04% | CI_T1=81.51%
2026-02-13 18:06:42,878 - INFO - [Task 1 | ep 2 | step 200] loss=1.0075 c=0.3828 r=0.6246 | CI_T0=2.47% | CI_T1=83.00%
2026-02-13 18:06:57,249 - INFO - [Task 1 | ep 3 | step 250] loss=0.9729 c=0.3422 r=0.6307 | CI_T0=2.81% | CI_T1=83.92%
2026-02-13 18:07:07,282 - INFO - [Task 1 | ep 3 | step 300] loss=0.9714 c=0.4301 r=0.5413 | CI_T0=2.73% | CI_T1=82.06%
2026-02-13 18:07:21,463 - INFO - [Task 1 | ep 4 | step 350] loss=0.9904 c=0.3803 r=0.6100 | CI_T0=1.35% | CI_T1=85.05%
2026-02-13 18:07:35,649 - INFO - [Task 1 | ep 5 | step 400] loss=1.0103 c=0.3819 r=0.6284 | CI_T0=1.63% | CI_T1=84.78%
2026-02-13 18:07:45,663 - INFO - [Task 1 | ep 5 | step 450] loss=0.9317 c=0.3346 r=0.5971 | CI_T0=0.81% | CI_T1=83.86%
2026-02-13 18:07:59,852 - INFO - [Task 1 | ep 6 | step 500] loss=1.1561 c=0.3245 r=0.8316 | CI_T0=1.26% | CI_T1=85.33%
2026-02-13 18:08:14,172 - INFO - [Task 1 | ep 7 | step 550] loss=0.9485 c=0.3786 r=0.5699 | CI_T0=0.60% | CI_T1=85.70%
2026-02-13 18:08:24,261 - INFO - [Task 1 | ep 7 | step 600] loss=1.0591 c=0.4241 r=0.6350 | CI_T0=1.13% | CI_T1=85.14%
2026-02-13 18:08:38,458 - INFO - [Task 1 | ep 8 | step 650] loss=0.8089 c=0.3430 r=0.4659 | CI_T0=1.95% | CI_T1=87.11%
2026-02-13 18:08:48,442 - INFO - [Task 1 | ep 8 | step 700] loss=0.7536 c=0.2751 r=0.4784 | CI_T0=1.53% | CI_T1=85.66%
2026-02-13 18:09:02,653 - INFO - [Task 1 | ep 9 | step 750] loss=0.8771 c=0.3383 r=0.5388 | CI_T0=3.41% | CI_T1=87.26%
2026-02-13 18:09:18,900 - INFO - [After Task 1] Task-IL : T0=94.40% | T1=86.55% | Avg=90.47%
2026-02-13 18:09:18,900 - INFO - [After Task 1] Class-IL: T0=6.80% | T1=86.50% | Avg=46.65%
2026-02-13 18:09:18,900 - INFO - ========== GROUP DIFFERENCES ==========
2026-02-13 18:09:18,900 - INFO - Seen tasks: 0..1 | valid_out_dim=4
2026-02-13 18:09:22,867 - INFO - [Group=Task0] CI_acc=6.80% | corr_slice_max=2.669 | best_other_max=4.872 | gap=-2.203
2026-02-13 18:09:22,867 - INFO - [Group=Task0] winner_task_dist: W0=6.8% | W1=93.2%
2026-02-13 18:09:22,867 - INFO - [Group=Task0] slice_strength : S0=2.67 | S1=4.87
2026-02-13 18:09:26,756 - INFO - [Group=Task1] CI_acc=86.50% | corr_slice_max=5.480 | best_other_max=1.302 | gap=4.178
2026-02-13 18:09:26,756 - INFO - [Group=Task1] winner_task_dist: W0=0.1% | W1=100.0%
2026-02-13 18:09:26,756 - INFO - [Group=Task1] slice_strength : S0=1.30 | S1=5.48
2026-02-13 18:09:26,756 - INFO - ======================================
2026-02-13 18:09:26,756 - INFO - ========== Training Task 2: classes [4, 5] ==========
2026-02-13 18:09:45,243 - INFO - [Task 2 | ep 0 | step 0] loss=6.0575 c=5.3796 r=0.6779 | CI_T0=3.65% | CI_T1=74.71% | CI_T2=0.00%
2026-02-13 18:10:00,097 - INFO - [Task 2 | ep 0 | step 50] loss=2.2249 c=1.3015 r=0.9234 | CI_T0=4.41% | CI_T1=61.29% | CI_T2=45.56%
2026-02-13 18:10:19,148 - INFO - [Task 2 | ep 1 | step 100] loss=1.4816 c=0.6597 r=0.8219 | CI_T0=1.55% | CI_T1=26.63% | CI_T2=80.18%
2026-02-13 18:10:34,095 - INFO - [Task 2 | ep 1 | step 150] loss=1.2609 c=0.6711 r=0.5897 | CI_T0=1.43% | CI_T1=17.61% | CI_T2=85.64%
2026-02-13 18:10:53,295 - INFO - [Task 2 | ep 2 | step 200] loss=1.1578 c=0.5420 r=0.6158 | CI_T0=0.63% | CI_T1=9.52% | CI_T2=85.89%
2026-02-13 18:11:12,400 - INFO - [Task 2 | ep 3 | step 250] loss=1.1007 c=0.5013 r=0.5994 | CI_T0=0.54% | CI_T1=7.37% | CI_T2=88.24%
2026-02-13 18:11:27,350 - INFO - [Task 2 | ep 3 | step 300] loss=1.0143 c=0.4871 r=0.5272 | CI_T0=0.58% | CI_T1=7.16% | CI_T2=88.37%
2026-02-13 18:11:46,374 - INFO - [Task 2 | ep 4 | step 350] loss=1.0979 c=0.4429 r=0.6550 | CI_T0=0.50% | CI_T1=4.70% | CI_T2=89.22%
2026-02-13 18:12:05,598 - INFO - [Task 2 | ep 5 | step 400] loss=0.9773 c=0.4061 r=0.5711 | CI_T0=1.72% | CI_T1=4.01% | CI_T2=85.83%
2026-02-13 18:12:20,468 - INFO - [Task 2 | ep 5 | step 450] loss=1.0454 c=0.4270 r=0.6183 | CI_T0=0.62% | CI_T1=5.22% | CI_T2=89.48%
2026-02-13 18:12:39,515 - INFO - [Task 2 | ep 6 | step 500] loss=0.9900 c=0.4044 r=0.5856 | CI_T0=1.18% | CI_T1=2.68% | CI_T2=90.23%
2026-02-13 18:12:58,771 - INFO - [Task 2 | ep 7 | step 550] loss=0.9463 c=0.3593 r=0.5869 | CI_T0=1.00% | CI_T1=2.66% | CI_T2=89.66%
2026-02-13 18:13:13,562 - INFO - [Task 2 | ep 7 | step 600] loss=0.8681 c=0.3658 r=0.5023 | CI_T0=1.15% | CI_T1=2.22% | CI_T2=86.09%
2026-02-13 18:13:32,670 - INFO - [Task 2 | ep 8 | step 650] loss=1.0056 c=0.4262 r=0.5793 | CI_T0=0.87% | CI_T1=2.02% | CI_T2=89.51%
2026-02-13 18:13:47,557 - INFO - [Task 2 | ep 8 | step 700] loss=0.9144 c=0.3924 r=0.5220 | CI_T0=0.46% | CI_T1=2.42% | CI_T2=89.31%
2026-02-13 18:14:06,874 - INFO - [Task 2 | ep 9 | step 750] loss=0.8597 c=0.3273 r=0.5324 | CI_T0=0.75% | CI_T1=2.72% | CI_T2=91.51%
2026-02-13 18:14:31,170 - INFO - [After Task 2] Task-IL : T0=95.65% | T1=85.10% | T2=87.80% | Avg=89.52%
2026-02-13 18:14:31,170 - INFO - [After Task 2] Class-IL: T0=0.95% | T1=6.20% | T2=87.30% | Avg=31.48%
2026-02-13 18:14:31,170 - INFO - ========== GROUP DIFFERENCES ==========
2026-02-13 18:14:31,171 - INFO - Seen tasks: 0..2 | valid_out_dim=6
2026-02-13 18:14:35,021 - INFO - [Group=Task0] CI_acc=0.95% | corr_slice_max=2.862 | best_other_max=6.155 | gap=-3.292
2026-02-13 18:14:35,021 - INFO - [Group=Task0] winner_task_dist: W0=0.9% | W1=5.9% | W2=93.2%
2026-02-13 18:14:35,021 - INFO - [Group=Task0] slice_strength : S0=2.86 | S1=4.89 | S2=6.13
2026-02-13 18:14:38,971 - INFO - [Group=Task1] CI_acc=6.20% | corr_slice_max=5.368 | best_other_max=7.123 | gap=-1.756
2026-02-13 18:14:38,971 - INFO - [Group=Task1] winner_task_dist: W0=0.0% | W1=6.6% | W2=93.5%
2026-02-13 18:14:38,971 - INFO - [Group=Task1] slice_strength : S0=1.44 | S1=5.37 | S2=7.12
2026-02-13 18:14:42,875 - INFO - [Group=Task2] CI_acc=87.30% | corr_slice_max=7.548 | best_other_max=5.120 | gap=2.428
2026-02-13 18:14:42,875 - INFO - [Group=Task2] winner_task_dist: W0=0.0% | W1=0.5% | W2=99.5%
2026-02-13 18:14:42,875 - INFO - [Group=Task2] slice_strength : S0=1.20 | S1=5.12 | S2=7.55
2026-02-13 18:14:42,876 - INFO - ======================================
2026-02-13 18:14:42,876 - INFO - ========== Training Task 3: classes [6, 7] ==========
2026-02-13 18:15:06,287 - INFO - [Task 3 | ep 0 | step 0] loss=8.5629 c=7.5189 r=1.0439 | CI_T0=1.23% | CI_T1=2.11% | CI_T2=84.61% | CI_T3=0.00%
2026-02-13 18:15:26,102 - INFO - [Task 3 | ep 0 | step 50] loss=2.6033 c=1.3954 r=1.2078 | CI_T0=3.58% | CI_T1=9.64% | CI_T2=62.93% | CI_T3=51.23%
2026-02-13 18:15:50,285 - INFO - [Task 3 | ep 1 | step 100] loss=1.6588 c=0.6736 r=0.9852 | CI_T0=1.99% | CI_T1=5.31% | CI_T2=47.15% | CI_T3=83.98%
2026-02-13 18:16:09,890 - INFO - [Task 3 | ep 1 | step 150] loss=1.3622 c=0.5153 r=0.8470 | CI_T0=1.43% | CI_T1=3.17% | CI_T2=35.16% | CI_T3=88.98%
2026-02-13 18:16:33,843 - INFO - [Task 3 | ep 2 | step 200] loss=1.0818 c=0.3197 r=0.7621 | CI_T0=1.24% | CI_T1=1.66% | CI_T2=34.19% | CI_T3=91.53%
2026-02-13 18:16:57,781 - INFO - [Task 3 | ep 3 | step 250] loss=1.0788 c=0.3242 r=0.7546 | CI_T0=0.75% | CI_T1=1.32% | CI_T2=23.69% | CI_T3=93.74%
2026-02-13 18:17:17,485 - INFO - [Task 3 | ep 3 | step 300] loss=1.0814 c=0.3707 r=0.7107 | CI_T0=0.77% | CI_T1=1.06% | CI_T2=26.22% | CI_T3=92.26%
2026-02-13 18:17:41,152 - INFO - [Task 3 | ep 4 | step 350] loss=1.1290 c=0.3909 r=0.7381 | CI_T0=0.69% | CI_T1=1.44% | CI_T2=22.91% | CI_T3=92.86%
2026-02-13 18:18:05,067 - INFO - [Task 3 | ep 5 | step 400] loss=0.9518 c=0.2943 r=0.6575 | CI_T0=0.62% | CI_T1=0.60% | CI_T2=19.07% | CI_T3=94.91%
2026-02-13 18:18:24,656 - INFO - [Task 3 | ep 5 | step 450] loss=0.9928 c=0.3461 r=0.6466 | CI_T0=0.61% | CI_T1=0.71% | CI_T2=15.74% | CI_T3=95.64%
2026-02-13 18:18:48,429 - INFO - [Task 3 | ep 6 | step 500] loss=0.8968 c=0.2565 r=0.6403 | CI_T0=0.35% | CI_T1=1.09% | CI_T2=15.76% | CI_T3=95.21%
2026-02-13 18:19:12,226 - INFO - [Task 3 | ep 7 | step 550] loss=0.9042 c=0.2690 r=0.6352 | CI_T0=0.62% | CI_T1=0.90% | CI_T2=14.96% | CI_T3=94.06%
2026-02-13 18:19:31,823 - INFO - [Task 3 | ep 7 | step 600] loss=0.8613 c=0.2589 r=0.6023 | CI_T0=0.31% | CI_T1=0.62% | CI_T2=13.41% | CI_T3=96.23%
2026-02-13 18:19:55,626 - INFO - [Task 3 | ep 8 | step 650] loss=0.8634 c=0.2464 r=0.6169 | CI_T0=0.37% | CI_T1=0.60% | CI_T2=13.84% | CI_T3=95.51%
2026-02-13 18:20:15,304 - INFO - [Task 3 | ep 8 | step 700] loss=0.8295 c=0.2111 r=0.6185 | CI_T0=0.31% | CI_T1=0.17% | CI_T2=8.72% | CI_T3=96.17%
2026-02-13 18:20:40,019 - INFO - [Task 3 | ep 9 | step 750] loss=0.8673 c=0.1980 r=0.6693 | CI_T0=0.39% | CI_T1=0.61% | CI_T2=13.26% | CI_T3=96.31%
2026-02-13 18:21:13,247 - INFO - [After Task 3] Task-IL : T0=94.95% | T1=85.15% | T2=86.25% | T3=97.35% | Avg=90.92%
2026-02-13 18:21:13,249 - INFO - [After Task 3] Class-IL: T0=0.95% | T1=1.05% | T2=16.50% | T3=96.75% | Avg=28.81%
2026-02-13 18:21:13,249 - INFO - ========== GROUP DIFFERENCES ==========
2026-02-13 18:21:13,249 - INFO - Seen tasks: 0..3 | valid_out_dim=8
2026-02-13 18:21:17,079 - INFO - [Group=Task0] CI_acc=0.95% | corr_slice_max=2.821 | best_other_max=7.320 | gap=-4.499
2026-02-13 18:21:17,079 - INFO - [Group=Task0] winner_task_dist: W0=0.9% | W1=1.5% | W2=9.8% | W3=87.8%
2026-02-13 18:21:17,080 - INFO - [Group=Task0] slice_strength : S0=2.82 | S1=4.91 | S2=6.04 | S3=7.27
2026-02-13 18:21:21,189 - INFO - [Group=Task1] CI_acc=1.05% | corr_slice_max=5.358 | best_other_max=8.411 | gap=-3.053
2026-02-13 18:21:21,190 - INFO - [Group=Task1] winner_task_dist: W0=0.0% | W1=1.1% | W2=7.7% | W3=91.2%
2026-02-13 18:21:21,190 - INFO - [Group=Task1] slice_strength : S0=1.29 | S1=5.36 | S2=7.01 | S3=8.38
2026-02-13 18:21:25,188 - INFO - [Group=Task2] CI_acc=16.50% | corr_slice_max=7.424 | best_other_max=8.456 | gap=-1.032
2026-02-13 18:21:25,188 - INFO - [Group=Task2] winner_task_dist: W0=0.0% | W1=0.1% | W2=16.7% | W3=83.3%
2026-02-13 18:21:25,188 - INFO - [Group=Task2] slice_strength : S0=1.10 | S1=5.12 | S2=7.42 | S3=8.46
2026-02-13 18:21:29,026 - INFO - [Group=Task3] CI_acc=96.75% | corr_slice_max=9.115 | best_other_max=6.743 | gap=2.372
2026-02-13 18:21:29,026 - INFO - [Group=Task3] winner_task_dist: W0=0.0% | W1=0.1% | W2=0.7% | W3=99.2%
2026-02-13 18:21:29,026 - INFO - [Group=Task3] slice_strength : S0=1.20 | S1=4.88 | S2=6.74 | S3=9.12
2026-02-13 18:21:29,026 - INFO - ======================================
2026-02-13 18:21:29,027 - INFO - ========== Training Task 4: classes [8, 9] ==========
2026-02-13 18:21:57,359 - INFO - [Task 4 | ep 0 | step 0] loss=10.5079 c=9.1674 r=1.3405 | CI_T0=0.64% | CI_T1=0.32% | CI_T2=9.27% | CI_T3=93.48% | CI_T4=0.00%
2026-02-13 18:22:21,941 - INFO - [Task 4 | ep 0 | step 50] loss=3.2210 c=1.6462 r=1.5748 | CI_T0=0.67% | CI_T1=1.35% | CI_T2=38.73% | CI_T3=61.45% | CI_T4=62.19%
2026-02-13 18:22:51,288 - INFO - [Task 4 | ep 1 | step 100] loss=2.0475 c=0.8391 r=1.2084 | CI_T0=0.15% | CI_T1=0.26% | CI_T2=16.29% | CI_T3=49.42% | CI_T4=82.63%
2026-02-13 18:23:16,180 - INFO - [Task 4 | ep 1 | step 150] loss=1.7695 c=0.7068 r=1.0627 | CI_T0=0.07% | CI_T1=0.05% | CI_T2=9.70% | CI_T3=38.57% | CI_T4=87.28%
2026-02-13 18:23:45,628 - INFO - [Task 4 | ep 2 | step 200] loss=1.3833 c=0.4606 r=0.9227 | CI_T0=0.04% | CI_T1=0.02% | CI_T2=5.02% | CI_T3=30.62% | CI_T4=89.19%
2026-02-13 18:24:15,150 - INFO - [Task 4 | ep 3 | step 250] loss=1.3550 c=0.4769 r=0.8781 | CI_T0=0.01% | CI_T1=0.00% | CI_T2=6.17% | CI_T3=36.81% | CI_T4=91.86%
