2026-02-15 10:12:18,689 - INFO - Device: cuda
2026-02-15 10:12:18,689 - INFO - Config: {'device': 'cuda', 'lr': 0.1, 'epochs_per_task': 100, 'batch_size': 128, 'lambda_slice': 0.0, 'lambda_feat': 0.0, 'ewc_lambda': 0.0, 'si_lambda': 0.0, 'seed': 42, 'backbone': 'resnet18', 'optimizer': 'sgd', 'weight_decay': 0.0005}
2026-02-15 10:12:18,835 - INFO - ========== Training Task 0: classes [0, 1] ==========
2026-02-15 10:12:28,631 - INFO - [Task 0 | ep 0 | step 0] loss=0.7249 c=0.7249 r=0.0000 | CI_T0=50.00%
2026-02-15 10:12:37,730 - INFO - [Task 0 | ep 0 | step 50] loss=0.3694 c=0.3694 r=0.0000 | CI_T0=78.49%
2026-02-15 10:12:50,922 - INFO - [Task 0 | ep 1 | step 100] loss=0.2930 c=0.2930 r=0.0000 | CI_T0=88.07%
2026-02-15 10:12:59,896 - INFO - [Task 0 | ep 1 | step 150] loss=0.2157 c=0.2157 r=0.0000 | CI_T0=90.71%
2026-02-15 10:13:12,884 - INFO - [Task 0 | ep 2 | step 200] loss=0.1854 c=0.1854 r=0.0000 | CI_T0=91.53%
2026-02-15 10:13:26,036 - INFO - [Task 0 | ep 3 | step 250] loss=0.1596 c=0.1596 r=0.0000 | CI_T0=94.82%
2026-02-15 10:13:34,883 - INFO - [Task 0 | ep 3 | step 300] loss=0.1583 c=0.1583 r=0.0000 | CI_T0=94.13%
2026-02-15 10:13:47,880 - INFO - [Task 0 | ep 4 | step 350] loss=0.0658 c=0.0658 r=0.0000 | CI_T0=95.98%
2026-02-15 10:14:01,099 - INFO - [Task 0 | ep 5 | step 400] loss=0.0516 c=0.0516 r=0.0000 | CI_T0=93.34%
2026-02-15 10:14:10,073 - INFO - [Task 0 | ep 5 | step 450] loss=0.0889 c=0.0889 r=0.0000 | CI_T0=96.77%
2026-02-15 10:14:23,264 - INFO - [Task 0 | ep 6 | step 500] loss=0.1067 c=0.1067 r=0.0000 | CI_T0=96.93%
2026-02-15 10:14:36,420 - INFO - [Task 0 | ep 7 | step 550] loss=0.0638 c=0.0638 r=0.0000 | CI_T0=97.93%
2026-02-15 10:14:45,483 - INFO - [Task 0 | ep 7 | step 600] loss=0.0729 c=0.0729 r=0.0000 | CI_T0=96.97%
2026-02-15 10:14:58,492 - INFO - [Task 0 | ep 8 | step 650] loss=0.0755 c=0.0755 r=0.0000 | CI_T0=97.76%
2026-02-15 10:15:07,458 - INFO - [Task 0 | ep 8 | step 700] loss=0.0515 c=0.0515 r=0.0000 | CI_T0=98.07%
2026-02-15 10:15:20,456 - INFO - [Task 0 | ep 9 | step 750] loss=0.0728 c=0.0728 r=0.0000 | CI_T0=97.60%
2026-02-15 10:15:33,443 - INFO - [Task 0 | ep 10 | step 800] loss=0.0671 c=0.0671 r=0.0000 | CI_T0=96.63%
2026-02-15 10:15:42,470 - INFO - [Task 0 | ep 10 | step 850] loss=0.0845 c=0.0845 r=0.0000 | CI_T0=97.46%
2026-02-15 10:15:55,473 - INFO - [Task 0 | ep 11 | step 900] loss=0.0227 c=0.0227 r=0.0000 | CI_T0=98.03%
2026-02-15 10:16:08,441 - INFO - [Task 0 | ep 12 | step 950] loss=0.0209 c=0.0209 r=0.0000 | CI_T0=98.46%
2026-02-15 10:16:17,432 - INFO - [Task 0 | ep 12 | step 1000] loss=0.0631 c=0.0631 r=0.0000 | CI_T0=97.79%
2026-02-15 10:16:30,426 - INFO - [Task 0 | ep 13 | step 1050] loss=0.0757 c=0.0757 r=0.0000 | CI_T0=98.64%
2026-02-15 10:16:43,452 - INFO - [Task 0 | ep 14 | step 1100] loss=0.0797 c=0.0797 r=0.0000 | CI_T0=98.55%
2026-02-15 10:16:52,390 - INFO - [Task 0 | ep 14 | step 1150] loss=0.0919 c=0.0919 r=0.0000 | CI_T0=98.33%
2026-02-15 10:17:05,410 - INFO - [Task 0 | ep 15 | step 1200] loss=0.0978 c=0.0978 r=0.0000 | CI_T0=98.77%
2026-02-15 10:17:18,411 - INFO - [Task 0 | ep 16 | step 1250] loss=0.0626 c=0.0626 r=0.0000 | CI_T0=97.60%
2026-02-15 10:17:27,442 - INFO - [Task 0 | ep 16 | step 1300] loss=0.0331 c=0.0331 r=0.0000 | CI_T0=97.60%
2026-02-15 10:17:40,624 - INFO - [Task 0 | ep 17 | step 1350] loss=0.0388 c=0.0388 r=0.0000 | CI_T0=98.56%
2026-02-15 10:17:49,581 - INFO - [Task 0 | ep 17 | step 1400] loss=0.0242 c=0.0242 r=0.0000 | CI_T0=98.51%
2026-02-15 10:18:02,550 - INFO - [Task 0 | ep 18 | step 1450] loss=0.0566 c=0.0566 r=0.0000 | CI_T0=98.10%
2026-02-15 10:18:15,590 - INFO - [Task 0 | ep 19 | step 1500] loss=0.0439 c=0.0439 r=0.0000 | CI_T0=98.08%
2026-02-15 10:18:24,544 - INFO - [Task 0 | ep 19 | step 1550] loss=0.0429 c=0.0429 r=0.0000 | CI_T0=98.65%
2026-02-15 10:18:37,582 - INFO - [Task 0 | ep 20 | step 1600] loss=0.0323 c=0.0323 r=0.0000 | CI_T0=98.93%
2026-02-15 10:18:50,609 - INFO - [Task 0 | ep 21 | step 1650] loss=0.0666 c=0.0666 r=0.0000 | CI_T0=98.92%
2026-02-15 10:18:59,546 - INFO - [Task 0 | ep 21 | step 1700] loss=0.0614 c=0.0614 r=0.0000 | CI_T0=98.19%
2026-02-15 10:19:12,535 - INFO - [Task 0 | ep 22 | step 1750] loss=0.0133 c=0.0133 r=0.0000 | CI_T0=98.48%
2026-02-15 10:19:25,563 - INFO - [Task 0 | ep 23 | step 1800] loss=0.0477 c=0.0477 r=0.0000 | CI_T0=98.72%
2026-02-15 10:19:34,580 - INFO - [Task 0 | ep 23 | step 1850] loss=0.0536 c=0.0536 r=0.0000 | CI_T0=98.25%
2026-02-15 10:19:47,736 - INFO - [Task 0 | ep 24 | step 1900] loss=0.0270 c=0.0270 r=0.0000 | CI_T0=98.79%
2026-02-15 10:20:00,914 - INFO - [Task 0 | ep 25 | step 1950] loss=0.1109 c=0.1109 r=0.0000 | CI_T0=98.50%
2026-02-15 10:20:09,976 - INFO - [Task 0 | ep 25 | step 2000] loss=0.0394 c=0.0394 r=0.0000 | CI_T0=98.88%
2026-02-15 10:20:22,919 - INFO - [Task 0 | ep 26 | step 2050] loss=0.0411 c=0.0411 r=0.0000 | CI_T0=98.85%
2026-02-15 10:20:31,938 - INFO - [Task 0 | ep 26 | step 2100] loss=0.0703 c=0.0703 r=0.0000 | CI_T0=98.66%
2026-02-15 10:20:44,729 - INFO - [Task 0 | ep 27 | step 2150] loss=0.0078 c=0.0078 r=0.0000 | CI_T0=98.46%
2026-02-15 10:20:57,765 - INFO - [Task 0 | ep 28 | step 2200] loss=0.0127 c=0.0127 r=0.0000 | CI_T0=98.72%
2026-02-15 10:21:06,697 - INFO - [Task 0 | ep 28 | step 2250] loss=0.0228 c=0.0228 r=0.0000 | CI_T0=99.03%
2026-02-15 10:21:19,719 - INFO - [Task 0 | ep 29 | step 2300] loss=0.0652 c=0.0652 r=0.0000 | CI_T0=97.25%
2026-02-15 10:21:32,681 - INFO - [Task 0 | ep 30 | step 2350] loss=0.0209 c=0.0209 r=0.0000 | CI_T0=98.32%
2026-02-15 10:21:41,548 - INFO - [Task 0 | ep 30 | step 2400] loss=0.0322 c=0.0322 r=0.0000 | CI_T0=98.39%
2026-02-15 10:21:54,504 - INFO - [Task 0 | ep 31 | step 2450] loss=0.0173 c=0.0173 r=0.0000 | CI_T0=99.10%
2026-02-15 10:22:07,653 - INFO - [Task 0 | ep 32 | step 2500] loss=0.0440 c=0.0440 r=0.0000 | CI_T0=99.12%
2026-02-15 10:22:16,509 - INFO - [Task 0 | ep 32 | step 2550] loss=0.0347 c=0.0347 r=0.0000 | CI_T0=98.21%
2026-02-15 10:22:29,532 - INFO - [Task 0 | ep 33 | step 2600] loss=0.0149 c=0.0149 r=0.0000 | CI_T0=99.09%
2026-02-15 10:22:38,462 - INFO - [Task 0 | ep 33 | step 2650] loss=0.0370 c=0.0370 r=0.0000 | CI_T0=98.41%
2026-02-15 10:22:51,487 - INFO - [Task 0 | ep 34 | step 2700] loss=0.0420 c=0.0420 r=0.0000 | CI_T0=99.05%
2026-02-15 10:23:04,484 - INFO - [Task 0 | ep 35 | step 2750] loss=0.0873 c=0.0873 r=0.0000 | CI_T0=98.09%
2026-02-15 10:23:13,507 - INFO - [Task 0 | ep 35 | step 2800] loss=0.0199 c=0.0199 r=0.0000 | CI_T0=98.62%
2026-02-15 10:23:26,518 - INFO - [Task 0 | ep 36 | step 2850] loss=0.0559 c=0.0559 r=0.0000 | CI_T0=98.81%
2026-02-15 10:23:39,467 - INFO - [Task 0 | ep 37 | step 2900] loss=0.0088 c=0.0088 r=0.0000 | CI_T0=98.76%
2026-02-15 10:23:48,662 - INFO - [Task 0 | ep 37 | step 2950] loss=0.0043 c=0.0043 r=0.0000 | CI_T0=99.01%
2026-02-15 10:24:01,669 - INFO - [Task 0 | ep 38 | step 3000] loss=0.0487 c=0.0487 r=0.0000 | CI_T0=98.41%
2026-02-15 10:24:14,662 - INFO - [Task 0 | ep 39 | step 3050] loss=0.0365 c=0.0365 r=0.0000 | CI_T0=98.28%
2026-02-15 10:24:23,682 - INFO - [Task 0 | ep 39 | step 3100] loss=0.0197 c=0.0197 r=0.0000 | CI_T0=98.77%
2026-02-15 10:24:36,683 - INFO - [Task 0 | ep 40 | step 3150] loss=0.0199 c=0.0199 r=0.0000 | CI_T0=99.02%
2026-02-15 10:24:49,652 - INFO - [Task 0 | ep 41 | step 3200] loss=0.0572 c=0.0572 r=0.0000 | CI_T0=98.80%
2026-02-15 10:24:58,606 - INFO - [Task 0 | ep 41 | step 3250] loss=0.0254 c=0.0254 r=0.0000 | CI_T0=99.10%
2026-02-15 10:25:11,642 - INFO - [Task 0 | ep 42 | step 3300] loss=0.0209 c=0.0209 r=0.0000 | CI_T0=98.73%
2026-02-15 10:25:20,656 - INFO - [Task 0 | ep 42 | step 3350] loss=0.0652 c=0.0652 r=0.0000 | CI_T0=98.84%
2026-02-15 10:25:33,666 - INFO - [Task 0 | ep 43 | step 3400] loss=0.0641 c=0.0641 r=0.0000 | CI_T0=99.06%
2026-02-15 10:25:46,626 - INFO - [Task 0 | ep 44 | step 3450] loss=0.0223 c=0.0223 r=0.0000 | CI_T0=99.11%
2026-02-15 10:25:55,577 - INFO - [Task 0 | ep 44 | step 3500] loss=0.0418 c=0.0418 r=0.0000 | CI_T0=98.55%
2026-02-15 10:26:08,640 - INFO - [Task 0 | ep 45 | step 3550] loss=0.0298 c=0.0298 r=0.0000 | CI_T0=98.54%
2026-02-15 10:26:21,649 - INFO - [Task 0 | ep 46 | step 3600] loss=0.0342 c=0.0342 r=0.0000 | CI_T0=98.90%
2026-02-15 10:26:30,599 - INFO - [Task 0 | ep 46 | step 3650] loss=0.1245 c=0.1245 r=0.0000 | CI_T0=96.75%
2026-02-15 10:26:43,584 - INFO - [Task 0 | ep 47 | step 3700] loss=0.0207 c=0.0207 r=0.0000 | CI_T0=99.01%
2026-02-15 10:26:56,606 - INFO - [Task 0 | ep 48 | step 3750] loss=0.0268 c=0.0268 r=0.0000 | CI_T0=98.83%
2026-02-15 10:27:05,623 - INFO - [Task 0 | ep 48 | step 3800] loss=0.0450 c=0.0450 r=0.0000 | CI_T0=98.63%
2026-02-15 10:27:18,783 - INFO - [Task 0 | ep 49 | step 3850] loss=0.0286 c=0.0286 r=0.0000 | CI_T0=98.96%
2026-02-15 10:27:31,950 - INFO - [Task 0 | ep 50 | step 3900] loss=0.0451 c=0.0451 r=0.0000 | CI_T0=99.02%
2026-02-15 10:27:40,821 - INFO - [Task 0 | ep 50 | step 3950] loss=0.0117 c=0.0117 r=0.0000 | CI_T0=99.29%
2026-02-15 10:27:53,933 - INFO - [Task 0 | ep 51 | step 4000] loss=0.0376 c=0.0376 r=0.0000 | CI_T0=98.44%
2026-02-15 10:28:02,924 - INFO - [Task 0 | ep 51 | step 4050] loss=0.0122 c=0.0122 r=0.0000 | CI_T0=99.26%
2026-02-15 10:28:15,967 - INFO - [Task 0 | ep 52 | step 4100] loss=0.0237 c=0.0237 r=0.0000 | CI_T0=98.10%
2026-02-15 10:28:28,950 - INFO - [Task 0 | ep 53 | step 4150] loss=0.0486 c=0.0486 r=0.0000 | CI_T0=98.98%
2026-02-15 10:28:38,033 - INFO - [Task 0 | ep 53 | step 4200] loss=0.0276 c=0.0276 r=0.0000 | CI_T0=98.27%
2026-02-15 10:28:51,162 - INFO - [Task 0 | ep 54 | step 4250] loss=0.0176 c=0.0176 r=0.0000 | CI_T0=99.06%
2026-02-15 10:29:04,380 - INFO - [Task 0 | ep 55 | step 4300] loss=0.0414 c=0.0414 r=0.0000 | CI_T0=97.92%
2026-02-15 10:29:13,353 - INFO - [Task 0 | ep 55 | step 4350] loss=0.1059 c=0.1059 r=0.0000 | CI_T0=97.77%
2026-02-15 10:29:26,351 - INFO - [Task 0 | ep 56 | step 4400] loss=0.0241 c=0.0241 r=0.0000 | CI_T0=98.71%
2026-02-15 10:29:39,347 - INFO - [Task 0 | ep 57 | step 4450] loss=0.0355 c=0.0355 r=0.0000 | CI_T0=98.67%
2026-02-15 10:29:48,331 - INFO - [Task 0 | ep 57 | step 4500] loss=0.0373 c=0.0373 r=0.0000 | CI_T0=98.83%
2026-02-15 10:30:01,342 - INFO - [Task 0 | ep 58 | step 4550] loss=0.0134 c=0.0134 r=0.0000 | CI_T0=99.28%
2026-02-15 10:30:10,355 - INFO - [Task 0 | ep 58 | step 4600] loss=0.0190 c=0.0190 r=0.0000 | CI_T0=98.70%
2026-02-15 10:30:23,563 - INFO - [Task 0 | ep 59 | step 4650] loss=0.0137 c=0.0137 r=0.0000 | CI_T0=99.10%
2026-02-15 10:30:36,731 - INFO - [Task 0 | ep 60 | step 4700] loss=0.0229 c=0.0229 r=0.0000 | CI_T0=99.18%
2026-02-15 10:30:45,747 - INFO - [Task 0 | ep 60 | step 4750] loss=0.0615 c=0.0615 r=0.0000 | CI_T0=99.13%
2026-02-15 10:30:58,946 - INFO - [Task 0 | ep 61 | step 4800] loss=0.0457 c=0.0457 r=0.0000 | CI_T0=97.96%
2026-02-15 10:31:12,109 - INFO - [Task 0 | ep 62 | step 4850] loss=0.0500 c=0.0500 r=0.0000 | CI_T0=98.70%
2026-02-15 10:31:21,137 - INFO - [Task 0 | ep 62 | step 4900] loss=0.0404 c=0.0404 r=0.0000 | CI_T0=98.67%
2026-02-15 10:31:34,332 - INFO - [Task 0 | ep 63 | step 4950] loss=0.0159 c=0.0159 r=0.0000 | CI_T0=98.74%
2026-02-15 10:31:47,345 - INFO - [Task 0 | ep 64 | step 5000] loss=0.0184 c=0.0184 r=0.0000 | CI_T0=98.16%
2026-02-15 10:31:56,296 - INFO - [Task 0 | ep 64 | step 5050] loss=0.0151 c=0.0151 r=0.0000 | CI_T0=99.09%
2026-02-15 10:32:09,297 - INFO - [Task 0 | ep 65 | step 5100] loss=0.0821 c=0.0821 r=0.0000 | CI_T0=98.14%
2026-02-15 10:32:22,460 - INFO - [Task 0 | ep 66 | step 5150] loss=0.0398 c=0.0398 r=0.0000 | CI_T0=97.91%
2026-02-15 10:32:31,444 - INFO - [Task 0 | ep 66 | step 5200] loss=0.0176 c=0.0176 r=0.0000 | CI_T0=98.09%
2026-02-15 10:32:44,488 - INFO - [Task 0 | ep 67 | step 5250] loss=0.0481 c=0.0481 r=0.0000 | CI_T0=97.78%
2026-02-15 10:32:53,467 - INFO - [Task 0 | ep 67 | step 5300] loss=0.0273 c=0.0273 r=0.0000 | CI_T0=98.90%
2026-02-15 10:33:06,708 - INFO - [Task 0 | ep 68 | step 5350] loss=0.0326 c=0.0326 r=0.0000 | CI_T0=98.84%
2026-02-15 10:33:19,899 - INFO - [Task 0 | ep 69 | step 5400] loss=0.0053 c=0.0053 r=0.0000 | CI_T0=98.26%
2026-02-15 10:33:28,851 - INFO - [Task 0 | ep 69 | step 5450] loss=0.0349 c=0.0349 r=0.0000 | CI_T0=99.46%
2026-02-15 10:33:41,898 - INFO - [Task 0 | ep 70 | step 5500] loss=0.0403 c=0.0403 r=0.0000 | CI_T0=98.36%
2026-02-15 10:33:55,024 - INFO - [Task 0 | ep 71 | step 5550] loss=0.0311 c=0.0311 r=0.0000 | CI_T0=98.36%
2026-02-15 10:34:04,043 - INFO - [Task 0 | ep 71 | step 5600] loss=0.0125 c=0.0125 r=0.0000 | CI_T0=98.45%
2026-02-15 10:34:17,059 - INFO - [Task 0 | ep 72 | step 5650] loss=0.0462 c=0.0462 r=0.0000 | CI_T0=98.88%
2026-02-15 10:34:30,198 - INFO - [Task 0 | ep 73 | step 5700] loss=0.0158 c=0.0158 r=0.0000 | CI_T0=98.06%
2026-02-15 10:34:39,047 - INFO - [Task 0 | ep 73 | step 5750] loss=0.0315 c=0.0315 r=0.0000 | CI_T0=98.82%
2026-02-15 10:34:52,235 - INFO - [Task 0 | ep 74 | step 5800] loss=0.0380 c=0.0380 r=0.0000 | CI_T0=98.88%
2026-02-15 10:35:05,391 - INFO - [Task 0 | ep 75 | step 5850] loss=0.0140 c=0.0140 r=0.0000 | CI_T0=99.20%
2026-02-15 10:35:14,259 - INFO - [Task 0 | ep 75 | step 5900] loss=0.0273 c=0.0273 r=0.0000 | CI_T0=98.39%
2026-02-15 10:35:27,385 - INFO - [Task 0 | ep 76 | step 5950] loss=0.0105 c=0.0105 r=0.0000 | CI_T0=99.13%
2026-02-15 10:35:36,411 - INFO - [Task 0 | ep 76 | step 6000] loss=0.0144 c=0.0144 r=0.0000 | CI_T0=98.70%
2026-02-15 10:35:49,419 - INFO - [Task 0 | ep 77 | step 6050] loss=0.0102 c=0.0102 r=0.0000 | CI_T0=98.41%
2026-02-15 10:36:02,604 - INFO - [Task 0 | ep 78 | step 6100] loss=0.0413 c=0.0413 r=0.0000 | CI_T0=98.30%
2026-02-15 10:36:11,416 - INFO - [Task 0 | ep 78 | step 6150] loss=0.0321 c=0.0321 r=0.0000 | CI_T0=98.43%
2026-02-15 10:36:24,603 - INFO - [Task 0 | ep 79 | step 6200] loss=0.0234 c=0.0234 r=0.0000 | CI_T0=98.58%
2026-02-15 10:36:37,829 - INFO - [Task 0 | ep 80 | step 6250] loss=0.0051 c=0.0051 r=0.0000 | CI_T0=99.00%
2026-02-15 10:36:46,795 - INFO - [Task 0 | ep 80 | step 6300] loss=0.0350 c=0.0350 r=0.0000 | CI_T0=99.06%
2026-02-15 10:36:59,798 - INFO - [Task 0 | ep 81 | step 6350] loss=0.0164 c=0.0164 r=0.0000 | CI_T0=98.27%
2026-02-15 10:37:12,983 - INFO - [Task 0 | ep 82 | step 6400] loss=0.0655 c=0.0655 r=0.0000 | CI_T0=99.19%
2026-02-15 10:37:21,974 - INFO - [Task 0 | ep 82 | step 6450] loss=0.0252 c=0.0252 r=0.0000 | CI_T0=98.22%
2026-02-15 10:37:35,183 - INFO - [Task 0 | ep 83 | step 6500] loss=0.0182 c=0.0182 r=0.0000 | CI_T0=99.08%
2026-02-15 10:37:44,142 - INFO - [Task 0 | ep 83 | step 6550] loss=0.0189 c=0.0189 r=0.0000 | CI_T0=98.61%
2026-02-15 10:37:57,169 - INFO - [Task 0 | ep 84 | step 6600] loss=0.0295 c=0.0295 r=0.0000 | CI_T0=97.79%
2026-02-15 10:38:10,175 - INFO - [Task 0 | ep 85 | step 6650] loss=0.0379 c=0.0379 r=0.0000 | CI_T0=99.16%
2026-02-15 10:38:19,140 - INFO - [Task 0 | ep 85 | step 6700] loss=0.0160 c=0.0160 r=0.0000 | CI_T0=92.60%
2026-02-15 10:38:32,386 - INFO - [Task 0 | ep 86 | step 6750] loss=0.0463 c=0.0463 r=0.0000 | CI_T0=97.97%
2026-02-15 10:38:45,386 - INFO - [Task 0 | ep 87 | step 6800] loss=0.0611 c=0.0611 r=0.0000 | CI_T0=96.93%
2026-02-15 10:38:54,356 - INFO - [Task 0 | ep 87 | step 6850] loss=0.0231 c=0.0231 r=0.0000 | CI_T0=99.23%
2026-02-15 10:39:07,355 - INFO - [Task 0 | ep 88 | step 6900] loss=0.0462 c=0.0462 r=0.0000 | CI_T0=97.66%
2026-02-15 10:39:20,501 - INFO - [Task 0 | ep 89 | step 6950] loss=0.0215 c=0.0215 r=0.0000 | CI_T0=99.04%
2026-02-15 10:39:29,480 - INFO - [Task 0 | ep 89 | step 7000] loss=0.0347 c=0.0347 r=0.0000 | CI_T0=99.06%
2026-02-15 10:39:42,694 - INFO - [Task 0 | ep 90 | step 7050] loss=0.0315 c=0.0315 r=0.0000 | CI_T0=98.93%
2026-02-15 10:39:55,889 - INFO - [Task 0 | ep 91 | step 7100] loss=0.0505 c=0.0505 r=0.0000 | CI_T0=98.74%
2026-02-15 10:40:04,897 - INFO - [Task 0 | ep 91 | step 7150] loss=0.0223 c=0.0223 r=0.0000 | CI_T0=95.41%
2026-02-15 10:40:18,099 - INFO - [Task 0 | ep 92 | step 7200] loss=0.0153 c=0.0153 r=0.0000 | CI_T0=99.22%
2026-02-15 10:40:27,140 - INFO - [Task 0 | ep 92 | step 7250] loss=0.0095 c=0.0095 r=0.0000 | CI_T0=99.00%
2026-02-15 10:40:40,305 - INFO - [Task 0 | ep 93 | step 7300] loss=0.0419 c=0.0419 r=0.0000 | CI_T0=99.29%
2026-02-15 10:40:53,326 - INFO - [Task 0 | ep 94 | step 7350] loss=0.0083 c=0.0083 r=0.0000 | CI_T0=98.98%
2026-02-15 10:41:02,301 - INFO - [Task 0 | ep 94 | step 7400] loss=0.0227 c=0.0227 r=0.0000 | CI_T0=99.00%
2026-02-15 10:41:15,528 - INFO - [Task 0 | ep 95 | step 7450] loss=0.0369 c=0.0369 r=0.0000 | CI_T0=98.22%
2026-02-15 10:41:28,537 - INFO - [Task 0 | ep 96 | step 7500] loss=0.0259 c=0.0259 r=0.0000 | CI_T0=98.96%
2026-02-15 10:41:37,484 - INFO - [Task 0 | ep 96 | step 7550] loss=0.0384 c=0.0384 r=0.0000 | CI_T0=99.01%
2026-02-15 10:41:50,465 - INFO - [Task 0 | ep 97 | step 7600] loss=0.0142 c=0.0142 r=0.0000 | CI_T0=99.04%
2026-02-15 10:42:03,499 - INFO - [Task 0 | ep 98 | step 7650] loss=0.0409 c=0.0409 r=0.0000 | CI_T0=98.76%
2026-02-15 10:42:12,474 - INFO - [Task 0 | ep 98 | step 7700] loss=0.0144 c=0.0144 r=0.0000 | CI_T0=99.20%
2026-02-15 10:42:25,674 - INFO - [Task 0 | ep 99 | step 7750] loss=0.0089 c=0.0089 r=0.0000 | CI_T0=98.72%
2026-02-15 10:42:37,457 - INFO - [After Task 0] Task-IL : T0=97.40% | Avg=97.40%
2026-02-15 10:42:37,457 - INFO - [After Task 0] Class-IL: T0=97.40% | Avg=97.40%
2026-02-15 10:42:37,458 - INFO - ========== GROUP DIFFERENCES ==========
2026-02-15 10:42:37,458 - INFO - Seen tasks: 0..0 | valid_out_dim=2
2026-02-15 10:42:41,666 - INFO - [Group=Task0] CI_acc=97.40% | corr_slice_max=2.824 | best_other_max=nan | gap=nan
2026-02-15 10:42:41,666 - INFO - [Group=Task0] winner_task_dist: W0=100.0%
2026-02-15 10:42:41,666 - INFO - [Group=Task0] slice_strength : S0=2.82
2026-02-15 10:42:41,666 - INFO - ======================================
2026-02-15 10:42:41,666 - INFO - ========== Training Task 1: classes [2, 3] ==========
2026-02-15 10:42:57,242 - INFO - [Task 1 | ep 0 | step 0] loss=2.5773 c=2.5773 r=0.0000 | CI_T0=0.00% | CI_T1=53.41%
2026-02-15 10:43:12,851 - INFO - [Task 1 | ep 0 | step 50] loss=0.3577 c=0.3577 r=0.0000 | CI_T0=0.00% | CI_T1=73.01%
2026-02-15 10:43:32,454 - INFO - [Task 1 | ep 1 | step 100] loss=0.3365 c=0.3365 r=0.0000 | CI_T0=0.00% | CI_T1=76.73%
2026-02-15 10:43:48,217 - INFO - [Task 1 | ep 1 | step 150] loss=0.3613 c=0.3613 r=0.0000 | CI_T0=0.00% | CI_T1=80.83%
2026-02-15 10:44:07,850 - INFO - [Task 1 | ep 2 | step 200] loss=0.3510 c=0.3510 r=0.0000 | CI_T0=0.00% | CI_T1=83.73%
2026-02-15 10:44:27,609 - INFO - [Task 1 | ep 3 | step 250] loss=0.2977 c=0.2977 r=0.0000 | CI_T0=0.00% | CI_T1=88.19%
2026-02-15 10:44:43,041 - INFO - [Task 1 | ep 3 | step 300] loss=0.3354 c=0.3354 r=0.0000 | CI_T0=0.00% | CI_T1=87.28%
2026-02-15 10:45:02,631 - INFO - [Task 1 | ep 4 | step 350] loss=0.3442 c=0.3442 r=0.0000 | CI_T0=0.00% | CI_T1=74.68%
2026-02-15 10:45:22,224 - INFO - [Task 1 | ep 5 | step 400] loss=0.2819 c=0.2819 r=0.0000 | CI_T0=0.00% | CI_T1=88.65%
2026-02-15 10:45:37,986 - INFO - [Task 1 | ep 5 | step 450] loss=0.3291 c=0.3291 r=0.0000 | CI_T0=0.00% | CI_T1=90.16%
2026-02-15 10:45:57,602 - INFO - [Task 1 | ep 6 | step 500] loss=0.3044 c=0.3044 r=0.0000 | CI_T0=0.00% | CI_T1=71.51%
2026-02-15 10:46:17,214 - INFO - [Task 1 | ep 7 | step 550] loss=0.2098 c=0.2098 r=0.0000 | CI_T0=0.00% | CI_T1=89.24%
2026-02-15 10:46:32,799 - INFO - [Task 1 | ep 7 | step 600] loss=0.2064 c=0.2064 r=0.0000 | CI_T0=0.00% | CI_T1=91.07%
2026-02-15 10:46:52,387 - INFO - [Task 1 | ep 8 | step 650] loss=0.2573 c=0.2573 r=0.0000 | CI_T0=0.00% | CI_T1=92.24%
2026-02-15 10:47:07,977 - INFO - [Task 1 | ep 8 | step 700] loss=0.2222 c=0.2222 r=0.0000 | CI_T0=0.00% | CI_T1=91.23%
2026-02-15 10:47:27,576 - INFO - [Task 1 | ep 9 | step 750] loss=0.2677 c=0.2677 r=0.0000 | CI_T0=0.00% | CI_T1=89.74%
2026-02-15 10:47:47,336 - INFO - [Task 1 | ep 10 | step 800] loss=0.2138 c=0.2138 r=0.0000 | CI_T0=0.00% | CI_T1=91.69%
2026-02-15 10:48:03,138 - INFO - [Task 1 | ep 10 | step 850] loss=0.2154 c=0.2154 r=0.0000 | CI_T0=0.00% | CI_T1=91.65%
2026-02-15 10:48:22,943 - INFO - [Task 1 | ep 11 | step 900] loss=0.1679 c=0.1679 r=0.0000 | CI_T0=0.00% | CI_T1=89.91%
2026-02-15 10:48:42,741 - INFO - [Task 1 | ep 12 | step 950] loss=0.1550 c=0.1550 r=0.0000 | CI_T0=0.00% | CI_T1=92.30%
2026-02-15 10:48:58,336 - INFO - [Task 1 | ep 12 | step 1000] loss=0.1584 c=0.1584 r=0.0000 | CI_T0=0.00% | CI_T1=91.02%
2026-02-15 10:49:18,092 - INFO - [Task 1 | ep 13 | step 1050] loss=0.1525 c=0.1525 r=0.0000 | CI_T0=0.00% | CI_T1=92.58%
2026-02-15 10:49:37,742 - INFO - [Task 1 | ep 14 | step 1100] loss=0.1720 c=0.1720 r=0.0000 | CI_T0=0.00% | CI_T1=92.25%
2026-02-15 10:49:53,335 - INFO - [Task 1 | ep 14 | step 1150] loss=0.1579 c=0.1579 r=0.0000 | CI_T0=0.00% | CI_T1=89.83%
2026-02-15 10:50:13,079 - INFO - [Task 1 | ep 15 | step 1200] loss=0.2337 c=0.2337 r=0.0000 | CI_T0=0.00% | CI_T1=92.71%
2026-02-15 10:50:32,871 - INFO - [Task 1 | ep 16 | step 1250] loss=0.1007 c=0.1007 r=0.0000 | CI_T0=0.00% | CI_T1=93.85%
2026-02-15 10:50:48,472 - INFO - [Task 1 | ep 16 | step 1300] loss=0.1518 c=0.1518 r=0.0000 | CI_T0=0.00% | CI_T1=90.68%
2026-02-15 10:51:08,095 - INFO - [Task 1 | ep 17 | step 1350] loss=0.1647 c=0.1647 r=0.0000 | CI_T0=0.00% | CI_T1=82.54%
2026-02-15 10:51:23,687 - INFO - [Task 1 | ep 17 | step 1400] loss=0.1346 c=0.1346 r=0.0000 | CI_T0=0.00% | CI_T1=91.24%
2026-02-15 10:51:43,296 - INFO - [Task 1 | ep 18 | step 1450] loss=0.1931 c=0.1931 r=0.0000 | CI_T0=0.00% | CI_T1=92.87%
2026-02-15 10:52:02,892 - INFO - [Task 1 | ep 19 | step 1500] loss=0.1497 c=0.1497 r=0.0000 | CI_T0=0.00% | CI_T1=94.23%
2026-02-15 10:52:18,486 - INFO - [Task 1 | ep 19 | step 1550] loss=0.1988 c=0.1988 r=0.0000 | CI_T0=0.00% | CI_T1=92.89%
2026-02-15 10:52:38,079 - INFO - [Task 1 | ep 20 | step 1600] loss=0.1603 c=0.1603 r=0.0000 | CI_T0=0.00% | CI_T1=83.49%
2026-02-15 10:52:57,866 - INFO - [Task 1 | ep 21 | step 1650] loss=0.1454 c=0.1454 r=0.0000 | CI_T0=0.00% | CI_T1=93.36%
2026-02-15 10:53:13,453 - INFO - [Task 1 | ep 21 | step 1700] loss=0.1429 c=0.1429 r=0.0000 | CI_T0=0.00% | CI_T1=90.47%
2026-02-15 10:53:33,059 - INFO - [Task 1 | ep 22 | step 1750] loss=0.1455 c=0.1455 r=0.0000 | CI_T0=0.00% | CI_T1=93.59%
2026-02-15 10:53:52,835 - INFO - [Task 1 | ep 23 | step 1800] loss=0.1145 c=0.1145 r=0.0000 | CI_T0=0.00% | CI_T1=94.35%
2026-02-15 10:54:08,289 - INFO - [Task 1 | ep 23 | step 1850] loss=0.1678 c=0.1678 r=0.0000 | CI_T0=0.00% | CI_T1=94.23%
2026-02-15 10:54:28,040 - INFO - [Task 1 | ep 24 | step 1900] loss=0.1174 c=0.1174 r=0.0000 | CI_T0=0.00% | CI_T1=85.79%
2026-02-15 10:54:47,992 - INFO - [Task 1 | ep 25 | step 1950] loss=0.1128 c=0.1128 r=0.0000 | CI_T0=0.00% | CI_T1=86.84%
2026-02-15 10:55:03,425 - INFO - [Task 1 | ep 25 | step 2000] loss=0.1231 c=0.1231 r=0.0000 | CI_T0=0.00% | CI_T1=95.00%
2026-02-15 10:55:23,018 - INFO - [Task 1 | ep 26 | step 2050] loss=0.1312 c=0.1312 r=0.0000 | CI_T0=0.00% | CI_T1=90.79%
2026-02-15 10:55:38,604 - INFO - [Task 1 | ep 26 | step 2100] loss=0.1177 c=0.1177 r=0.0000 | CI_T0=0.00% | CI_T1=94.67%
2026-02-15 10:55:58,195 - INFO - [Task 1 | ep 27 | step 2150] loss=0.1572 c=0.1572 r=0.0000 | CI_T0=0.00% | CI_T1=93.62%
2026-02-15 10:56:17,999 - INFO - [Task 1 | ep 28 | step 2200] loss=0.1671 c=0.1671 r=0.0000 | CI_T0=0.00% | CI_T1=92.03%
2026-02-15 10:56:33,581 - INFO - [Task 1 | ep 28 | step 2250] loss=0.1184 c=0.1184 r=0.0000 | CI_T0=0.00% | CI_T1=91.84%
2026-02-15 10:56:53,198 - INFO - [Task 1 | ep 29 | step 2300] loss=0.1739 c=0.1739 r=0.0000 | CI_T0=0.00% | CI_T1=92.03%
2026-02-15 10:57:12,776 - INFO - [Task 1 | ep 30 | step 2350] loss=0.1253 c=0.1253 r=0.0000 | CI_T0=0.00% | CI_T1=93.74%
2026-02-15 10:57:28,367 - INFO - [Task 1 | ep 30 | step 2400] loss=0.1174 c=0.1174 r=0.0000 | CI_T0=0.00% | CI_T1=92.66%
2026-02-15 10:57:47,976 - INFO - [Task 1 | ep 31 | step 2450] loss=0.1005 c=0.1005 r=0.0000 | CI_T0=0.00% | CI_T1=95.55%
2026-02-15 10:58:07,559 - INFO - [Task 1 | ep 32 | step 2500] loss=0.1655 c=0.1655 r=0.0000 | CI_T0=0.00% | CI_T1=84.66%
2026-02-15 10:58:23,340 - INFO - [Task 1 | ep 32 | step 2550] loss=0.1257 c=0.1257 r=0.0000 | CI_T0=0.00% | CI_T1=93.06%
2026-02-15 10:58:42,955 - INFO - [Task 1 | ep 33 | step 2600] loss=0.1158 c=0.1158 r=0.0000 | CI_T0=0.00% | CI_T1=93.29%
2026-02-15 10:58:58,549 - INFO - [Task 1 | ep 33 | step 2650] loss=0.1205 c=0.1205 r=0.0000 | CI_T0=0.00% | CI_T1=92.92%
2026-02-15 10:59:18,177 - INFO - [Task 1 | ep 34 | step 2700] loss=0.1618 c=0.1618 r=0.0000 | CI_T0=0.00% | CI_T1=90.80%
2026-02-15 10:59:37,731 - INFO - [Task 1 | ep 35 | step 2750] loss=0.1269 c=0.1269 r=0.0000 | CI_T0=0.00% | CI_T1=95.63%
2026-02-15 10:59:53,132 - INFO - [Task 1 | ep 35 | step 2800] loss=0.1405 c=0.1405 r=0.0000 | CI_T0=0.00% | CI_T1=94.91%
2026-02-15 11:00:12,929 - INFO - [Task 1 | ep 36 | step 2850] loss=0.0861 c=0.0861 r=0.0000 | CI_T0=0.00% | CI_T1=95.48%
2026-02-15 11:00:32,881 - INFO - [Task 1 | ep 37 | step 2900] loss=0.0784 c=0.0784 r=0.0000 | CI_T0=0.00% | CI_T1=94.77%
2026-02-15 11:00:48,506 - INFO - [Task 1 | ep 37 | step 2950] loss=0.0857 c=0.0857 r=0.0000 | CI_T0=0.00% | CI_T1=92.16%
2026-02-15 11:01:08,105 - INFO - [Task 1 | ep 38 | step 3000] loss=0.1279 c=0.1279 r=0.0000 | CI_T0=0.00% | CI_T1=95.46%
2026-02-15 11:01:27,698 - INFO - [Task 1 | ep 39 | step 3050] loss=0.0764 c=0.0764 r=0.0000 | CI_T0=0.00% | CI_T1=93.74%
2026-02-15 11:01:43,277 - INFO - [Task 1 | ep 39 | step 3100] loss=0.1467 c=0.1467 r=0.0000 | CI_T0=0.00% | CI_T1=93.96%
2026-02-15 11:02:03,083 - INFO - [Task 1 | ep 40 | step 3150] loss=0.1858 c=0.1858 r=0.0000 | CI_T0=0.00% | CI_T1=94.85%
2026-02-15 11:02:22,681 - INFO - [Task 1 | ep 41 | step 3200] loss=0.0844 c=0.0844 r=0.0000 | CI_T0=0.00% | CI_T1=94.62%
2026-02-15 11:02:38,263 - INFO - [Task 1 | ep 41 | step 3250] loss=0.0753 c=0.0753 r=0.0000 | CI_T0=0.00% | CI_T1=86.02%
2026-02-15 11:02:57,876 - INFO - [Task 1 | ep 42 | step 3300] loss=0.1186 c=0.1186 r=0.0000 | CI_T0=0.00% | CI_T1=95.65%
2026-02-15 11:03:13,615 - INFO - [Task 1 | ep 42 | step 3350] loss=0.0973 c=0.0973 r=0.0000 | CI_T0=0.00% | CI_T1=95.86%
2026-02-15 11:03:33,258 - INFO - [Task 1 | ep 43 | step 3400] loss=0.0807 c=0.0807 r=0.0000 | CI_T0=0.00% | CI_T1=95.96%
2026-02-15 11:03:53,200 - INFO - [Task 1 | ep 44 | step 3450] loss=0.1225 c=0.1225 r=0.0000 | CI_T0=0.00% | CI_T1=96.04%
2026-02-15 11:04:08,835 - INFO - [Task 1 | ep 44 | step 3500] loss=0.1451 c=0.1451 r=0.0000 | CI_T0=0.00% | CI_T1=91.02%
2026-02-15 11:04:28,590 - INFO - [Task 1 | ep 45 | step 3550] loss=0.1088 c=0.1088 r=0.0000 | CI_T0=0.00% | CI_T1=94.94%
2026-02-15 11:04:48,393 - INFO - [Task 1 | ep 46 | step 3600] loss=0.0412 c=0.0412 r=0.0000 | CI_T0=0.00% | CI_T1=94.48%
2026-02-15 11:05:03,827 - INFO - [Task 1 | ep 46 | step 3650] loss=0.1256 c=0.1256 r=0.0000 | CI_T0=0.00% | CI_T1=95.35%
2026-02-15 11:05:23,421 - INFO - [Task 1 | ep 47 | step 3700] loss=0.1360 c=0.1360 r=0.0000 | CI_T0=0.00% | CI_T1=95.85%
2026-02-15 11:05:43,048 - INFO - [Task 1 | ep 48 | step 3750] loss=0.2025 c=0.2025 r=0.0000 | CI_T0=0.00% | CI_T1=95.80%
2026-02-15 11:05:58,610 - INFO - [Task 1 | ep 48 | step 3800] loss=0.1177 c=0.1177 r=0.0000 | CI_T0=0.00% | CI_T1=96.55%
2026-02-15 11:06:18,347 - INFO - [Task 1 | ep 49 | step 3850] loss=0.1067 c=0.1067 r=0.0000 | CI_T0=0.00% | CI_T1=95.72%
2026-02-15 11:06:38,142 - INFO - [Task 1 | ep 50 | step 3900] loss=0.0520 c=0.0520 r=0.0000 | CI_T0=0.00% | CI_T1=88.52%
2026-02-15 11:06:53,779 - INFO - [Task 1 | ep 50 | step 3950] loss=0.0857 c=0.0857 r=0.0000 | CI_T0=0.00% | CI_T1=92.85%
2026-02-15 11:07:13,539 - INFO - [Task 1 | ep 51 | step 4000] loss=0.0910 c=0.0910 r=0.0000 | CI_T0=0.00% | CI_T1=95.86%
2026-02-15 11:07:28,974 - INFO - [Task 1 | ep 51 | step 4050] loss=0.1317 c=0.1317 r=0.0000 | CI_T0=0.00% | CI_T1=96.20%
2026-02-15 11:07:48,735 - INFO - [Task 1 | ep 52 | step 4100] loss=0.0873 c=0.0873 r=0.0000 | CI_T0=0.00% | CI_T1=94.04%
2026-02-15 11:08:08,366 - INFO - [Task 1 | ep 53 | step 4150] loss=0.0380 c=0.0380 r=0.0000 | CI_T0=0.00% | CI_T1=96.99%
2026-02-15 11:08:23,948 - INFO - [Task 1 | ep 53 | step 4200] loss=0.0828 c=0.0828 r=0.0000 | CI_T0=0.00% | CI_T1=95.28%
2026-02-15 11:08:43,543 - INFO - [Task 1 | ep 54 | step 4250] loss=0.1345 c=0.1345 r=0.0000 | CI_T0=0.00% | CI_T1=96.45%
2026-02-15 11:09:03,333 - INFO - [Task 1 | ep 55 | step 4300] loss=0.0699 c=0.0699 r=0.0000 | CI_T0=0.00% | CI_T1=93.21%
2026-02-15 11:09:18,937 - INFO - [Task 1 | ep 55 | step 4350] loss=0.1450 c=0.1450 r=0.0000 | CI_T0=0.00% | CI_T1=95.58%
2026-02-15 11:09:38,529 - INFO - [Task 1 | ep 56 | step 4400] loss=0.1411 c=0.1411 r=0.0000 | CI_T0=0.00% | CI_T1=92.66%
2026-02-15 11:09:58,128 - INFO - [Task 1 | ep 57 | step 4450] loss=0.0659 c=0.0659 r=0.0000 | CI_T0=0.00% | CI_T1=95.53%
2026-02-15 11:10:13,714 - INFO - [Task 1 | ep 57 | step 4500] loss=0.1295 c=0.1295 r=0.0000 | CI_T0=0.00% | CI_T1=97.11%
2026-02-15 11:10:33,497 - INFO - [Task 1 | ep 58 | step 4550] loss=0.0482 c=0.0482 r=0.0000 | CI_T0=0.00% | CI_T1=96.26%
2026-02-15 11:10:48,903 - INFO - [Task 1 | ep 58 | step 4600] loss=0.0557 c=0.0557 r=0.0000 | CI_T0=0.00% | CI_T1=96.68%
2026-02-15 11:11:08,512 - INFO - [Task 1 | ep 59 | step 4650] loss=0.1085 c=0.1085 r=0.0000 | CI_T0=0.00% | CI_T1=96.43%
2026-02-15 11:11:28,095 - INFO - [Task 1 | ep 60 | step 4700] loss=0.1237 c=0.1237 r=0.0000 | CI_T0=0.00% | CI_T1=88.35%
2026-02-15 11:11:43,690 - INFO - [Task 1 | ep 60 | step 4750] loss=0.0785 c=0.0785 r=0.0000 | CI_T0=0.00% | CI_T1=96.56%
2026-02-15 11:12:03,482 - INFO - [Task 1 | ep 61 | step 4800] loss=0.1171 c=0.1171 r=0.0000 | CI_T0=0.00% | CI_T1=95.94%
2026-02-15 11:12:23,278 - INFO - [Task 1 | ep 62 | step 4850] loss=0.0610 c=0.0610 r=0.0000 | CI_T0=0.00% | CI_T1=95.37%
2026-02-15 11:12:39,032 - INFO - [Task 1 | ep 62 | step 4900] loss=0.0894 c=0.0894 r=0.0000 | CI_T0=0.00% | CI_T1=95.04%
2026-02-15 11:12:58,824 - INFO - [Task 1 | ep 63 | step 4950] loss=0.1308 c=0.1308 r=0.0000 | CI_T0=0.00% | CI_T1=91.87%
2026-02-15 11:13:18,457 - INFO - [Task 1 | ep 64 | step 5000] loss=0.0869 c=0.0869 r=0.0000 | CI_T0=0.00% | CI_T1=95.43%
2026-02-15 11:13:34,051 - INFO - [Task 1 | ep 64 | step 5050] loss=0.0885 c=0.0885 r=0.0000 | CI_T0=0.00% | CI_T1=95.41%
2026-02-15 11:13:53,647 - INFO - [Task 1 | ep 65 | step 5100] loss=0.0967 c=0.0967 r=0.0000 | CI_T0=0.00% | CI_T1=96.66%
2026-02-15 11:14:13,444 - INFO - [Task 1 | ep 66 | step 5150] loss=0.0729 c=0.0729 r=0.0000 | CI_T0=0.00% | CI_T1=96.05%
2026-02-15 11:14:29,200 - INFO - [Task 1 | ep 66 | step 5200] loss=0.0759 c=0.0759 r=0.0000 | CI_T0=0.00% | CI_T1=95.41%
2026-02-15 11:14:48,832 - INFO - [Task 1 | ep 67 | step 5250] loss=0.1087 c=0.1087 r=0.0000 | CI_T0=0.00% | CI_T1=96.66%
2026-02-15 11:15:04,557 - INFO - [Task 1 | ep 67 | step 5300] loss=0.0937 c=0.0937 r=0.0000 | CI_T0=0.00% | CI_T1=93.48%
2026-02-15 11:15:24,221 - INFO - [Task 1 | ep 68 | step 5350] loss=0.1524 c=0.1524 r=0.0000 | CI_T0=0.00% | CI_T1=94.11%
2026-02-15 11:15:43,966 - INFO - [Task 1 | ep 69 | step 5400] loss=0.1177 c=0.1177 r=0.0000 | CI_T0=0.00% | CI_T1=96.99%
2026-02-15 11:15:59,398 - INFO - [Task 1 | ep 69 | step 5450] loss=0.0275 c=0.0275 r=0.0000 | CI_T0=0.00% | CI_T1=88.04%
2026-02-15 11:16:18,995 - INFO - [Task 1 | ep 70 | step 5500] loss=0.0396 c=0.0396 r=0.0000 | CI_T0=0.00% | CI_T1=97.28%
2026-02-15 11:16:38,584 - INFO - [Task 1 | ep 71 | step 5550] loss=0.0335 c=0.0335 r=0.0000 | CI_T0=0.00% | CI_T1=92.66%
2026-02-15 11:16:53,981 - INFO - [Task 1 | ep 71 | step 5600] loss=0.0954 c=0.0954 r=0.0000 | CI_T0=0.00% | CI_T1=96.85%
2026-02-15 11:17:13,571 - INFO - [Task 1 | ep 72 | step 5650] loss=0.0876 c=0.0876 r=0.0000 | CI_T0=0.00% | CI_T1=96.57%
2026-02-15 11:17:33,177 - INFO - [Task 1 | ep 73 | step 5700] loss=0.0989 c=0.0989 r=0.0000 | CI_T0=0.00% | CI_T1=95.28%
2026-02-15 11:17:48,738 - INFO - [Task 1 | ep 73 | step 5750] loss=0.0811 c=0.0811 r=0.0000 | CI_T0=0.00% | CI_T1=93.97%
2026-02-15 11:18:08,364 - INFO - [Task 1 | ep 74 | step 5800] loss=0.1191 c=0.1191 r=0.0000 | CI_T0=0.00% | CI_T1=95.32%
2026-02-15 11:18:27,954 - INFO - [Task 1 | ep 75 | step 5850] loss=0.0213 c=0.0213 r=0.0000 | CI_T0=0.00% | CI_T1=96.68%
2026-02-15 11:18:43,349 - INFO - [Task 1 | ep 75 | step 5900] loss=0.0888 c=0.0888 r=0.0000 | CI_T0=0.00% | CI_T1=95.14%
2026-02-15 11:19:02,948 - INFO - [Task 1 | ep 76 | step 5950] loss=0.0933 c=0.0933 r=0.0000 | CI_T0=0.00% | CI_T1=97.17%
2026-02-15 11:19:18,545 - INFO - [Task 1 | ep 76 | step 6000] loss=0.0335 c=0.0335 r=0.0000 | CI_T0=0.00% | CI_T1=96.81%
2026-02-15 11:19:38,141 - INFO - [Task 1 | ep 77 | step 6050] loss=0.0981 c=0.0981 r=0.0000 | CI_T0=0.00% | CI_T1=95.60%
2026-02-15 11:19:57,726 - INFO - [Task 1 | ep 78 | step 6100] loss=0.1160 c=0.1160 r=0.0000 | CI_T0=0.00% | CI_T1=94.93%
2026-02-15 11:20:13,115 - INFO - [Task 1 | ep 78 | step 6150] loss=0.1594 c=0.1594 r=0.0000 | CI_T0=0.00% | CI_T1=96.53%
2026-02-15 11:20:32,716 - INFO - [Task 1 | ep 79 | step 6200] loss=0.1779 c=0.1779 r=0.0000 | CI_T0=0.00% | CI_T1=95.27%
2026-02-15 11:20:52,308 - INFO - [Task 1 | ep 80 | step 6250] loss=0.0675 c=0.0675 r=0.0000 | CI_T0=0.00% | CI_T1=94.67%
2026-02-15 11:21:07,708 - INFO - [Task 1 | ep 80 | step 6300] loss=0.1158 c=0.1158 r=0.0000 | CI_T0=0.00% | CI_T1=97.13%
2026-02-15 11:21:27,295 - INFO - [Task 1 | ep 81 | step 6350] loss=0.0599 c=0.0599 r=0.0000 | CI_T0=0.00% | CI_T1=93.08%
2026-02-15 11:21:46,894 - INFO - [Task 1 | ep 82 | step 6400] loss=0.0788 c=0.0788 r=0.0000 | CI_T0=0.00% | CI_T1=95.76%
2026-02-15 11:22:02,472 - INFO - [Task 1 | ep 82 | step 6450] loss=0.0670 c=0.0670 r=0.0000 | CI_T0=0.00% | CI_T1=92.31%
2026-02-15 11:22:22,080 - INFO - [Task 1 | ep 83 | step 6500] loss=0.1316 c=0.1316 r=0.0000 | CI_T0=0.00% | CI_T1=94.11%
2026-02-15 11:22:37,842 - INFO - [Task 1 | ep 83 | step 6550] loss=0.0952 c=0.0952 r=0.0000 | CI_T0=0.00% | CI_T1=96.03%
2026-02-15 11:22:57,469 - INFO - [Task 1 | ep 84 | step 6600] loss=0.0351 c=0.0351 r=0.0000 | CI_T0=0.00% | CI_T1=96.56%
2026-02-15 11:23:17,219 - INFO - [Task 1 | ep 85 | step 6650] loss=0.1305 c=0.1305 r=0.0000 | CI_T0=0.00% | CI_T1=96.65%
2026-02-15 11:23:32,661 - INFO - [Task 1 | ep 85 | step 6700] loss=0.0475 c=0.0475 r=0.0000 | CI_T0=0.00% | CI_T1=92.32%
2026-02-15 11:23:52,249 - INFO - [Task 1 | ep 86 | step 6750] loss=0.1182 c=0.1182 r=0.0000 | CI_T0=0.00% | CI_T1=90.74%
2026-02-15 11:24:12,020 - INFO - [Task 1 | ep 87 | step 6800] loss=0.0926 c=0.0926 r=0.0000 | CI_T0=0.00% | CI_T1=96.02%
2026-02-15 11:24:27,436 - INFO - [Task 1 | ep 87 | step 6850] loss=0.1221 c=0.1221 r=0.0000 | CI_T0=0.00% | CI_T1=95.93%
2026-02-15 11:24:47,025 - INFO - [Task 1 | ep 88 | step 6900] loss=0.0428 c=0.0428 r=0.0000 | CI_T0=0.00% | CI_T1=94.95%
2026-02-15 11:25:06,629 - INFO - [Task 1 | ep 89 | step 6950] loss=0.1362 c=0.1362 r=0.0000 | CI_T0=0.00% | CI_T1=97.13%
2026-02-15 11:25:22,209 - INFO - [Task 1 | ep 89 | step 7000] loss=0.0719 c=0.0719 r=0.0000 | CI_T0=0.00% | CI_T1=95.39%
2026-02-15 11:25:42,008 - INFO - [Task 1 | ep 90 | step 7050] loss=0.1281 c=0.1281 r=0.0000 | CI_T0=0.00% | CI_T1=94.64%
2026-02-15 11:26:01,604 - INFO - [Task 1 | ep 91 | step 7100] loss=0.0618 c=0.0618 r=0.0000 | CI_T0=0.00% | CI_T1=96.88%
2026-02-15 11:26:17,156 - INFO - [Task 1 | ep 91 | step 7150] loss=0.0274 c=0.0274 r=0.0000 | CI_T0=0.00% | CI_T1=95.61%
2026-02-15 11:26:36,788 - INFO - [Task 1 | ep 92 | step 7200] loss=0.0673 c=0.0673 r=0.0000 | CI_T0=0.00% | CI_T1=94.70%
2026-02-15 11:26:52,194 - INFO - [Task 1 | ep 92 | step 7250] loss=0.0821 c=0.0821 r=0.0000 | CI_T0=0.00% | CI_T1=95.59%
2026-02-15 11:27:11,972 - INFO - [Task 1 | ep 93 | step 7300] loss=0.1514 c=0.1514 r=0.0000 | CI_T0=0.00% | CI_T1=96.29%
2026-02-15 11:27:31,769 - INFO - [Task 1 | ep 94 | step 7350] loss=0.1314 c=0.1314 r=0.0000 | CI_T0=0.00% | CI_T1=96.36%
2026-02-15 11:27:47,363 - INFO - [Task 1 | ep 94 | step 7400] loss=0.0401 c=0.0401 r=0.0000 | CI_T0=0.00% | CI_T1=96.09%
2026-02-15 11:28:07,145 - INFO - [Task 1 | ep 95 | step 7450] loss=0.0674 c=0.0674 r=0.0000 | CI_T0=0.00% | CI_T1=95.89%
2026-02-15 11:28:26,926 - INFO - [Task 1 | ep 96 | step 7500] loss=0.1188 c=0.1188 r=0.0000 | CI_T0=0.00% | CI_T1=95.11%
2026-02-15 11:28:42,359 - INFO - [Task 1 | ep 96 | step 7550] loss=0.0579 c=0.0579 r=0.0000 | CI_T0=0.00% | CI_T1=94.65%
2026-02-15 11:29:01,951 - INFO - [Task 1 | ep 97 | step 7600] loss=0.1222 c=0.1222 r=0.0000 | CI_T0=0.00% | CI_T1=94.55%
2026-02-15 11:29:21,689 - INFO - [Task 1 | ep 98 | step 7650] loss=0.0479 c=0.0479 r=0.0000 | CI_T0=0.00% | CI_T1=96.11%
2026-02-15 11:29:37,133 - INFO - [Task 1 | ep 98 | step 7700] loss=0.1032 c=0.1032 r=0.0000 | CI_T0=0.00% | CI_T1=93.87%
2026-02-15 11:29:56,731 - INFO - [Task 1 | ep 99 | step 7750] loss=0.0924 c=0.0924 r=0.0000 | CI_T0=0.00% | CI_T1=94.56%
2026-02-15 11:30:17,892 - INFO - [After Task 1] Task-IL : T0=69.20% | T1=91.85% | Avg=80.53%
2026-02-15 11:30:17,893 - INFO - [After Task 1] Class-IL: T0=0.00% | T1=91.85% | Avg=45.92%
2026-02-15 11:30:17,893 - INFO - ========== GROUP DIFFERENCES ==========
2026-02-15 11:30:17,893 - INFO - Seen tasks: 0..1 | valid_out_dim=4
2026-02-15 11:30:22,092 - INFO - [Group=Task0] CI_acc=0.00% | corr_slice_max=-4.115 | best_other_max=3.308 | gap=-7.422
2026-02-15 11:30:22,092 - INFO - [Group=Task0] winner_task_dist: W0=0.0% | W1=100.0%
2026-02-15 11:30:22,092 - INFO - [Group=Task0] slice_strength : S0=-4.11 | S1=3.31
2026-02-15 11:30:26,346 - INFO - [Group=Task1] CI_acc=91.85% | corr_slice_max=3.856 | best_other_max=-3.656 | gap=7.512
2026-02-15 11:30:26,346 - INFO - [Group=Task1] winner_task_dist: W0=0.0% | W1=100.0%
2026-02-15 11:30:26,346 - INFO - [Group=Task1] slice_strength : S0=-3.66 | S1=3.86
2026-02-15 11:30:26,346 - INFO - ======================================
2026-02-15 11:30:26,346 - INFO - ========== Training Task 2: classes [4, 5] ==========
2026-02-15 11:30:47,318 - INFO - [Task 2 | ep 0 | step 0] loss=3.6181 c=3.6181 r=0.0000 | CI_T0=0.00% | CI_T1=28.38% | CI_T2=63.40%
2026-02-15 11:31:09,312 - INFO - [Task 2 | ep 0 | step 50] loss=0.2225 c=0.2225 r=0.0000 | CI_T0=0.00% | CI_T1=0.00% | CI_T2=92.12%
2026-02-15 11:31:35,499 - INFO - [Task 2 | ep 1 | step 100] loss=0.2102 c=0.2102 r=0.0000 | CI_T0=0.00% | CI_T1=0.00% | CI_T2=91.74%
2026-02-15 11:31:57,487 - INFO - [Task 2 | ep 1 | step 150] loss=0.1681 c=0.1681 r=0.0000 | CI_T0=0.00% | CI_T1=0.00% | CI_T2=93.08%
2026-02-15 11:32:23,680 - INFO - [Task 2 | ep 2 | step 200] loss=0.1560 c=0.1560 r=0.0000 | CI_T0=0.00% | CI_T1=0.00% | CI_T2=90.24%
2026-02-15 11:32:49,875 - INFO - [Task 2 | ep 3 | step 250] loss=0.0919 c=0.0919 r=0.0000 | CI_T0=0.00% | CI_T1=0.00% | CI_T2=92.95%
2026-02-15 11:33:11,867 - INFO - [Task 2 | ep 3 | step 300] loss=0.1343 c=0.1343 r=0.0000 | CI_T0=0.00% | CI_T1=0.00% | CI_T2=95.60%
2026-02-15 11:33:38,060 - INFO - [Task 2 | ep 4 | step 350] loss=0.1327 c=0.1327 r=0.0000 | CI_T0=0.00% | CI_T1=0.00% | CI_T2=93.48%
2026-02-15 11:34:04,243 - INFO - [Task 2 | ep 5 | step 400] loss=0.1340 c=0.1340 r=0.0000 | CI_T0=0.00% | CI_T1=0.00% | CI_T2=95.37%
2026-02-15 11:34:26,249 - INFO - [Task 2 | ep 5 | step 450] loss=0.1507 c=0.1507 r=0.0000 | CI_T0=0.00% | CI_T1=0.00% | CI_T2=93.16%
2026-02-15 11:34:52,582 - INFO - [Task 2 | ep 6 | step 500] loss=0.1100 c=0.1100 r=0.0000 | CI_T0=0.00% | CI_T1=0.00% | CI_T2=94.82%
2026-02-15 11:35:18,827 - INFO - [Task 2 | ep 7 | step 550] loss=0.0694 c=0.0694 r=0.0000 | CI_T0=0.00% | CI_T1=0.00% | CI_T2=94.34%
2026-02-15 11:35:40,980 - INFO - [Task 2 | ep 7 | step 600] loss=0.1470 c=0.1470 r=0.0000 | CI_T0=0.00% | CI_T1=0.00% | CI_T2=96.29%
2026-02-15 11:36:07,213 - INFO - [Task 2 | ep 8 | step 650] loss=0.1004 c=0.1004 r=0.0000 | CI_T0=0.00% | CI_T1=0.00% | CI_T2=96.71%
2026-02-15 11:36:29,390 - INFO - [Task 2 | ep 8 | step 700] loss=0.1093 c=0.1093 r=0.0000 | CI_T0=0.00% | CI_T1=0.00% | CI_T2=93.98%
2026-02-15 11:36:55,785 - INFO - [Task 2 | ep 9 | step 750] loss=0.1304 c=0.1304 r=0.0000 | CI_T0=0.00% | CI_T1=0.00% | CI_T2=95.74%
2026-02-15 11:37:21,979 - INFO - [Task 2 | ep 10 | step 800] loss=0.1491 c=0.1491 r=0.0000 | CI_T0=0.00% | CI_T1=0.00% | CI_T2=96.24%
2026-02-15 11:37:43,977 - INFO - [Task 2 | ep 10 | step 850] loss=0.1569 c=0.1569 r=0.0000 | CI_T0=0.00% | CI_T1=0.00% | CI_T2=94.62%
2026-02-15 11:38:10,163 - INFO - [Task 2 | ep 11 | step 900] loss=0.0793 c=0.0793 r=0.0000 | CI_T0=0.00% | CI_T1=0.00% | CI_T2=93.32%
2026-02-15 11:38:36,729 - INFO - [Task 2 | ep 12 | step 950] loss=0.0735 c=0.0735 r=0.0000 | CI_T0=0.00% | CI_T1=0.00% | CI_T2=95.97%
2026-02-15 11:38:58,993 - INFO - [Task 2 | ep 12 | step 1000] loss=0.0744 c=0.0744 r=0.0000 | CI_T0=0.00% | CI_T1=0.00% | CI_T2=96.64%
2026-02-15 11:39:25,349 - INFO - [Task 2 | ep 13 | step 1050] loss=0.1042 c=0.1042 r=0.0000 | CI_T0=0.00% | CI_T1=0.00% | CI_T2=93.61%
2026-02-15 11:39:51,729 - INFO - [Task 2 | ep 14 | step 1100] loss=0.0797 c=0.0797 r=0.0000 | CI_T0=0.00% | CI_T1=0.00% | CI_T2=96.88%
2026-02-15 11:40:13,930 - INFO - [Task 2 | ep 14 | step 1150] loss=0.1465 c=0.1465 r=0.0000 | CI_T0=0.00% | CI_T1=0.00% | CI_T2=89.52%
2026-02-15 11:40:40,323 - INFO - [Task 2 | ep 15 | step 1200] loss=0.0976 c=0.0976 r=0.0000 | CI_T0=0.00% | CI_T1=0.00% | CI_T2=95.41%
2026-02-15 11:41:06,668 - INFO - [Task 2 | ep 16 | step 1250] loss=0.0777 c=0.0777 r=0.0000 | CI_T0=0.00% | CI_T1=0.00% | CI_T2=93.67%
2026-02-15 11:41:28,908 - INFO - [Task 2 | ep 16 | step 1300] loss=0.1372 c=0.1372 r=0.0000 | CI_T0=0.00% | CI_T1=0.00% | CI_T2=97.11%
2026-02-15 11:41:55,256 - INFO - [Task 2 | ep 17 | step 1350] loss=0.1121 c=0.1121 r=0.0000 | CI_T0=0.00% | CI_T1=0.00% | CI_T2=93.76%
2026-02-15 11:42:17,453 - INFO - [Task 2 | ep 17 | step 1400] loss=0.0411 c=0.0411 r=0.0000 | CI_T0=0.00% | CI_T1=0.00% | CI_T2=96.91%
2026-02-15 11:42:43,841 - INFO - [Task 2 | ep 18 | step 1450] loss=0.0986 c=0.0986 r=0.0000 | CI_T0=0.00% | CI_T1=0.00% | CI_T2=93.41%
2026-02-15 11:43:10,255 - INFO - [Task 2 | ep 19 | step 1500] loss=0.0636 c=0.0636 r=0.0000 | CI_T0=0.00% | CI_T1=0.00% | CI_T2=96.63%
2026-02-15 11:43:32,468 - INFO - [Task 2 | ep 19 | step 1550] loss=0.0457 c=0.0457 r=0.0000 | CI_T0=0.00% | CI_T1=0.00% | CI_T2=95.19%
2026-02-15 11:43:58,856 - INFO - [Task 2 | ep 20 | step 1600] loss=0.0582 c=0.0582 r=0.0000 | CI_T0=0.00% | CI_T1=0.00% | CI_T2=96.46%
2026-02-15 11:44:25,045 - INFO - [Task 2 | ep 21 | step 1650] loss=0.0388 c=0.0388 r=0.0000 | CI_T0=0.00% | CI_T1=0.00% | CI_T2=97.06%
2026-02-15 11:44:47,245 - INFO - [Task 2 | ep 21 | step 1700] loss=0.0515 c=0.0515 r=0.0000 | CI_T0=0.00% | CI_T1=0.00% | CI_T2=95.57%
2026-02-15 11:45:13,581 - INFO - [Task 2 | ep 22 | step 1750] loss=0.1156 c=0.1156 r=0.0000 | CI_T0=0.00% | CI_T1=0.00% | CI_T2=97.23%
2026-02-15 11:45:39,988 - INFO - [Task 2 | ep 23 | step 1800] loss=0.0613 c=0.0613 r=0.0000 | CI_T0=0.00% | CI_T1=0.00% | CI_T2=95.31%
2026-02-15 11:46:02,360 - INFO - [Task 2 | ep 23 | step 1850] loss=0.1368 c=0.1368 r=0.0000 | CI_T0=0.00% | CI_T1=0.00% | CI_T2=97.49%
2026-02-15 11:46:28,995 - INFO - [Task 2 | ep 24 | step 1900] loss=0.0905 c=0.0905 r=0.0000 | CI_T0=0.00% | CI_T1=0.00% | CI_T2=95.48%
2026-02-15 11:46:55,595 - INFO - [Task 2 | ep 25 | step 1950] loss=0.0671 c=0.0671 r=0.0000 | CI_T0=0.00% | CI_T1=0.00% | CI_T2=96.12%
2026-02-15 11:47:17,596 - INFO - [Task 2 | ep 25 | step 2000] loss=0.0898 c=0.0898 r=0.0000 | CI_T0=0.00% | CI_T1=0.00% | CI_T2=93.46%
2026-02-15 11:47:43,773 - INFO - [Task 2 | ep 26 | step 2050] loss=0.1021 c=0.1021 r=0.0000 | CI_T0=0.00% | CI_T1=0.00% | CI_T2=93.02%
2026-02-15 11:48:05,772 - INFO - [Task 2 | ep 26 | step 2100] loss=0.0685 c=0.0685 r=0.0000 | CI_T0=0.00% | CI_T1=0.00% | CI_T2=93.83%
2026-02-15 11:48:32,164 - INFO - [Task 2 | ep 27 | step 2150] loss=0.1087 c=0.1087 r=0.0000 | CI_T0=0.00% | CI_T1=0.00% | CI_T2=95.71%
2026-02-15 11:48:58,557 - INFO - [Task 2 | ep 28 | step 2200] loss=0.1210 c=0.1210 r=0.0000 | CI_T0=0.00% | CI_T1=0.00% | CI_T2=97.11%
2026-02-15 11:49:20,546 - INFO - [Task 2 | ep 28 | step 2250] loss=0.0771 c=0.0771 r=0.0000 | CI_T0=0.00% | CI_T1=0.00% | CI_T2=95.97%
2026-02-15 11:49:46,728 - INFO - [Task 2 | ep 29 | step 2300] loss=0.0703 c=0.0703 r=0.0000 | CI_T0=0.00% | CI_T1=0.00% | CI_T2=96.52%
2026-02-15 11:50:13,119 - INFO - [Task 2 | ep 30 | step 2350] loss=0.0748 c=0.0748 r=0.0000 | CI_T0=0.00% | CI_T1=0.00% | CI_T2=96.18%
2026-02-15 11:50:35,324 - INFO - [Task 2 | ep 30 | step 2400] loss=0.1123 c=0.1123 r=0.0000 | CI_T0=0.00% | CI_T1=0.00% | CI_T2=96.16%
2026-02-15 11:51:01,518 - INFO - [Task 2 | ep 31 | step 2450] loss=0.1748 c=0.1748 r=0.0000 | CI_T0=0.00% | CI_T1=0.00% | CI_T2=91.74%
2026-02-15 11:51:27,709 - INFO - [Task 2 | ep 32 | step 2500] loss=0.1318 c=0.1318 r=0.0000 | CI_T0=0.00% | CI_T1=0.00% | CI_T2=95.56%
2026-02-15 11:51:49,700 - INFO - [Task 2 | ep 32 | step 2550] loss=0.1318 c=0.1318 r=0.0000 | CI_T0=0.00% | CI_T1=0.00% | CI_T2=97.48%
2026-02-15 11:52:16,095 - INFO - [Task 2 | ep 33 | step 2600] loss=0.0593 c=0.0593 r=0.0000 | CI_T0=0.00% | CI_T1=0.00% | CI_T2=94.26%
2026-02-15 11:52:38,286 - INFO - [Task 2 | ep 33 | step 2650] loss=0.0687 c=0.0687 r=0.0000 | CI_T0=0.00% | CI_T1=0.00% | CI_T2=97.32%
2026-02-15 11:53:04,479 - INFO - [Task 2 | ep 34 | step 2700] loss=0.1091 c=0.1091 r=0.0000 | CI_T0=0.00% | CI_T1=0.00% | CI_T2=89.38%
2026-02-15 11:53:30,867 - INFO - [Task 2 | ep 35 | step 2750] loss=0.1051 c=0.1051 r=0.0000 | CI_T0=0.00% | CI_T1=0.00% | CI_T2=96.41%
2026-02-15 11:53:52,857 - INFO - [Task 2 | ep 35 | step 2800] loss=0.1800 c=0.1800 r=0.0000 | CI_T0=0.00% | CI_T1=0.00% | CI_T2=96.09%
2026-02-15 11:54:19,252 - INFO - [Task 2 | ep 36 | step 2850] loss=0.1050 c=0.1050 r=0.0000 | CI_T0=0.00% | CI_T1=0.00% | CI_T2=94.89%
2026-02-15 11:54:45,442 - INFO - [Task 2 | ep 37 | step 2900] loss=0.0537 c=0.0537 r=0.0000 | CI_T0=0.00% | CI_T1=0.00% | CI_T2=96.55%
2026-02-15 11:55:07,439 - INFO - [Task 2 | ep 37 | step 2950] loss=0.0917 c=0.0917 r=0.0000 | CI_T0=0.00% | CI_T1=0.00% | CI_T2=96.86%
2026-02-15 11:55:33,629 - INFO - [Task 2 | ep 38 | step 3000] loss=0.1337 c=0.1337 r=0.0000 | CI_T0=0.00% | CI_T1=0.00% | CI_T2=94.26%
2026-02-15 11:55:59,822 - INFO - [Task 2 | ep 39 | step 3050] loss=0.0492 c=0.0492 r=0.0000 | CI_T0=0.00% | CI_T1=0.00% | CI_T2=94.65%
2026-02-15 11:56:22,013 - INFO - [Task 2 | ep 39 | step 3100] loss=0.0827 c=0.0827 r=0.0000 | CI_T0=0.00% | CI_T1=0.00% | CI_T2=95.14%
2026-02-15 11:56:48,200 - INFO - [Task 2 | ep 40 | step 3150] loss=0.0506 c=0.0506 r=0.0000 | CI_T0=0.00% | CI_T1=0.00% | CI_T2=97.93%
2026-02-15 11:57:14,545 - INFO - [Task 2 | ep 41 | step 3200] loss=0.0619 c=0.0619 r=0.0000 | CI_T0=0.00% | CI_T1=0.00% | CI_T2=94.91%
2026-02-15 11:57:36,593 - INFO - [Task 2 | ep 41 | step 3250] loss=0.1035 c=0.1035 r=0.0000 | CI_T0=0.00% | CI_T1=0.00% | CI_T2=98.05%
2026-02-15 11:58:02,969 - INFO - [Task 2 | ep 42 | step 3300] loss=0.0806 c=0.0806 r=0.0000 | CI_T0=0.00% | CI_T1=0.00% | CI_T2=97.31%
2026-02-15 11:58:25,130 - INFO - [Task 2 | ep 42 | step 3350] loss=0.0658 c=0.0658 r=0.0000 | CI_T0=0.00% | CI_T1=0.00% | CI_T2=96.20%
2026-02-15 11:58:51,360 - INFO - [Task 2 | ep 43 | step 3400] loss=0.0588 c=0.0588 r=0.0000 | CI_T0=0.00% | CI_T1=0.00% | CI_T2=96.58%
2026-02-15 11:59:17,725 - INFO - [Task 2 | ep 44 | step 3450] loss=0.0647 c=0.0647 r=0.0000 | CI_T0=0.00% | CI_T1=0.00% | CI_T2=94.75%
2026-02-15 11:59:39,752 - INFO - [Task 2 | ep 44 | step 3500] loss=0.0990 c=0.0990 r=0.0000 | CI_T0=0.00% | CI_T1=0.00% | CI_T2=96.13%
2026-02-15 12:00:06,092 - INFO - [Task 2 | ep 45 | step 3550] loss=0.0572 c=0.0572 r=0.0000 | CI_T0=0.00% | CI_T1=0.00% | CI_T2=95.73%
2026-02-15 12:00:32,484 - INFO - [Task 2 | ep 46 | step 3600] loss=0.0625 c=0.0625 r=0.0000 | CI_T0=0.00% | CI_T1=0.00% | CI_T2=94.97%
2026-02-15 12:00:54,526 - INFO - [Task 2 | ep 46 | step 3650] loss=0.0657 c=0.0657 r=0.0000 | CI_T0=0.00% | CI_T1=0.00% | CI_T2=97.47%
2026-02-15 12:01:20,719 - INFO - [Task 2 | ep 47 | step 3700] loss=0.0656 c=0.0656 r=0.0000 | CI_T0=0.00% | CI_T1=0.00% | CI_T2=96.31%
2026-02-15 12:01:46,906 - INFO - [Task 2 | ep 48 | step 3750] loss=0.1011 c=0.1011 r=0.0000 | CI_T0=0.00% | CI_T1=0.00% | CI_T2=95.19%
2026-02-15 12:02:08,903 - INFO - [Task 2 | ep 48 | step 3800] loss=0.1128 c=0.1128 r=0.0000 | CI_T0=0.00% | CI_T1=0.00% | CI_T2=97.30%
2026-02-15 12:02:35,482 - INFO - [Task 2 | ep 49 | step 3850] loss=0.0816 c=0.0816 r=0.0000 | CI_T0=0.00% | CI_T1=0.00% | CI_T2=96.70%
2026-02-15 12:03:01,885 - INFO - [Task 2 | ep 50 | step 3900] loss=0.1147 c=0.1147 r=0.0000 | CI_T0=0.00% | CI_T1=0.00% | CI_T2=89.97%
2026-02-15 12:03:24,071 - INFO - [Task 2 | ep 50 | step 3950] loss=0.1084 c=0.1084 r=0.0000 | CI_T0=0.00% | CI_T1=0.00% | CI_T2=92.99%
2026-02-15 12:03:50,265 - INFO - [Task 2 | ep 51 | step 4000] loss=0.0822 c=0.0822 r=0.0000 | CI_T0=0.00% | CI_T1=0.00% | CI_T2=96.93%
2026-02-15 12:04:12,263 - INFO - [Task 2 | ep 51 | step 4050] loss=0.0927 c=0.0927 r=0.0000 | CI_T0=0.00% | CI_T1=0.00% | CI_T2=97.67%
2026-02-15 12:04:38,453 - INFO - [Task 2 | ep 52 | step 4100] loss=0.0705 c=0.0705 r=0.0000 | CI_T0=0.00% | CI_T1=0.00% | CI_T2=96.24%
2026-02-15 12:05:04,647 - INFO - [Task 2 | ep 53 | step 4150] loss=0.0799 c=0.0799 r=0.0000 | CI_T0=0.00% | CI_T1=0.00% | CI_T2=94.00%
2026-02-15 12:05:26,827 - INFO - [Task 2 | ep 53 | step 4200] loss=0.0621 c=0.0621 r=0.0000 | CI_T0=0.00% | CI_T1=0.00% | CI_T2=97.96%
2026-02-15 12:05:53,418 - INFO - [Task 2 | ep 54 | step 4250] loss=0.0776 c=0.0776 r=0.0000 | CI_T0=0.00% | CI_T1=0.00% | CI_T2=97.29%
2026-02-15 12:06:19,618 - INFO - [Task 2 | ep 55 | step 4300] loss=0.0829 c=0.0829 r=0.0000 | CI_T0=0.00% | CI_T1=0.00% | CI_T2=97.65%
2026-02-15 12:06:41,625 - INFO - [Task 2 | ep 55 | step 4350] loss=0.0822 c=0.0822 r=0.0000 | CI_T0=0.00% | CI_T1=0.00% | CI_T2=96.55%
2026-02-15 12:07:07,808 - INFO - [Task 2 | ep 56 | step 4400] loss=0.0575 c=0.0575 r=0.0000 | CI_T0=0.00% | CI_T1=0.00% | CI_T2=97.56%
2026-02-15 12:07:34,000 - INFO - [Task 2 | ep 57 | step 4450] loss=0.1206 c=0.1206 r=0.0000 | CI_T0=0.00% | CI_T1=0.00% | CI_T2=96.73%
2026-02-15 12:07:56,380 - INFO - [Task 2 | ep 57 | step 4500] loss=0.0818 c=0.0818 r=0.0000 | CI_T0=0.00% | CI_T1=0.00% | CI_T2=94.97%
2026-02-15 12:08:22,584 - INFO - [Task 2 | ep 58 | step 4550] loss=0.0925 c=0.0925 r=0.0000 | CI_T0=0.00% | CI_T1=0.00% | CI_T2=94.06%
2026-02-15 12:08:44,914 - INFO - [Task 2 | ep 58 | step 4600] loss=0.1379 c=0.1379 r=0.0000 | CI_T0=0.00% | CI_T1=0.00% | CI_T2=94.93%
2026-02-15 12:09:10,969 - INFO - [Task 2 | ep 59 | step 4650] loss=0.0759 c=0.0759 r=0.0000 | CI_T0=0.00% | CI_T1=0.00% | CI_T2=97.26%
2026-02-15 12:09:37,157 - INFO - [Task 2 | ep 60 | step 4700] loss=0.0187 c=0.0187 r=0.0000 | CI_T0=0.00% | CI_T1=0.00% | CI_T2=94.35%
2026-02-15 12:09:59,161 - INFO - [Task 2 | ep 60 | step 4750] loss=0.0822 c=0.0822 r=0.0000 | CI_T0=0.00% | CI_T1=0.00% | CI_T2=97.14%
2026-02-15 12:10:25,574 - INFO - [Task 2 | ep 61 | step 4800] loss=0.0881 c=0.0881 r=0.0000 | CI_T0=0.00% | CI_T1=0.00% | CI_T2=96.67%
2026-02-15 12:10:51,733 - INFO - [Task 2 | ep 62 | step 4850] loss=0.0652 c=0.0652 r=0.0000 | CI_T0=0.00% | CI_T1=0.00% | CI_T2=95.37%
2026-02-15 12:11:13,919 - INFO - [Task 2 | ep 62 | step 4900] loss=0.1030 c=0.1030 r=0.0000 | CI_T0=0.00% | CI_T1=0.00% | CI_T2=97.46%
2026-02-15 12:11:40,263 - INFO - [Task 2 | ep 63 | step 4950] loss=0.0748 c=0.0748 r=0.0000 | CI_T0=0.00% | CI_T1=0.00% | CI_T2=94.88%
2026-02-15 12:12:06,507 - INFO - [Task 2 | ep 64 | step 5000] loss=0.1036 c=0.1036 r=0.0000 | CI_T0=0.00% | CI_T1=0.00% | CI_T2=95.67%
2026-02-15 12:12:28,497 - INFO - [Task 2 | ep 64 | step 5050] loss=0.0495 c=0.0495 r=0.0000 | CI_T0=0.00% | CI_T1=0.00% | CI_T2=97.98%
2026-02-15 12:12:54,883 - INFO - [Task 2 | ep 65 | step 5100] loss=0.0490 c=0.0490 r=0.0000 | CI_T0=0.00% | CI_T1=0.00% | CI_T2=96.56%
2026-02-15 12:13:21,082 - INFO - [Task 2 | ep 66 | step 5150] loss=0.0698 c=0.0698 r=0.0000 | CI_T0=0.00% | CI_T1=0.00% | CI_T2=94.96%
2026-02-15 12:13:43,240 - INFO - [Task 2 | ep 66 | step 5200] loss=0.0474 c=0.0474 r=0.0000 | CI_T0=0.00% | CI_T1=0.00% | CI_T2=90.26%
2026-02-15 12:14:09,481 - INFO - [Task 2 | ep 67 | step 5250] loss=0.0736 c=0.0736 r=0.0000 | CI_T0=0.00% | CI_T1=0.00% | CI_T2=97.47%
2026-02-15 12:14:31,463 - INFO - [Task 2 | ep 67 | step 5300] loss=0.0887 c=0.0887 r=0.0000 | CI_T0=0.01% | CI_T1=0.00% | CI_T2=96.98%
2026-02-15 12:14:57,642 - INFO - [Task 2 | ep 68 | step 5350] loss=0.0593 c=0.0593 r=0.0000 | CI_T0=0.00% | CI_T1=0.00% | CI_T2=96.32%
2026-02-15 12:15:23,846 - INFO - [Task 2 | ep 69 | step 5400] loss=0.0205 c=0.0205 r=0.0000 | CI_T0=0.00% | CI_T1=0.00% | CI_T2=96.92%
2026-02-15 12:15:45,844 - INFO - [Task 2 | ep 69 | step 5450] loss=0.0740 c=0.0740 r=0.0000 | CI_T0=0.00% | CI_T1=0.00% | CI_T2=96.98%
2026-02-15 12:16:12,028 - INFO - [Task 2 | ep 70 | step 5500] loss=0.0573 c=0.0573 r=0.0000 | CI_T0=0.00% | CI_T1=0.00% | CI_T2=98.38%
2026-02-15 12:16:38,222 - INFO - [Task 2 | ep 71 | step 5550] loss=0.0879 c=0.0879 r=0.0000 | CI_T0=0.00% | CI_T1=0.00% | CI_T2=98.06%
2026-02-15 12:17:00,418 - INFO - [Task 2 | ep 71 | step 5600] loss=0.0548 c=0.0548 r=0.0000 | CI_T0=0.00% | CI_T1=0.00% | CI_T2=97.28%
2026-02-15 12:17:26,753 - INFO - [Task 2 | ep 72 | step 5650] loss=0.0371 c=0.0371 r=0.0000 | CI_T0=0.00% | CI_T1=0.00% | CI_T2=96.85%
2026-02-15 12:17:53,199 - INFO - [Task 2 | ep 73 | step 5700] loss=0.0533 c=0.0533 r=0.0000 | CI_T0=0.00% | CI_T1=0.00% | CI_T2=95.28%
2026-02-15 12:18:15,386 - INFO - [Task 2 | ep 73 | step 5750] loss=0.0601 c=0.0601 r=0.0000 | CI_T0=0.00% | CI_T1=0.00% | CI_T2=97.06%
2026-02-15 12:18:41,580 - INFO - [Task 2 | ep 74 | step 5800] loss=0.0622 c=0.0622 r=0.0000 | CI_T0=0.00% | CI_T1=0.00% | CI_T2=97.48%
2026-02-15 12:19:07,769 - INFO - [Task 2 | ep 75 | step 5850] loss=0.0406 c=0.0406 r=0.0000 | CI_T0=0.00% | CI_T1=0.00% | CI_T2=96.43%
2026-02-15 12:19:29,764 - INFO - [Task 2 | ep 75 | step 5900] loss=0.0354 c=0.0354 r=0.0000 | CI_T0=0.00% | CI_T1=0.00% | CI_T2=97.83%
2026-02-15 12:19:55,951 - INFO - [Task 2 | ep 76 | step 5950] loss=0.0900 c=0.0900 r=0.0000 | CI_T0=0.00% | CI_T1=0.00% | CI_T2=96.03%
2026-02-15 12:20:17,948 - INFO - [Task 2 | ep 76 | step 6000] loss=0.0636 c=0.0636 r=0.0000 | CI_T0=0.00% | CI_T1=0.00% | CI_T2=97.75%
2026-02-15 12:20:44,136 - INFO - [Task 2 | ep 77 | step 6050] loss=0.0822 c=0.0822 r=0.0000 | CI_T0=0.00% | CI_T1=0.00% | CI_T2=96.38%
2026-02-15 12:21:10,331 - INFO - [Task 2 | ep 78 | step 6100] loss=0.0861 c=0.0861 r=0.0000 | CI_T0=0.00% | CI_T1=0.00% | CI_T2=96.29%
2026-02-15 12:21:32,323 - INFO - [Task 2 | ep 78 | step 6150] loss=0.0713 c=0.0713 r=0.0000 | CI_T0=0.00% | CI_T1=0.00% | CI_T2=94.08%
2026-02-15 12:21:58,509 - INFO - [Task 2 | ep 79 | step 6200] loss=0.0683 c=0.0683 r=0.0000 | CI_T0=0.00% | CI_T1=0.00% | CI_T2=92.53%
2026-02-15 12:22:24,715 - INFO - [Task 2 | ep 80 | step 6250] loss=0.0656 c=0.0656 r=0.0000 | CI_T0=0.00% | CI_T1=0.00% | CI_T2=97.79%
2026-02-15 12:22:46,707 - INFO - [Task 2 | ep 80 | step 6300] loss=0.0863 c=0.0863 r=0.0000 | CI_T0=0.00% | CI_T1=0.00% | CI_T2=97.20%
2026-02-15 12:23:12,896 - INFO - [Task 2 | ep 81 | step 6350] loss=0.0814 c=0.0814 r=0.0000 | CI_T0=0.00% | CI_T1=0.00% | CI_T2=95.75%
2026-02-15 12:23:39,438 - INFO - [Task 2 | ep 82 | step 6400] loss=0.1037 c=0.1037 r=0.0000 | CI_T0=0.00% | CI_T1=0.00% | CI_T2=92.22%
2026-02-15 12:24:01,679 - INFO - [Task 2 | ep 82 | step 6450] loss=0.0904 c=0.0904 r=0.0000 | CI_T0=0.00% | CI_T1=0.00% | CI_T2=94.61%
2026-02-15 12:24:28,072 - INFO - [Task 2 | ep 83 | step 6500] loss=0.0930 c=0.0930 r=0.0000 | CI_T0=0.00% | CI_T1=0.00% | CI_T2=97.03%
2026-02-15 12:24:50,259 - INFO - [Task 2 | ep 83 | step 6550] loss=0.0391 c=0.0391 r=0.0000 | CI_T0=0.00% | CI_T1=0.00% | CI_T2=95.29%
2026-02-15 12:25:16,466 - INFO - [Task 2 | ep 84 | step 6600] loss=0.0715 c=0.0715 r=0.0000 | CI_T0=0.00% | CI_T1=0.00% | CI_T2=97.56%
2026-02-15 12:25:42,838 - INFO - [Task 2 | ep 85 | step 6650] loss=0.0966 c=0.0966 r=0.0000 | CI_T0=0.00% | CI_T1=0.00% | CI_T2=92.65%
2026-02-15 12:26:04,838 - INFO - [Task 2 | ep 85 | step 6700] loss=0.0995 c=0.0995 r=0.0000 | CI_T0=0.00% | CI_T1=0.00% | CI_T2=97.91%
2026-02-15 12:26:31,033 - INFO - [Task 2 | ep 86 | step 6750] loss=0.0482 c=0.0482 r=0.0000 | CI_T0=0.00% | CI_T1=0.00% | CI_T2=97.66%
2026-02-15 12:26:57,405 - INFO - [Task 2 | ep 87 | step 6800] loss=0.0703 c=0.0703 r=0.0000 | CI_T0=0.00% | CI_T1=0.00% | CI_T2=96.75%
2026-02-15 12:27:19,606 - INFO - [Task 2 | ep 87 | step 6850] loss=0.0779 c=0.0779 r=0.0000 | CI_T0=0.00% | CI_T1=0.00% | CI_T2=96.74%
2026-02-15 12:27:45,948 - INFO - [Task 2 | ep 88 | step 6900] loss=0.0836 c=0.0836 r=0.0000 | CI_T0=0.00% | CI_T1=0.00% | CI_T2=95.93%
2026-02-15 12:28:12,195 - INFO - [Task 2 | ep 89 | step 6950] loss=0.1147 c=0.1147 r=0.0000 | CI_T0=0.00% | CI_T1=0.00% | CI_T2=96.24%
2026-02-15 12:28:34,388 - INFO - [Task 2 | ep 89 | step 7000] loss=0.0806 c=0.0806 r=0.0000 | CI_T0=0.00% | CI_T1=0.00% | CI_T2=93.19%
2026-02-15 12:29:00,580 - INFO - [Task 2 | ep 90 | step 7050] loss=0.0500 c=0.0500 r=0.0000 | CI_T0=0.00% | CI_T1=0.00% | CI_T2=97.31%
2026-02-15 12:29:26,774 - INFO - [Task 2 | ep 91 | step 7100] loss=0.0588 c=0.0588 r=0.0000 | CI_T0=0.00% | CI_T1=0.00% | CI_T2=97.26%
2026-02-15 12:29:48,968 - INFO - [Task 2 | ep 91 | step 7150] loss=0.1281 c=0.1281 r=0.0000 | CI_T0=0.00% | CI_T1=0.00% | CI_T2=97.99%
2026-02-15 12:30:15,158 - INFO - [Task 2 | ep 92 | step 7200] loss=0.0841 c=0.0841 r=0.0000 | CI_T0=0.00% | CI_T1=0.00% | CI_T2=97.92%
2026-02-15 12:30:37,541 - INFO - [Task 2 | ep 92 | step 7250] loss=0.1404 c=0.1404 r=0.0000 | CI_T0=0.00% | CI_T1=0.00% | CI_T2=97.55%
2026-02-15 12:31:03,742 - INFO - [Task 2 | ep 93 | step 7300] loss=0.0351 c=0.0351 r=0.0000 | CI_T0=0.00% | CI_T1=0.00% | CI_T2=97.30%
2026-02-15 12:31:30,122 - INFO - [Task 2 | ep 94 | step 7350] loss=0.0886 c=0.0886 r=0.0000 | CI_T0=0.00% | CI_T1=0.00% | CI_T2=96.76%
2026-02-15 12:31:52,286 - INFO - [Task 2 | ep 94 | step 7400] loss=0.0945 c=0.0945 r=0.0000 | CI_T0=0.00% | CI_T1=0.00% | CI_T2=88.43%
2026-02-15 12:32:18,703 - INFO - [Task 2 | ep 95 | step 7450] loss=0.0384 c=0.0384 r=0.0000 | CI_T0=0.00% | CI_T1=0.00% | CI_T2=97.91%
2026-02-15 12:32:45,101 - INFO - [Task 2 | ep 96 | step 7500] loss=0.0544 c=0.0544 r=0.0000 | CI_T0=0.00% | CI_T1=0.00% | CI_T2=96.32%
2026-02-15 12:33:07,454 - INFO - [Task 2 | ep 96 | step 7550] loss=0.1156 c=0.1156 r=0.0000 | CI_T0=0.00% | CI_T1=0.00% | CI_T2=95.29%
2026-02-15 12:33:33,866 - INFO - [Task 2 | ep 97 | step 7600] loss=0.0873 c=0.0873 r=0.0000 | CI_T0=0.00% | CI_T1=0.00% | CI_T2=96.43%
2026-02-15 12:34:00,091 - INFO - [Task 2 | ep 98 | step 7650] loss=0.0810 c=0.0810 r=0.0000 | CI_T0=0.00% | CI_T1=0.00% | CI_T2=97.49%
2026-02-15 12:34:22,285 - INFO - [Task 2 | ep 98 | step 7700] loss=0.0822 c=0.0822 r=0.0000 | CI_T0=0.00% | CI_T1=0.00% | CI_T2=96.43%
2026-02-15 12:34:48,619 - INFO - [Task 2 | ep 99 | step 7750] loss=0.1010 c=0.1010 r=0.0000 | CI_T0=0.00% | CI_T1=0.00% | CI_T2=96.75%
2026-02-15 12:35:19,582 - INFO - [After Task 2] Task-IL : T0=49.25% | T1=43.60% | T2=94.40% | Avg=62.42%
2026-02-15 12:35:19,582 - INFO - [After Task 2] Class-IL: T0=0.00% | T1=0.00% | T2=94.40% | Avg=31.47%
2026-02-15 12:35:19,582 - INFO - ========== GROUP DIFFERENCES ==========
2026-02-15 12:35:19,582 - INFO - Seen tasks: 0..2 | valid_out_dim=6
2026-02-15 12:35:23,833 - INFO - [Group=Task0] CI_acc=0.00% | corr_slice_max=-6.824 | best_other_max=7.295 | gap=-14.119
2026-02-15 12:35:23,833 - INFO - [Group=Task0] winner_task_dist: W0=0.0% | W1=0.0% | W2=100.0%
2026-02-15 12:35:23,833 - INFO - [Group=Task0] slice_strength : S0=-6.82 | S1=-6.78 | S2=7.30
2026-02-15 12:35:28,039 - INFO - [Group=Task1] CI_acc=0.00% | corr_slice_max=-6.851 | best_other_max=7.485 | gap=-14.336
2026-02-15 12:35:28,039 - INFO - [Group=Task1] winner_task_dist: W0=0.0% | W1=0.0% | W2=100.0%
2026-02-15 12:35:28,039 - INFO - [Group=Task1] slice_strength : S0=-6.89 | S1=-6.85 | S2=7.49
2026-02-15 12:35:32,239 - INFO - [Group=Task2] CI_acc=94.40% | corr_slice_max=7.373 | best_other_max=-6.489 | gap=13.862
2026-02-15 12:35:32,239 - INFO - [Group=Task2] winner_task_dist: W0=0.0% | W1=0.0% | W2=100.0%
2026-02-15 12:35:32,239 - INFO - [Group=Task2] slice_strength : S0=-6.58 | S1=-6.49 | S2=7.37
2026-02-15 12:35:32,239 - INFO - ======================================
2026-02-15 12:35:32,239 - INFO - ========== Training Task 3: classes [6, 7] ==========
2026-02-15 12:35:59,012 - INFO - [Task 3 | ep 0 | step 0] loss=8.0841 c=8.0841 r=0.0000 | CI_T0=0.00% | CI_T1=0.00% | CI_T2=40.32% | CI_T3=42.25%
2026-02-15 12:36:27,647 - INFO - [Task 3 | ep 0 | step 50] loss=0.6681 c=0.6681 r=0.0000 | CI_T0=0.00% | CI_T1=0.00% | CI_T2=0.00% | CI_T3=93.97%
2026-02-15 12:37:00,233 - INFO - [Task 3 | ep 1 | step 100] loss=0.5610 c=0.5610 r=0.0000 | CI_T0=0.00% | CI_T1=0.00% | CI_T2=0.00% | CI_T3=95.97%
2026-02-15 12:37:29,019 - INFO - [Task 3 | ep 1 | step 150] loss=0.4840 c=0.4840 r=0.0000 | CI_T0=0.00% | CI_T1=0.00% | CI_T2=0.00% | CI_T3=97.67%
2026-02-15 12:38:01,971 - INFO - [Task 3 | ep 2 | step 200] loss=0.4613 c=0.4613 r=0.0000 | CI_T0=0.00% | CI_T1=0.00% | CI_T2=0.00% | CI_T3=97.50%
2026-02-15 12:38:34,996 - INFO - [Task 3 | ep 3 | step 250] loss=0.4082 c=0.4082 r=0.0000 | CI_T0=0.00% | CI_T1=0.00% | CI_T2=0.00% | CI_T3=95.95%
2026-02-15 12:39:03,584 - INFO - [Task 3 | ep 3 | step 300] loss=0.3965 c=0.3965 r=0.0000 | CI_T0=0.00% | CI_T1=0.00% | CI_T2=0.00% | CI_T3=97.74%
2026-02-15 12:39:36,374 - INFO - [Task 3 | ep 4 | step 350] loss=0.3579 c=0.3579 r=0.0000 | CI_T0=0.00% | CI_T1=0.00% | CI_T2=0.00% | CI_T3=96.90%
2026-02-15 12:40:09,170 - INFO - [Task 3 | ep 5 | step 400] loss=0.3420 c=0.3420 r=0.0000 | CI_T0=0.00% | CI_T1=0.00% | CI_T2=0.00% | CI_T3=98.00%
2026-02-15 12:40:37,962 - INFO - [Task 3 | ep 5 | step 450] loss=0.3406 c=0.3406 r=0.0000 | CI_T0=0.00% | CI_T1=0.00% | CI_T2=0.00% | CI_T3=94.22%
2026-02-15 12:41:10,947 - INFO - [Task 3 | ep 6 | step 500] loss=0.3265 c=0.3265 r=0.0000 | CI_T0=0.00% | CI_T1=0.00% | CI_T2=0.00% | CI_T3=98.07%
2026-02-15 12:41:43,734 - INFO - [Task 3 | ep 7 | step 550] loss=0.3104 c=0.3104 r=0.0000 | CI_T0=0.00% | CI_T1=0.00% | CI_T2=0.00% | CI_T3=97.16%
2026-02-15 12:42:12,323 - INFO - [Task 3 | ep 7 | step 600] loss=0.2942 c=0.2942 r=0.0000 | CI_T0=0.00% | CI_T1=0.00% | CI_T2=0.00% | CI_T3=97.49%
2026-02-15 12:42:45,117 - INFO - [Task 3 | ep 8 | step 650] loss=0.3084 c=0.3084 r=0.0000 | CI_T0=0.00% | CI_T1=0.00% | CI_T2=0.00% | CI_T3=97.51%
2026-02-15 12:43:13,857 - INFO - [Task 3 | ep 8 | step 700] loss=0.2703 c=0.2703 r=0.0000 | CI_T0=0.00% | CI_T1=0.00% | CI_T2=0.00% | CI_T3=98.05%
2026-02-15 12:43:46,492 - INFO - [Task 3 | ep 9 | step 750] loss=0.2715 c=0.2715 r=0.0000 | CI_T0=0.00% | CI_T1=0.00% | CI_T2=0.01% | CI_T3=97.92%
2026-02-15 12:44:19,085 - INFO - [Task 3 | ep 10 | step 800] loss=0.2594 c=0.2594 r=0.0000 | CI_T0=0.00% | CI_T1=0.00% | CI_T2=0.00% | CI_T3=95.75%
2026-02-15 12:44:47,680 - INFO - [Task 3 | ep 10 | step 850] loss=0.2702 c=0.2702 r=0.0000 | CI_T0=0.00% | CI_T1=0.00% | CI_T2=0.00% | CI_T3=94.79%
2026-02-15 12:45:20,640 - INFO - [Task 3 | ep 11 | step 900] loss=0.2723 c=0.2723 r=0.0000 | CI_T0=0.00% | CI_T1=0.00% | CI_T2=0.00% | CI_T3=94.81%
2026-02-15 12:45:53,257 - INFO - [Task 3 | ep 12 | step 950] loss=0.2423 c=0.2423 r=0.0000 | CI_T0=0.00% | CI_T1=0.00% | CI_T2=0.00% | CI_T3=98.34%
2026-02-15 12:46:22,033 - INFO - [Task 3 | ep 12 | step 1000] loss=0.2814 c=0.2814 r=0.0000 | CI_T0=0.00% | CI_T1=0.00% | CI_T2=0.00% | CI_T3=94.82%
2026-02-15 12:46:55,014 - INFO - [Task 3 | ep 13 | step 1050] loss=0.2476 c=0.2476 r=0.0000 | CI_T0=0.00% | CI_T1=0.00% | CI_T2=0.00% | CI_T3=97.75%
2026-02-15 12:47:28,016 - INFO - [Task 3 | ep 14 | step 1100] loss=0.2537 c=0.2537 r=0.0000 | CI_T0=0.00% | CI_T1=0.00% | CI_T2=0.00% | CI_T3=96.96%
2026-02-15 12:47:57,215 - INFO - [Task 3 | ep 14 | step 1150] loss=0.2520 c=0.2520 r=0.0000 | CI_T0=0.00% | CI_T1=0.00% | CI_T2=0.00% | CI_T3=96.21%
2026-02-15 12:48:30,209 - INFO - [Task 3 | ep 15 | step 1200] loss=0.2483 c=0.2483 r=0.0000 | CI_T0=0.00% | CI_T1=0.00% | CI_T2=0.00% | CI_T3=93.33%
2026-02-15 12:49:03,205 - INFO - [Task 3 | ep 16 | step 1250] loss=0.2219 c=0.2219 r=0.0000 | CI_T0=0.00% | CI_T1=0.00% | CI_T2=0.00% | CI_T3=96.90%
2026-02-15 12:49:31,982 - INFO - [Task 3 | ep 16 | step 1300] loss=0.2204 c=0.2204 r=0.0000 | CI_T0=0.00% | CI_T1=0.00% | CI_T2=0.00% | CI_T3=93.09%
2026-02-15 12:50:04,976 - INFO - [Task 3 | ep 17 | step 1350] loss=0.2414 c=0.2414 r=0.0000 | CI_T0=0.00% | CI_T1=0.00% | CI_T2=0.00% | CI_T3=95.22%
2026-02-15 12:50:33,959 - INFO - [Task 3 | ep 17 | step 1400] loss=0.2467 c=0.2467 r=0.0000 | CI_T0=0.00% | CI_T1=0.00% | CI_T2=0.00% | CI_T3=94.77%
2026-02-15 12:51:06,929 - INFO - [Task 3 | ep 18 | step 1450] loss=0.2189 c=0.2189 r=0.0000 | CI_T0=0.00% | CI_T1=0.00% | CI_T2=0.00% | CI_T3=98.22%
2026-02-15 12:51:39,551 - INFO - [Task 3 | ep 19 | step 1500] loss=0.2430 c=0.2430 r=0.0000 | CI_T0=0.00% | CI_T1=0.00% | CI_T2=0.00% | CI_T3=96.70%
2026-02-15 12:52:08,141 - INFO - [Task 3 | ep 19 | step 1550] loss=0.2050 c=0.2050 r=0.0000 | CI_T0=0.00% | CI_T1=0.00% | CI_T2=0.00% | CI_T3=95.90%
2026-02-15 12:52:40,926 - INFO - [Task 3 | ep 20 | step 1600] loss=0.2286 c=0.2286 r=0.0000 | CI_T0=0.00% | CI_T1=0.00% | CI_T2=0.01% | CI_T3=98.47%
2026-02-15 12:53:13,510 - INFO - [Task 3 | ep 21 | step 1650] loss=0.2281 c=0.2281 r=0.0000 | CI_T0=0.00% | CI_T1=0.00% | CI_T2=0.00% | CI_T3=96.59%
2026-02-15 12:53:42,306 - INFO - [Task 3 | ep 21 | step 1700] loss=0.2166 c=0.2166 r=0.0000 | CI_T0=0.00% | CI_T1=0.00% | CI_T2=0.00% | CI_T3=97.46%
2026-02-15 12:54:15,281 - INFO - [Task 3 | ep 22 | step 1750] loss=0.2075 c=0.2075 r=0.0000 | CI_T0=0.00% | CI_T1=0.00% | CI_T2=0.00% | CI_T3=97.93%
2026-02-15 12:54:47,881 - INFO - [Task 3 | ep 23 | step 1800] loss=0.2004 c=0.2004 r=0.0000 | CI_T0=0.00% | CI_T1=0.00% | CI_T2=0.00% | CI_T3=98.66%
2026-02-15 12:55:16,633 - INFO - [Task 3 | ep 23 | step 1850] loss=0.2124 c=0.2124 r=0.0000 | CI_T0=0.00% | CI_T1=0.00% | CI_T2=0.00% | CI_T3=91.43%
2026-02-15 12:55:49,264 - INFO - [Task 3 | ep 24 | step 1900] loss=0.2116 c=0.2116 r=0.0000 | CI_T0=0.00% | CI_T1=0.00% | CI_T2=0.00% | CI_T3=98.79%
2026-02-15 12:56:22,057 - INFO - [Task 3 | ep 25 | step 1950] loss=0.2345 c=0.2345 r=0.0000 | CI_T0=0.00% | CI_T1=0.00% | CI_T2=0.00% | CI_T3=93.56%
2026-02-15 12:56:50,649 - INFO - [Task 3 | ep 25 | step 2000] loss=0.2026 c=0.2026 r=0.0000 | CI_T0=0.00% | CI_T1=0.00% | CI_T2=0.00% | CI_T3=97.58%
2026-02-15 12:57:23,251 - INFO - [Task 3 | ep 26 | step 2050] loss=0.2200 c=0.2200 r=0.0000 | CI_T0=0.00% | CI_T1=0.00% | CI_T2=0.00% | CI_T3=93.63%
2026-02-15 12:57:55,599 - INFO - [Task 3 | ep 26 | step 2100] loss=0.2076 c=0.2076 r=0.0000 | CI_T0=0.00% | CI_T1=0.00% | CI_T2=0.00% | CI_T3=97.40%
2026-02-15 12:58:28,808 - INFO - [Task 3 | ep 27 | step 2150] loss=0.2120 c=0.2120 r=0.0000 | CI_T0=0.00% | CI_T1=0.00% | CI_T2=0.00% | CI_T3=96.52%
2026-02-15 12:59:01,606 - INFO - [Task 3 | ep 28 | step 2200] loss=0.2286 c=0.2286 r=0.0000 | CI_T0=0.00% | CI_T1=0.00% | CI_T2=0.00% | CI_T3=97.21%
2026-02-15 12:59:30,199 - INFO - [Task 3 | ep 28 | step 2250] loss=0.2223 c=0.2223 r=0.0000 | CI_T0=0.00% | CI_T1=0.00% | CI_T2=0.00% | CI_T3=95.78%
2026-02-15 13:00:02,988 - INFO - [Task 3 | ep 29 | step 2300] loss=0.2099 c=0.2099 r=0.0000 | CI_T0=0.00% | CI_T1=0.00% | CI_T2=0.00% | CI_T3=92.75%
2026-02-15 13:00:35,968 - INFO - [Task 3 | ep 30 | step 2350] loss=0.1920 c=0.1920 r=0.0000 | CI_T0=0.00% | CI_T1=0.00% | CI_T2=0.00% | CI_T3=96.43%
2026-02-15 13:01:04,926 - INFO - [Task 3 | ep 30 | step 2400] loss=0.2133 c=0.2133 r=0.0000 | CI_T0=0.00% | CI_T1=0.00% | CI_T2=0.00% | CI_T3=96.28%
2026-02-15 13:01:37,760 - INFO - [Task 3 | ep 31 | step 2450] loss=0.2198 c=0.2198 r=0.0000 | CI_T0=0.00% | CI_T1=0.00% | CI_T2=0.00% | CI_T3=98.53%
2026-02-15 13:02:10,342 - INFO - [Task 3 | ep 32 | step 2500] loss=0.2131 c=0.2131 r=0.0000 | CI_T0=0.00% | CI_T1=0.00% | CI_T2=0.00% | CI_T3=93.14%
2026-02-15 13:02:38,931 - INFO - [Task 3 | ep 32 | step 2550] loss=0.2086 c=0.2086 r=0.0000 | CI_T0=0.00% | CI_T1=0.00% | CI_T2=0.00% | CI_T3=97.98%
2026-02-15 13:03:11,730 - INFO - [Task 3 | ep 33 | step 2600] loss=0.3066 c=0.3066 r=0.0000 | CI_T0=0.00% | CI_T1=0.00% | CI_T2=0.00% | CI_T3=96.46%
2026-02-15 13:03:40,516 - INFO - [Task 3 | ep 33 | step 2650] loss=0.1825 c=0.1825 r=0.0000 | CI_T0=0.00% | CI_T1=0.00% | CI_T2=0.00% | CI_T3=98.49%
2026-02-15 13:04:13,296 - INFO - [Task 3 | ep 34 | step 2700] loss=0.1824 c=0.1824 r=0.0000 | CI_T0=0.00% | CI_T1=0.00% | CI_T2=0.00% | CI_T3=97.08%
2026-02-15 13:04:46,093 - INFO - [Task 3 | ep 35 | step 2750] loss=0.2374 c=0.2374 r=0.0000 | CI_T0=0.00% | CI_T1=0.00% | CI_T2=0.00% | CI_T3=98.47%
2026-02-15 13:05:14,689 - INFO - [Task 3 | ep 35 | step 2800] loss=0.2035 c=0.2035 r=0.0000 | CI_T0=0.00% | CI_T1=0.00% | CI_T2=0.00% | CI_T3=98.65%
2026-02-15 13:05:47,272 - INFO - [Task 3 | ep 36 | step 2850] loss=0.2055 c=0.2055 r=0.0000 | CI_T0=0.00% | CI_T1=0.00% | CI_T2=0.00% | CI_T3=98.27%
2026-02-15 13:06:20,071 - INFO - [Task 3 | ep 37 | step 2900] loss=0.2111 c=0.2111 r=0.0000 | CI_T0=0.00% | CI_T1=0.00% | CI_T2=0.00% | CI_T3=98.20%
2026-02-15 13:06:48,654 - INFO - [Task 3 | ep 37 | step 2950] loss=0.2126 c=0.2126 r=0.0000 | CI_T0=0.00% | CI_T1=0.00% | CI_T2=0.00% | CI_T3=94.16%
2026-02-15 13:07:21,448 - INFO - [Task 3 | ep 38 | step 3000] loss=0.2107 c=0.2107 r=0.0000 | CI_T0=0.00% | CI_T1=0.00% | CI_T2=0.00% | CI_T3=98.66%
2026-02-15 13:07:54,300 - INFO - [Task 3 | ep 39 | step 3050] loss=0.1999 c=0.1999 r=0.0000 | CI_T0=0.00% | CI_T1=0.00% | CI_T2=0.00% | CI_T3=98.29%
2026-02-15 13:08:23,177 - INFO - [Task 3 | ep 39 | step 3100] loss=0.2124 c=0.2124 r=0.0000 | CI_T0=0.00% | CI_T1=0.00% | CI_T2=0.00% | CI_T3=98.01%
2026-02-15 13:08:56,174 - INFO - [Task 3 | ep 40 | step 3150] loss=0.1956 c=0.1956 r=0.0000 | CI_T0=0.00% | CI_T1=0.00% | CI_T2=0.00% | CI_T3=95.05%
2026-02-15 13:09:29,009 - INFO - [Task 3 | ep 41 | step 3200] loss=0.1909 c=0.1909 r=0.0000 | CI_T0=0.00% | CI_T1=0.00% | CI_T2=0.00% | CI_T3=98.51%
2026-02-15 13:09:57,599 - INFO - [Task 3 | ep 41 | step 3250] loss=0.2097 c=0.2097 r=0.0000 | CI_T0=0.00% | CI_T1=0.00% | CI_T2=0.00% | CI_T3=99.04%
2026-02-15 13:10:30,375 - INFO - [Task 3 | ep 42 | step 3300] loss=0.2392 c=0.2392 r=0.0000 | CI_T0=0.00% | CI_T1=0.00% | CI_T2=0.00% | CI_T3=96.93%
2026-02-15 13:10:58,979 - INFO - [Task 3 | ep 42 | step 3350] loss=0.2179 c=0.2179 r=0.0000 | CI_T0=0.00% | CI_T1=0.00% | CI_T2=0.00% | CI_T3=97.65%
2026-02-15 13:11:31,762 - INFO - [Task 3 | ep 43 | step 3400] loss=0.1919 c=0.1919 r=0.0000 | CI_T0=0.00% | CI_T1=0.00% | CI_T2=0.00% | CI_T3=90.12%
2026-02-15 13:12:04,755 - INFO - [Task 3 | ep 44 | step 3450] loss=0.2141 c=0.2141 r=0.0000 | CI_T0=0.00% | CI_T1=0.00% | CI_T2=0.00% | CI_T3=96.54%
2026-02-15 13:12:33,540 - INFO - [Task 3 | ep 44 | step 3500] loss=0.2136 c=0.2136 r=0.0000 | CI_T0=0.00% | CI_T1=0.00% | CI_T2=0.00% | CI_T3=98.37%
2026-02-15 13:13:06,136 - INFO - [Task 3 | ep 45 | step 3550] loss=0.2008 c=0.2008 r=0.0000 | CI_T0=0.00% | CI_T1=0.00% | CI_T2=0.00% | CI_T3=98.40%
2026-02-15 13:13:38,726 - INFO - [Task 3 | ep 46 | step 3600] loss=0.1966 c=0.1966 r=0.0000 | CI_T0=0.00% | CI_T1=0.00% | CI_T2=0.00% | CI_T3=98.21%
2026-02-15 13:14:07,318 - INFO - [Task 3 | ep 46 | step 3650] loss=0.2176 c=0.2176 r=0.0000 | CI_T0=0.00% | CI_T1=0.00% | CI_T2=0.00% | CI_T3=96.29%
2026-02-15 13:14:40,101 - INFO - [Task 3 | ep 47 | step 3700] loss=0.2127 c=0.2127 r=0.0000 | CI_T0=0.00% | CI_T1=0.00% | CI_T2=0.00% | CI_T3=89.76%
2026-02-15 13:15:12,692 - INFO - [Task 3 | ep 48 | step 3750] loss=0.1891 c=0.1891 r=0.0000 | CI_T0=0.00% | CI_T1=0.00% | CI_T2=0.00% | CI_T3=97.82%
2026-02-15 13:15:41,282 - INFO - [Task 3 | ep 48 | step 3800] loss=0.2181 c=0.2181 r=0.0000 | CI_T0=0.00% | CI_T1=0.00% | CI_T2=0.00% | CI_T3=94.10%
2026-02-15 13:16:14,072 - INFO - [Task 3 | ep 49 | step 3850] loss=0.2171 c=0.2171 r=0.0000 | CI_T0=0.00% | CI_T1=0.00% | CI_T2=0.00% | CI_T3=97.97%
2026-02-15 13:16:46,864 - INFO - [Task 3 | ep 50 | step 3900] loss=0.1914 c=0.1914 r=0.0000 | CI_T0=0.00% | CI_T1=0.00% | CI_T2=0.00% | CI_T3=96.99%
2026-02-15 13:17:15,451 - INFO - [Task 3 | ep 50 | step 3950] loss=0.1899 c=0.1899 r=0.0000 | CI_T0=0.00% | CI_T1=0.00% | CI_T2=0.00% | CI_T3=97.68%
2026-02-15 13:17:48,086 - INFO - [Task 3 | ep 51 | step 4000] loss=0.1924 c=0.1924 r=0.0000 | CI_T0=0.00% | CI_T1=0.00% | CI_T2=0.00% | CI_T3=93.59%
2026-02-15 13:18:16,629 - INFO - [Task 3 | ep 51 | step 4050] loss=0.2102 c=0.2102 r=0.0000 | CI_T0=0.03% | CI_T1=0.00% | CI_T2=0.00% | CI_T3=95.21%
2026-02-15 13:18:49,614 - INFO - [Task 3 | ep 52 | step 4100] loss=0.2067 c=0.2067 r=0.0000 | CI_T0=0.00% | CI_T1=0.00% | CI_T2=0.00% | CI_T3=97.77%
2026-02-15 13:19:22,411 - INFO - [Task 3 | ep 53 | step 4150] loss=0.1972 c=0.1972 r=0.0000 | CI_T0=0.00% | CI_T1=0.00% | CI_T2=0.00% | CI_T3=96.80%
2026-02-15 13:19:50,998 - INFO - [Task 3 | ep 53 | step 4200] loss=0.1957 c=0.1957 r=0.0000 | CI_T0=0.00% | CI_T1=0.00% | CI_T2=0.00% | CI_T3=97.92%
2026-02-15 13:20:23,590 - INFO - [Task 3 | ep 54 | step 4250] loss=0.2521 c=0.2521 r=0.0000 | CI_T0=0.00% | CI_T1=0.00% | CI_T2=0.00% | CI_T3=96.13%
2026-02-15 13:20:56,384 - INFO - [Task 3 | ep 55 | step 4300] loss=0.2521 c=0.2521 r=0.0000 | CI_T0=0.00% | CI_T1=0.00% | CI_T2=0.00% | CI_T3=97.78%
2026-02-15 13:21:24,994 - INFO - [Task 3 | ep 55 | step 4350] loss=0.2173 c=0.2173 r=0.0000 | CI_T0=0.00% | CI_T1=0.00% | CI_T2=0.00% | CI_T3=98.52%
2026-02-15 13:21:57,561 - INFO - [Task 3 | ep 56 | step 4400] loss=0.1955 c=0.1955 r=0.0000 | CI_T0=0.07% | CI_T1=0.00% | CI_T2=0.00% | CI_T3=98.19%
2026-02-15 13:22:30,155 - INFO - [Task 3 | ep 57 | step 4450] loss=0.1984 c=0.1984 r=0.0000 | CI_T0=0.00% | CI_T1=0.00% | CI_T2=0.00% | CI_T3=93.39%
2026-02-15 13:22:58,751 - INFO - [Task 3 | ep 57 | step 4500] loss=0.2005 c=0.2005 r=0.0000 | CI_T0=0.00% | CI_T1=0.00% | CI_T2=0.00% | CI_T3=98.44%
2026-02-15 13:23:31,721 - INFO - [Task 3 | ep 58 | step 4550] loss=0.2060 c=0.2060 r=0.0000 | CI_T0=0.00% | CI_T1=0.00% | CI_T2=0.00% | CI_T3=92.47%
2026-02-15 13:24:00,321 - INFO - [Task 3 | ep 58 | step 4600] loss=0.1954 c=0.1954 r=0.0000 | CI_T0=0.00% | CI_T1=0.00% | CI_T2=0.00% | CI_T3=98.00%
2026-02-15 13:24:33,309 - INFO - [Task 3 | ep 59 | step 4650] loss=0.1942 c=0.1942 r=0.0000 | CI_T0=0.00% | CI_T1=0.00% | CI_T2=0.00% | CI_T3=98.25%
2026-02-15 13:25:05,907 - INFO - [Task 3 | ep 60 | step 4700] loss=0.2122 c=0.2122 r=0.0000 | CI_T0=0.00% | CI_T1=0.00% | CI_T2=0.00% | CI_T3=96.91%
2026-02-15 13:25:34,697 - INFO - [Task 3 | ep 60 | step 4750] loss=0.2255 c=0.2255 r=0.0000 | CI_T0=0.00% | CI_T1=0.00% | CI_T2=0.00% | CI_T3=95.92%
2026-02-15 13:26:07,677 - INFO - [Task 3 | ep 61 | step 4800] loss=0.1954 c=0.1954 r=0.0000 | CI_T0=0.00% | CI_T1=0.00% | CI_T2=0.00% | CI_T3=88.20%
2026-02-15 13:26:40,865 - INFO - [Task 3 | ep 62 | step 4850] loss=0.2111 c=0.2111 r=0.0000 | CI_T0=0.00% | CI_T1=0.00% | CI_T2=0.00% | CI_T3=89.00%
2026-02-15 13:27:09,471 - INFO - [Task 3 | ep 62 | step 4900] loss=0.2192 c=0.2192 r=0.0000 | CI_T0=0.00% | CI_T1=0.00% | CI_T2=0.00% | CI_T3=95.92%
2026-02-15 13:27:42,456 - INFO - [Task 3 | ep 63 | step 4950] loss=0.1973 c=0.1973 r=0.0000 | CI_T0=0.00% | CI_T1=0.00% | CI_T2=0.00% | CI_T3=97.20%
2026-02-15 13:28:15,246 - INFO - [Task 3 | ep 64 | step 5000] loss=0.1963 c=0.1963 r=0.0000 | CI_T0=0.00% | CI_T1=0.00% | CI_T2=0.00% | CI_T3=98.58%
2026-02-15 13:28:43,826 - INFO - [Task 3 | ep 64 | step 5050] loss=0.1861 c=0.1861 r=0.0000 | CI_T0=0.00% | CI_T1=0.00% | CI_T2=0.00% | CI_T3=97.85%
2026-02-15 13:29:16,421 - INFO - [Task 3 | ep 65 | step 5100] loss=0.2170 c=0.2170 r=0.0000 | CI_T0=0.04% | CI_T1=0.00% | CI_T2=0.00% | CI_T3=98.41%
2026-02-15 13:29:49,009 - INFO - [Task 3 | ep 66 | step 5150] loss=0.1843 c=0.1843 r=0.0000 | CI_T0=0.00% | CI_T1=0.00% | CI_T2=0.00% | CI_T3=92.72%
2026-02-15 13:30:17,809 - INFO - [Task 3 | ep 66 | step 5200] loss=0.1910 c=0.1910 r=0.0000 | CI_T0=0.00% | CI_T1=0.00% | CI_T2=0.00% | CI_T3=82.73%
2026-02-15 13:30:50,801 - INFO - [Task 3 | ep 67 | step 5250] loss=0.2095 c=0.2095 r=0.0000 | CI_T0=0.00% | CI_T1=0.00% | CI_T2=0.00% | CI_T3=96.12%
2026-02-15 13:31:19,384 - INFO - [Task 3 | ep 67 | step 5300] loss=0.1980 c=0.1980 r=0.0000 | CI_T0=0.00% | CI_T1=0.00% | CI_T2=0.00% | CI_T3=97.99%
2026-02-15 13:31:52,173 - INFO - [Task 3 | ep 68 | step 5350] loss=0.1989 c=0.1989 r=0.0000 | CI_T0=0.00% | CI_T1=0.00% | CI_T2=0.00% | CI_T3=98.10%
2026-02-15 13:32:24,965 - INFO - [Task 3 | ep 69 | step 5400] loss=0.2298 c=0.2298 r=0.0000 | CI_T0=0.00% | CI_T1=0.00% | CI_T2=0.02% | CI_T3=97.97%
2026-02-15 13:32:53,606 - INFO - [Task 3 | ep 69 | step 5450] loss=0.2020 c=0.2020 r=0.0000 | CI_T0=0.00% | CI_T1=0.00% | CI_T2=0.00% | CI_T3=98.16%
2026-02-15 13:33:26,345 - INFO - [Task 3 | ep 70 | step 5500] loss=0.2419 c=0.2419 r=0.0000 | CI_T0=0.00% | CI_T1=0.00% | CI_T2=0.00% | CI_T3=91.86%
2026-02-15 13:33:58,947 - INFO - [Task 3 | ep 71 | step 5550] loss=0.2083 c=0.2083 r=0.0000 | CI_T0=0.00% | CI_T1=0.00% | CI_T2=0.00% | CI_T3=95.66%
2026-02-15 13:34:27,522 - INFO - [Task 3 | ep 71 | step 5600] loss=0.1958 c=0.1958 r=0.0000 | CI_T0=0.00% | CI_T1=0.00% | CI_T2=0.00% | CI_T3=97.85%
2026-02-15 13:35:00,315 - INFO - [Task 3 | ep 72 | step 5650] loss=0.2166 c=0.2166 r=0.0000 | CI_T0=0.00% | CI_T1=0.00% | CI_T2=0.00% | CI_T3=94.65%
2026-02-15 13:35:32,906 - INFO - [Task 3 | ep 73 | step 5700] loss=0.1917 c=0.1917 r=0.0000 | CI_T0=0.00% | CI_T1=0.00% | CI_T2=0.00% | CI_T3=98.21%
2026-02-15 13:36:01,494 - INFO - [Task 3 | ep 73 | step 5750] loss=0.2085 c=0.2085 r=0.0000 | CI_T0=0.00% | CI_T1=0.00% | CI_T2=0.00% | CI_T3=97.96%
2026-02-15 13:36:34,481 - INFO - [Task 3 | ep 74 | step 5800] loss=0.2090 c=0.2090 r=0.0000 | CI_T0=0.00% | CI_T1=0.00% | CI_T2=0.00% | CI_T3=98.34%
2026-02-15 13:37:07,628 - INFO - [Task 3 | ep 75 | step 5850] loss=0.1914 c=0.1914 r=0.0000 | CI_T0=0.00% | CI_T1=0.00% | CI_T2=0.00% | CI_T3=95.97%
2026-02-15 13:37:36,264 - INFO - [Task 3 | ep 75 | step 5900] loss=0.2050 c=0.2050 r=0.0000 | CI_T0=0.00% | CI_T1=0.00% | CI_T2=0.00% | CI_T3=96.50%
2026-02-15 13:38:09,415 - INFO - [Task 3 | ep 76 | step 5950] loss=0.1982 c=0.1982 r=0.0000 | CI_T0=0.00% | CI_T1=0.00% | CI_T2=0.00% | CI_T3=97.43%
2026-02-15 13:38:38,406 - INFO - [Task 3 | ep 76 | step 6000] loss=0.2064 c=0.2064 r=0.0000 | CI_T0=0.00% | CI_T1=0.00% | CI_T2=0.00% | CI_T3=95.64%
2026-02-15 13:39:11,435 - INFO - [Task 3 | ep 77 | step 6050] loss=0.1958 c=0.1958 r=0.0000 | CI_T0=0.00% | CI_T1=0.00% | CI_T2=0.01% | CI_T3=97.72%
2026-02-15 13:39:44,587 - INFO - [Task 3 | ep 78 | step 6100] loss=0.2153 c=0.2153 r=0.0000 | CI_T0=0.00% | CI_T1=0.00% | CI_T2=0.00% | CI_T3=95.49%
2026-02-15 13:40:13,419 - INFO - [Task 3 | ep 78 | step 6150] loss=0.1861 c=0.1861 r=0.0000 | CI_T0=0.00% | CI_T1=0.00% | CI_T2=0.00% | CI_T3=98.55%
2026-02-15 13:40:46,608 - INFO - [Task 3 | ep 79 | step 6200] loss=0.2011 c=0.2011 r=0.0000 | CI_T0=0.02% | CI_T1=0.00% | CI_T2=0.00% | CI_T3=98.53%
2026-02-15 13:41:19,557 - INFO - [Task 3 | ep 80 | step 6250] loss=0.2376 c=0.2376 r=0.0000 | CI_T0=0.00% | CI_T1=0.00% | CI_T2=0.00% | CI_T3=97.66%
2026-02-15 13:41:48,340 - INFO - [Task 3 | ep 80 | step 6300] loss=0.2292 c=0.2292 r=0.0000 | CI_T0=0.52% | CI_T1=0.00% | CI_T2=0.00% | CI_T3=98.12%
2026-02-15 13:42:21,370 - INFO - [Task 3 | ep 81 | step 6350] loss=0.2027 c=0.2027 r=0.0000 | CI_T0=0.05% | CI_T1=0.00% | CI_T2=0.00% | CI_T3=94.78%
2026-02-15 13:42:53,967 - INFO - [Task 3 | ep 82 | step 6400] loss=0.2329 c=0.2329 r=0.0000 | CI_T0=0.00% | CI_T1=0.00% | CI_T2=0.00% | CI_T3=97.68%
2026-02-15 13:43:22,562 - INFO - [Task 3 | ep 82 | step 6450] loss=0.1907 c=0.1907 r=0.0000 | CI_T0=0.00% | CI_T1=0.00% | CI_T2=0.00% | CI_T3=96.11%
2026-02-15 13:43:55,350 - INFO - [Task 3 | ep 83 | step 6500] loss=0.2242 c=0.2242 r=0.0000 | CI_T0=0.07% | CI_T1=0.00% | CI_T2=0.00% | CI_T3=97.52%
2026-02-15 13:44:24,138 - INFO - [Task 3 | ep 83 | step 6550] loss=0.2303 c=0.2303 r=0.0000 | CI_T0=0.00% | CI_T1=0.00% | CI_T2=0.00% | CI_T3=97.54%
2026-02-15 13:44:57,117 - INFO - [Task 3 | ep 84 | step 6600] loss=0.2130 c=0.2130 r=0.0000 | CI_T0=0.00% | CI_T1=0.00% | CI_T2=0.00% | CI_T3=97.82%
2026-02-15 13:45:30,115 - INFO - [Task 3 | ep 85 | step 6650] loss=0.1943 c=0.1943 r=0.0000 | CI_T0=0.00% | CI_T1=0.00% | CI_T2=0.00% | CI_T3=98.22%
2026-02-15 13:45:58,896 - INFO - [Task 3 | ep 85 | step 6700] loss=0.2516 c=0.2516 r=0.0000 | CI_T0=0.00% | CI_T1=0.00% | CI_T2=0.00% | CI_T3=96.39%
2026-02-15 13:46:32,044 - INFO - [Task 3 | ep 86 | step 6750] loss=0.2143 c=0.2143 r=0.0000 | CI_T0=0.00% | CI_T1=0.00% | CI_T2=0.00% | CI_T3=98.60%
2026-02-15 13:47:04,834 - INFO - [Task 3 | ep 87 | step 6800] loss=0.2619 c=0.2619 r=0.0000 | CI_T0=0.00% | CI_T1=0.00% | CI_T2=0.00% | CI_T3=94.19%
2026-02-15 13:47:33,681 - INFO - [Task 3 | ep 87 | step 6850] loss=0.2104 c=0.2104 r=0.0000 | CI_T0=0.00% | CI_T1=0.00% | CI_T2=0.00% | CI_T3=97.08%
2026-02-15 13:48:06,665 - INFO - [Task 3 | ep 88 | step 6900] loss=0.2062 c=0.2062 r=0.0000 | CI_T0=0.00% | CI_T1=0.00% | CI_T2=0.00% | CI_T3=96.66%
2026-02-15 13:48:39,657 - INFO - [Task 3 | ep 89 | step 6950] loss=0.1926 c=0.1926 r=0.0000 | CI_T0=0.09% | CI_T1=0.00% | CI_T2=0.00% | CI_T3=97.68%
2026-02-15 13:49:08,405 - INFO - [Task 3 | ep 89 | step 7000] loss=0.2008 c=0.2008 r=0.0000 | CI_T0=0.00% | CI_T1=0.00% | CI_T2=0.00% | CI_T3=97.09%
2026-02-15 13:49:41,042 - INFO - [Task 3 | ep 90 | step 7050] loss=0.2047 c=0.2047 r=0.0000 | CI_T0=0.04% | CI_T1=0.00% | CI_T2=0.00% | CI_T3=96.73%
2026-02-15 13:50:13,831 - INFO - [Task 3 | ep 91 | step 7100] loss=0.1953 c=0.1953 r=0.0000 | CI_T0=0.00% | CI_T1=0.00% | CI_T2=0.00% | CI_T3=97.55%
2026-02-15 13:50:42,609 - INFO - [Task 3 | ep 91 | step 7150] loss=0.2403 c=0.2403 r=0.0000 | CI_T0=0.00% | CI_T1=0.00% | CI_T2=0.00% | CI_T3=96.78%
2026-02-15 13:51:15,401 - INFO - [Task 3 | ep 92 | step 7200] loss=0.2094 c=0.2094 r=0.0000 | CI_T0=0.00% | CI_T1=0.00% | CI_T2=0.00% | CI_T3=97.59%
2026-02-15 13:51:43,999 - INFO - [Task 3 | ep 92 | step 7250] loss=0.1856 c=0.1856 r=0.0000 | CI_T0=0.00% | CI_T1=0.00% | CI_T2=0.00% | CI_T3=97.27%
2026-02-15 13:52:16,786 - INFO - [Task 3 | ep 93 | step 7300] loss=0.2143 c=0.2143 r=0.0000 | CI_T0=0.00% | CI_T1=0.00% | CI_T2=0.00% | CI_T3=96.45%
2026-02-15 13:52:49,571 - INFO - [Task 3 | ep 94 | step 7350] loss=0.2071 c=0.2071 r=0.0000 | CI_T0=0.00% | CI_T1=0.00% | CI_T2=0.00% | CI_T3=96.04%
2026-02-15 13:53:18,367 - INFO - [Task 3 | ep 94 | step 7400] loss=0.2218 c=0.2218 r=0.0000 | CI_T0=0.00% | CI_T1=0.00% | CI_T2=0.00% | CI_T3=97.42%
2026-02-15 13:53:51,157 - INFO - [Task 3 | ep 95 | step 7450] loss=0.2232 c=0.2232 r=0.0000 | CI_T0=0.00% | CI_T1=0.00% | CI_T2=0.00% | CI_T3=86.14%
2026-02-15 13:54:24,148 - INFO - [Task 3 | ep 96 | step 7500] loss=0.2654 c=0.2654 r=0.0000 | CI_T0=0.00% | CI_T1=0.00% | CI_T2=0.00% | CI_T3=95.71%
2026-02-15 13:54:52,732 - INFO - [Task 3 | ep 96 | step 7550] loss=0.2131 c=0.2131 r=0.0000 | CI_T0=0.00% | CI_T1=0.00% | CI_T2=0.00% | CI_T3=95.38%
2026-02-15 13:55:25,528 - INFO - [Task 3 | ep 97 | step 7600] loss=0.2525 c=0.2525 r=0.0000 | CI_T0=0.24% | CI_T1=0.00% | CI_T2=0.01% | CI_T3=97.41%
2026-02-15 13:55:58,112 - INFO - [Task 3 | ep 98 | step 7650] loss=0.1948 c=0.1948 r=0.0000 | CI_T0=0.00% | CI_T1=0.00% | CI_T2=0.00% | CI_T3=98.72%
2026-02-15 13:56:26,704 - INFO - [Task 3 | ep 98 | step 7700] loss=0.2102 c=0.2102 r=0.0000 | CI_T0=0.00% | CI_T1=0.00% | CI_T2=0.00% | CI_T3=98.20%
2026-02-15 13:56:59,303 - INFO - [Task 3 | ep 99 | step 7750] loss=0.2102 c=0.2102 r=0.0000 | CI_T0=0.00% | CI_T1=0.00% | CI_T2=0.00% | CI_T3=98.63%
2026-02-15 13:57:38,825 - INFO - [After Task 3] Task-IL : T0=51.20% | T1=49.90% | T2=50.25% | T3=97.70% | Avg=62.26%
2026-02-15 13:57:38,825 - INFO - [After Task 3] Class-IL: T0=0.00% | T1=0.00% | T2=0.00% | T3=97.70% | Avg=24.43%
2026-02-15 13:57:38,825 - INFO - ========== GROUP DIFFERENCES ==========
2026-02-15 13:57:38,825 - INFO - Seen tasks: 0..3 | valid_out_dim=8
2026-02-15 13:57:43,058 - INFO - [Group=Task0] CI_acc=0.00% | corr_slice_max=-3.988 | best_other_max=11.533 | gap=-15.521
2026-02-15 13:57:43,059 - INFO - [Group=Task0] winner_task_dist: W0=0.0% | W1=0.0% | W2=0.0% | W3=100.0%
2026-02-15 13:57:43,059 - INFO - [Group=Task0] slice_strength : S0=-3.99 | S1=-4.04 | S2=-0.04 | S3=11.53
2026-02-15 13:57:47,256 - INFO - [Group=Task1] CI_acc=0.00% | corr_slice_max=-4.306 | best_other_max=11.922 | gap=-16.228
2026-02-15 13:57:47,256 - INFO - [Group=Task1] winner_task_dist: W0=0.0% | W1=0.0% | W2=0.0% | W3=100.0%
2026-02-15 13:57:47,256 - INFO - [Group=Task1] slice_strength : S0=-4.25 | S1=-4.31 | S2=0.22 | S3=11.92
2026-02-15 13:57:51,466 - INFO - [Group=Task2] CI_acc=0.00% | corr_slice_max=0.083 | best_other_max=11.792 | gap=-11.709
2026-02-15 13:57:51,466 - INFO - [Group=Task2] winner_task_dist: W0=0.0% | W1=0.0% | W2=0.0% | W3=100.0%
2026-02-15 13:57:51,466 - INFO - [Group=Task2] slice_strength : S0=-4.13 | S1=-4.18 | S2=0.08 | S3=11.79
2026-02-15 13:57:55,664 - INFO - [Group=Task3] CI_acc=97.70% | corr_slice_max=11.581 | best_other_max=0.171 | gap=11.409
2026-02-15 13:57:55,664 - INFO - [Group=Task3] winner_task_dist: W0=0.0% | W1=0.0% | W2=0.0% | W3=100.0%
2026-02-15 13:57:55,664 - INFO - [Group=Task3] slice_strength : S0=-4.09 | S1=-4.14 | S2=0.17 | S3=11.58
2026-02-15 13:57:55,664 - INFO - ======================================
2026-02-15 13:57:55,665 - INFO - ========== Training Task 4: classes [8, 9] ==========
2026-02-15 13:58:27,680 - INFO - [Task 4 | ep 0 | step 0] loss=12.1011 c=12.1011 r=0.0000 | CI_T0=0.00% | CI_T1=0.00% | CI_T2=0.00% | CI_T3=0.00% | CI_T4=45.31%
2026-02-15 13:59:03,023 - INFO - [Task 4 | ep 0 | step 50] loss=0.2811 c=0.2811 r=0.0000 | CI_T0=0.00% | CI_T1=0.00% | CI_T2=0.00% | CI_T3=0.00% | CI_T4=88.16%
2026-02-15 13:59:42,243 - INFO - [Task 4 | ep 1 | step 100] loss=0.2254 c=0.2254 r=0.0000 | CI_T0=0.00% | CI_T1=0.00% | CI_T2=0.00% | CI_T3=0.00% | CI_T4=91.12%
2026-02-15 14:00:17,433 - INFO - [Task 4 | ep 1 | step 150] loss=0.2082 c=0.2082 r=0.0000 | CI_T0=0.00% | CI_T1=0.00% | CI_T2=0.00% | CI_T3=0.00% | CI_T4=94.10%
2026-02-15 14:00:56,616 - INFO - [Task 4 | ep 2 | step 200] loss=0.1771 c=0.1771 r=0.0000 | CI_T0=0.00% | CI_T1=0.00% | CI_T2=0.00% | CI_T3=0.00% | CI_T4=92.98%
2026-02-15 14:01:35,807 - INFO - [Task 4 | ep 3 | step 250] loss=0.1777 c=0.1777 r=0.0000 | CI_T0=0.00% | CI_T1=0.00% | CI_T2=0.00% | CI_T3=0.00% | CI_T4=94.48%
2026-02-15 14:02:10,991 - INFO - [Task 4 | ep 3 | step 300] loss=0.1561 c=0.1561 r=0.0000 | CI_T0=0.00% | CI_T1=0.00% | CI_T2=0.00% | CI_T3=0.00% | CI_T4=91.26%
2026-02-15 14:02:50,184 - INFO - [Task 4 | ep 4 | step 350] loss=0.1086 c=0.1086 r=0.0000 | CI_T0=0.00% | CI_T1=0.00% | CI_T2=0.00% | CI_T3=0.00% | CI_T4=89.28%
2026-02-15 14:03:29,367 - INFO - [Task 4 | ep 5 | step 400] loss=0.1448 c=0.1448 r=0.0000 | CI_T0=0.00% | CI_T1=0.00% | CI_T2=0.00% | CI_T3=0.00% | CI_T4=96.22%
2026-02-15 14:04:04,551 - INFO - [Task 4 | ep 5 | step 450] loss=0.2001 c=0.2001 r=0.0000 | CI_T0=0.00% | CI_T1=0.00% | CI_T2=0.00% | CI_T3=0.00% | CI_T4=94.87%
2026-02-15 14:04:43,953 - INFO - [Task 4 | ep 6 | step 500] loss=0.0892 c=0.0892 r=0.0000 | CI_T0=0.00% | CI_T1=0.00% | CI_T2=0.00% | CI_T3=0.00% | CI_T4=95.69%
2026-02-15 14:05:23,146 - INFO - [Task 4 | ep 7 | step 550] loss=0.1158 c=0.1158 r=0.0000 | CI_T0=0.00% | CI_T1=0.00% | CI_T2=0.00% | CI_T3=0.00% | CI_T4=96.62%
2026-02-15 14:05:58,512 - INFO - [Task 4 | ep 7 | step 600] loss=0.1800 c=0.1800 r=0.0000 | CI_T0=0.00% | CI_T1=0.00% | CI_T2=0.00% | CI_T3=0.00% | CI_T4=90.94%
2026-02-15 14:06:37,915 - INFO - [Task 4 | ep 8 | step 650] loss=0.1126 c=0.1126 r=0.0000 | CI_T0=0.00% | CI_T1=0.00% | CI_T2=0.00% | CI_T3=0.00% | CI_T4=96.74%
2026-02-15 14:07:13,099 - INFO - [Task 4 | ep 8 | step 700] loss=0.1077 c=0.1077 r=0.0000 | CI_T0=0.00% | CI_T1=0.00% | CI_T2=0.00% | CI_T3=0.00% | CI_T4=95.26%
2026-02-15 14:07:52,482 - INFO - [Task 4 | ep 9 | step 750] loss=0.1576 c=0.1576 r=0.0000 | CI_T0=0.00% | CI_T1=0.00% | CI_T2=0.00% | CI_T3=0.00% | CI_T4=95.52%
2026-02-15 14:08:31,677 - INFO - [Task 4 | ep 10 | step 800] loss=0.0813 c=0.0813 r=0.0000 | CI_T0=0.00% | CI_T1=0.00% | CI_T2=0.00% | CI_T3=0.00% | CI_T4=96.47%
2026-02-15 14:09:06,874 - INFO - [Task 4 | ep 10 | step 850] loss=0.1675 c=0.1675 r=0.0000 | CI_T0=0.00% | CI_T1=0.00% | CI_T2=0.00% | CI_T3=0.00% | CI_T4=95.83%
2026-02-15 14:09:46,249 - INFO - [Task 4 | ep 11 | step 900] loss=0.1158 c=0.1158 r=0.0000 | CI_T0=0.00% | CI_T1=0.00% | CI_T2=0.00% | CI_T3=0.00% | CI_T4=96.93%
2026-02-15 14:10:25,517 - INFO - [Task 4 | ep 12 | step 950] loss=0.1600 c=0.1600 r=0.0000 | CI_T0=0.00% | CI_T1=0.00% | CI_T2=0.00% | CI_T3=0.00% | CI_T4=96.57%
2026-02-15 14:11:00,625 - INFO - [Task 4 | ep 12 | step 1000] loss=0.1077 c=0.1077 r=0.0000 | CI_T0=0.00% | CI_T1=0.00% | CI_T2=0.00% | CI_T3=0.00% | CI_T4=93.14%
2026-02-15 14:11:39,813 - INFO - [Task 4 | ep 13 | step 1050] loss=0.1290 c=0.1290 r=0.0000 | CI_T0=0.00% | CI_T1=0.00% | CI_T2=0.00% | CI_T3=0.00% | CI_T4=97.80%
2026-02-15 14:12:19,197 - INFO - [Task 4 | ep 14 | step 1100] loss=0.1384 c=0.1384 r=0.0000 | CI_T0=0.00% | CI_T1=0.00% | CI_T2=0.00% | CI_T3=0.00% | CI_T4=94.67%
2026-02-15 14:12:54,392 - INFO - [Task 4 | ep 14 | step 1150] loss=0.1584 c=0.1584 r=0.0000 | CI_T0=0.00% | CI_T1=0.00% | CI_T2=0.00% | CI_T3=0.00% | CI_T4=95.11%
2026-02-15 14:13:33,771 - INFO - [Task 4 | ep 15 | step 1200] loss=0.0872 c=0.0872 r=0.0000 | CI_T0=0.00% | CI_T1=0.00% | CI_T2=0.00% | CI_T3=0.00% | CI_T4=93.31%
2026-02-15 14:14:12,970 - INFO - [Task 4 | ep 16 | step 1250] loss=0.1413 c=0.1413 r=0.0000 | CI_T0=0.00% | CI_T1=0.00% | CI_T2=0.00% | CI_T3=0.00% | CI_T4=96.97%
2026-02-15 14:14:48,349 - INFO - [Task 4 | ep 16 | step 1300] loss=0.1258 c=0.1258 r=0.0000 | CI_T0=0.00% | CI_T1=0.00% | CI_T2=0.00% | CI_T3=0.00% | CI_T4=95.64%
2026-02-15 14:15:27,731 - INFO - [Task 4 | ep 17 | step 1350] loss=0.1327 c=0.1327 r=0.0000 | CI_T0=0.00% | CI_T1=0.00% | CI_T2=0.00% | CI_T3=0.00% | CI_T4=96.57%
2026-02-15 14:16:02,929 - INFO - [Task 4 | ep 17 | step 1400] loss=0.0930 c=0.0930 r=0.0000 | CI_T0=0.00% | CI_T1=0.00% | CI_T2=0.00% | CI_T3=0.00% | CI_T4=97.16%
2026-02-15 14:16:42,479 - INFO - [Task 4 | ep 18 | step 1450] loss=0.1083 c=0.1083 r=0.0000 | CI_T0=0.00% | CI_T1=0.00% | CI_T2=0.00% | CI_T3=0.00% | CI_T4=97.81%
2026-02-15 14:17:21,908 - INFO - [Task 4 | ep 19 | step 1500] loss=0.1124 c=0.1124 r=0.0000 | CI_T0=0.00% | CI_T1=0.00% | CI_T2=0.00% | CI_T3=0.00% | CI_T4=97.98%
2026-02-15 14:17:57,487 - INFO - [Task 4 | ep 19 | step 1550] loss=0.1408 c=0.1408 r=0.0000 | CI_T0=0.00% | CI_T1=0.00% | CI_T2=0.00% | CI_T3=0.00% | CI_T4=96.25%
2026-02-15 14:18:36,671 - INFO - [Task 4 | ep 20 | step 1600] loss=0.1422 c=0.1422 r=0.0000 | CI_T0=0.00% | CI_T1=0.00% | CI_T2=0.00% | CI_T3=0.00% | CI_T4=85.68%
2026-02-15 14:19:16,084 - INFO - [Task 4 | ep 21 | step 1650] loss=0.1758 c=0.1758 r=0.0000 | CI_T0=0.00% | CI_T1=0.00% | CI_T2=0.00% | CI_T3=0.00% | CI_T4=97.94%
2026-02-15 14:19:51,256 - INFO - [Task 4 | ep 21 | step 1700] loss=0.1249 c=0.1249 r=0.0000 | CI_T0=0.00% | CI_T1=0.00% | CI_T2=0.00% | CI_T3=0.00% | CI_T4=98.27%
2026-02-15 14:20:30,660 - INFO - [Task 4 | ep 22 | step 1750] loss=0.1361 c=0.1361 r=0.0000 | CI_T0=0.00% | CI_T1=0.00% | CI_T2=0.00% | CI_T3=0.00% | CI_T4=97.03%
2026-02-15 14:21:10,222 - INFO - [Task 4 | ep 23 | step 1800] loss=0.1636 c=0.1636 r=0.0000 | CI_T0=0.00% | CI_T1=0.00% | CI_T2=0.00% | CI_T3=0.00% | CI_T4=97.08%
2026-02-15 14:21:45,415 - INFO - [Task 4 | ep 23 | step 1850] loss=0.0969 c=0.0969 r=0.0000 | CI_T0=0.00% | CI_T1=0.00% | CI_T2=0.00% | CI_T3=0.00% | CI_T4=97.61%
2026-02-15 14:22:24,811 - INFO - [Task 4 | ep 24 | step 1900] loss=0.1159 c=0.1159 r=0.0000 | CI_T0=0.00% | CI_T1=0.00% | CI_T2=0.00% | CI_T3=0.00% | CI_T4=95.96%
2026-02-15 14:23:03,997 - INFO - [Task 4 | ep 25 | step 1950] loss=0.1330 c=0.1330 r=0.0000 | CI_T0=0.00% | CI_T1=0.00% | CI_T2=0.00% | CI_T3=0.00% | CI_T4=94.10%
2026-02-15 14:23:39,182 - INFO - [Task 4 | ep 25 | step 2000] loss=0.1266 c=0.1266 r=0.0000 | CI_T0=0.00% | CI_T1=0.00% | CI_T2=0.00% | CI_T3=0.00% | CI_T4=97.51%
2026-02-15 14:24:18,952 - INFO - [Task 4 | ep 26 | step 2050] loss=0.0849 c=0.0849 r=0.0000 | CI_T0=0.00% | CI_T1=0.00% | CI_T2=0.00% | CI_T3=0.00% | CI_T4=94.49%
2026-02-15 14:24:54,356 - INFO - [Task 4 | ep 26 | step 2100] loss=0.1357 c=0.1357 r=0.0000 | CI_T0=0.00% | CI_T1=0.00% | CI_T2=0.00% | CI_T3=0.00% | CI_T4=95.52%
2026-02-15 14:25:33,545 - INFO - [Task 4 | ep 27 | step 2150] loss=0.1043 c=0.1043 r=0.0000 | CI_T0=0.00% | CI_T1=0.00% | CI_T2=0.00% | CI_T3=0.00% | CI_T4=95.29%
2026-02-15 14:26:12,732 - INFO - [Task 4 | ep 28 | step 2200] loss=0.0913 c=0.0913 r=0.0000 | CI_T0=0.00% | CI_T1=0.00% | CI_T2=0.00% | CI_T3=0.00% | CI_T4=97.66%
2026-02-15 14:26:47,924 - INFO - [Task 4 | ep 28 | step 2250] loss=0.1163 c=0.1163 r=0.0000 | CI_T0=0.00% | CI_T1=0.00% | CI_T2=0.00% | CI_T3=0.00% | CI_T4=95.57%
2026-02-15 14:27:27,309 - INFO - [Task 4 | ep 29 | step 2300] loss=0.1023 c=0.1023 r=0.0000 | CI_T0=0.00% | CI_T1=0.00% | CI_T2=0.00% | CI_T3=0.00% | CI_T4=95.74%
2026-02-15 14:28:06,692 - INFO - [Task 4 | ep 30 | step 2350] loss=0.1497 c=0.1497 r=0.0000 | CI_T0=0.00% | CI_T1=0.00% | CI_T2=0.00% | CI_T3=0.00% | CI_T4=98.00%
2026-02-15 14:28:42,277 - INFO - [Task 4 | ep 30 | step 2400] loss=0.1100 c=0.1100 r=0.0000 | CI_T0=0.00% | CI_T1=0.00% | CI_T2=0.00% | CI_T3=0.00% | CI_T4=98.20%
2026-02-15 14:29:21,874 - INFO - [Task 4 | ep 31 | step 2450] loss=0.1080 c=0.1080 r=0.0000 | CI_T0=0.00% | CI_T1=0.00% | CI_T2=0.00% | CI_T3=0.00% | CI_T4=98.13%
2026-02-15 14:30:01,267 - INFO - [Task 4 | ep 32 | step 2500] loss=0.1291 c=0.1291 r=0.0000 | CI_T0=0.00% | CI_T1=0.00% | CI_T2=0.00% | CI_T3=0.00% | CI_T4=97.11%
2026-02-15 14:30:36,863 - INFO - [Task 4 | ep 32 | step 2550] loss=0.1001 c=0.1001 r=0.0000 | CI_T0=0.00% | CI_T1=0.00% | CI_T2=0.00% | CI_T3=0.00% | CI_T4=98.30%
2026-02-15 14:31:16,242 - INFO - [Task 4 | ep 33 | step 2600] loss=0.1313 c=0.1313 r=0.0000 | CI_T0=0.00% | CI_T1=0.00% | CI_T2=0.00% | CI_T3=0.00% | CI_T4=97.35%
2026-02-15 14:31:51,435 - INFO - [Task 4 | ep 33 | step 2650] loss=0.1199 c=0.1199 r=0.0000 | CI_T0=0.00% | CI_T1=0.00% | CI_T2=0.00% | CI_T3=0.00% | CI_T4=98.30%
2026-02-15 14:32:30,616 - INFO - [Task 4 | ep 34 | step 2700] loss=0.1083 c=0.1083 r=0.0000 | CI_T0=0.00% | CI_T1=0.00% | CI_T2=0.00% | CI_T3=0.00% | CI_T4=96.55%
2026-02-15 14:33:09,800 - INFO - [Task 4 | ep 35 | step 2750] loss=0.1001 c=0.1001 r=0.0000 | CI_T0=0.00% | CI_T1=0.00% | CI_T2=0.00% | CI_T3=0.00% | CI_T4=97.80%
2026-02-15 14:33:45,146 - INFO - [Task 4 | ep 35 | step 2800] loss=0.0973 c=0.0973 r=0.0000 | CI_T0=0.00% | CI_T1=0.00% | CI_T2=0.00% | CI_T3=0.00% | CI_T4=96.59%
2026-02-15 14:34:24,588 - INFO - [Task 4 | ep 36 | step 2850] loss=0.1087 c=0.1087 r=0.0000 | CI_T0=0.00% | CI_T1=0.00% | CI_T2=0.00% | CI_T3=0.00% | CI_T4=98.01%
2026-02-15 14:35:03,981 - INFO - [Task 4 | ep 37 | step 2900] loss=0.1142 c=0.1142 r=0.0000 | CI_T0=0.00% | CI_T1=0.00% | CI_T2=0.00% | CI_T3=0.00% | CI_T4=97.71%
2026-02-15 14:35:40,158 - INFO - [Task 4 | ep 37 | step 2950] loss=0.1052 c=0.1052 r=0.0000 | CI_T0=0.00% | CI_T1=0.00% | CI_T2=0.00% | CI_T3=0.00% | CI_T4=97.45%
2026-02-15 14:36:19,940 - INFO - [Task 4 | ep 38 | step 3000] loss=0.1287 c=0.1287 r=0.0000 | CI_T0=0.00% | CI_T1=0.00% | CI_T2=0.00% | CI_T3=0.00% | CI_T4=98.17%
2026-02-15 14:36:59,477 - INFO - [Task 4 | ep 39 | step 3050] loss=0.1448 c=0.1448 r=0.0000 | CI_T0=0.00% | CI_T1=0.00% | CI_T2=0.00% | CI_T3=0.00% | CI_T4=98.13%
2026-02-15 14:37:34,721 - INFO - [Task 4 | ep 39 | step 3100] loss=0.1334 c=0.1334 r=0.0000 | CI_T0=0.00% | CI_T1=0.00% | CI_T2=0.00% | CI_T3=0.00% | CI_T4=96.79%
2026-02-15 14:38:14,105 - INFO - [Task 4 | ep 40 | step 3150] loss=0.1308 c=0.1308 r=0.0000 | CI_T0=0.00% | CI_T1=0.00% | CI_T2=0.00% | CI_T3=0.00% | CI_T4=94.72%
2026-02-15 14:38:53,912 - INFO - [Task 4 | ep 41 | step 3200] loss=0.0815 c=0.0815 r=0.0000 | CI_T0=0.00% | CI_T1=0.00% | CI_T2=0.00% | CI_T3=0.00% | CI_T4=91.94%
2026-02-15 14:39:30,314 - INFO - [Task 4 | ep 41 | step 3250] loss=0.1107 c=0.1107 r=0.0000 | CI_T0=0.00% | CI_T1=0.00% | CI_T2=0.00% | CI_T3=0.00% | CI_T4=97.86%
2026-02-15 14:40:11,135 - INFO - [Task 4 | ep 42 | step 3300] loss=0.0905 c=0.0905 r=0.0000 | CI_T0=0.00% | CI_T1=0.00% | CI_T2=0.00% | CI_T3=0.00% | CI_T4=98.16%
2026-02-15 14:40:47,637 - INFO - [Task 4 | ep 42 | step 3350] loss=0.0960 c=0.0960 r=0.0000 | CI_T0=0.00% | CI_T1=0.00% | CI_T2=0.00% | CI_T3=0.00% | CI_T4=96.82%
2026-02-15 14:41:28,259 - INFO - [Task 4 | ep 43 | step 3400] loss=0.1364 c=0.1364 r=0.0000 | CI_T0=0.00% | CI_T1=0.00% | CI_T2=0.00% | CI_T3=0.00% | CI_T4=97.89%
2026-02-15 14:42:09,424 - INFO - [Task 4 | ep 44 | step 3450] loss=0.1247 c=0.1247 r=0.0000 | CI_T0=0.00% | CI_T1=0.00% | CI_T2=0.00% | CI_T3=0.00% | CI_T4=96.63%
2026-02-15 14:42:45,645 - INFO - [Task 4 | ep 44 | step 3500] loss=0.1406 c=0.1406 r=0.0000 | CI_T0=0.00% | CI_T1=0.00% | CI_T2=0.00% | CI_T3=0.00% | CI_T4=97.36%
2026-02-15 14:43:26,008 - INFO - [Task 4 | ep 45 | step 3550] loss=0.1350 c=0.1350 r=0.0000 | CI_T0=0.00% | CI_T1=0.00% | CI_T2=0.00% | CI_T3=0.00% | CI_T4=97.68%
2026-02-15 14:44:05,381 - INFO - [Task 4 | ep 46 | step 3600] loss=0.0871 c=0.0871 r=0.0000 | CI_T0=0.00% | CI_T1=0.00% | CI_T2=0.00% | CI_T3=0.00% | CI_T4=98.27%
2026-02-15 14:44:41,402 - INFO - [Task 4 | ep 46 | step 3650] loss=0.1044 c=0.1044 r=0.0000 | CI_T0=0.00% | CI_T1=0.00% | CI_T2=0.00% | CI_T3=0.00% | CI_T4=98.03%
2026-02-15 14:45:21,581 - INFO - [Task 4 | ep 47 | step 3700] loss=0.0817 c=0.0817 r=0.0000 | CI_T0=0.00% | CI_T1=0.00% | CI_T2=0.00% | CI_T3=0.00% | CI_T4=89.60%
2026-02-15 14:46:02,362 - INFO - [Task 4 | ep 48 | step 3750] loss=0.0864 c=0.0864 r=0.0000 | CI_T0=0.00% | CI_T1=0.00% | CI_T2=0.00% | CI_T3=0.00% | CI_T4=94.43%
2026-02-15 14:46:38,392 - INFO - [Task 4 | ep 48 | step 3800] loss=0.0893 c=0.0893 r=0.0000 | CI_T0=0.00% | CI_T1=0.00% | CI_T2=0.00% | CI_T3=0.00% | CI_T4=98.54%
