2026-02-13 15:17:20,054 - INFO - Device: cuda
2026-02-13 15:17:20,054 - INFO - Config: {'device': 'cuda', 'lr': 0.001, 'epochs_per_task': 10, 'batch_size': 128, 'lambda_slice': 2.0, 'lambda_feat': 0.5, 'ewc_lambda': 0.0, 'si_lambda': 0.0, 'seed': 42}
2026-02-13 15:17:20,140 - INFO - ========== Task 0: classes [0, 1] ==========
2026-02-13 15:18:18,535 - INFO - [After Task 0] Task-IL Avg=96.60% | Class-IL Avg=96.60%
2026-02-13 15:18:18,535 - INFO - ========== GROUP DIFFERENCES ==========
2026-02-13 15:18:22,674 - INFO - [Group=Task0] CI_acc=96.60%
2026-02-13 15:18:22,674 - INFO - ======================================
2026-02-13 15:18:22,674 - INFO - ========== Task 1: classes [2, 3] ==========
2026-02-13 15:19:28,993 - INFO - [After Task 1] Task-IL Avg=90.55% | Class-IL Avg=46.02%
2026-02-13 15:19:28,995 - INFO - ========== GROUP DIFFERENCES ==========
2026-02-13 15:19:33,096 - INFO - [Group=Task0] CI_acc=6.85%
2026-02-13 15:19:37,075 - INFO - [Group=Task1] CI_acc=85.20%
2026-02-13 15:19:37,075 - INFO - ======================================
2026-02-13 15:19:37,075 - INFO - ========== Task 2: classes [4, 5] ==========
2026-02-13 15:20:51,091 - INFO - [After Task 2] Task-IL Avg=90.02% | Class-IL Avg=33.35%
2026-02-13 15:20:51,091 - INFO - ========== GROUP DIFFERENCES ==========
2026-02-13 15:20:55,222 - INFO - [Group=Task0] CI_acc=4.05%
2026-02-13 15:20:59,429 - INFO - [Group=Task1] CI_acc=5.10%
2026-02-13 15:21:03,637 - INFO - [Group=Task2] CI_acc=90.90%
2026-02-13 15:21:03,637 - INFO - ======================================
2026-02-13 15:21:03,637 - INFO - ========== Task 3: classes [6, 7] ==========
2026-02-13 15:22:25,951 - INFO - [After Task 3] Task-IL Avg=91.67% | Class-IL Avg=28.44%
2026-02-13 15:22:25,952 - INFO - ========== GROUP DIFFERENCES ==========
2026-02-13 15:22:30,057 - INFO - [Group=Task0] CI_acc=3.35%
2026-02-13 15:22:34,190 - INFO - [Group=Task1] CI_acc=0.50%
2026-02-13 15:22:38,225 - INFO - [Group=Task2] CI_acc=13.10%
2026-02-13 15:22:42,388 - INFO - [Group=Task3] CI_acc=96.80%
2026-02-13 15:22:42,388 - INFO - ======================================
2026-02-13 15:22:42,389 - INFO - ========== Task 4: classes [8, 9] ==========
2026-02-13 15:24:12,788 - INFO - [After Task 4] Task-IL Avg=91.87% | Class-IL Avg=27.03%
2026-02-13 15:24:12,788 - INFO - ========== GROUP DIFFERENCES ==========
2026-02-13 15:24:16,727 - INFO - [Group=Task0] CI_acc=0.10%
2026-02-13 15:24:20,803 - INFO - [Group=Task1] CI_acc=0.00%
2026-02-13 15:24:24,958 - INFO - [Group=Task2] CI_acc=1.55%
2026-02-13 15:24:28,876 - INFO - [Group=Task3] CI_acc=40.30%
2026-02-13 15:24:33,003 - INFO - [Group=Task4] CI_acc=93.20%
2026-02-13 15:24:33,003 - INFO - ======================================
2026-02-13 15:24:33,003 - INFO - ========== FINAL METRICS ==========
2026-02-13 15:24:33,003 - INFO - Final Class-IL: 27.03% | BWT: -81.89%
