2026-02-13 16:23:50,367 - INFO - Config: {'device': 'cuda', 'lr': 0.001, 'epochs_per_task': 10, 'batch_size': 128, 'lambda_slice': 2.0, 'lambda_feat': 0.5, 'vae_epochs': 8, 'vae_n_fake_per_task': 32, 'lambda_adv_feat': 0.1, 'lambda_adv_slice': 0.1, 'slice_margin': 0.3, 'lambda_margin': 0.5}
2026-02-13 16:23:50,374 - INFO - ========== Task 0: classes [0, 1] ==========
2026-02-13 16:24:38,087 - INFO - [Task 0 | ep 0 | step 0] loss=0.8827 | CI_T0=63.28%
2026-02-13 16:24:43,304 - INFO - [Task 0 | ep 0 | step 50] loss=0.2878 | CI_T0=76.61%
2026-02-13 16:24:52,834 - INFO - [Task 0 | ep 1 | step 100] loss=0.3192 | CI_T0=91.22%
2026-02-13 16:24:58,064 - INFO - [Task 0 | ep 1 | step 150] loss=0.1662 | CI_T0=91.98%
2026-02-13 16:25:07,604 - INFO - [Task 0 | ep 2 | step 200] loss=0.2163 | CI_T0=92.49%
2026-02-13 16:25:17,214 - INFO - [Task 0 | ep 3 | step 250] loss=0.1547 | CI_T0=94.26%
2026-02-13 16:25:22,434 - INFO - [Task 0 | ep 3 | step 300] loss=0.0956 | CI_T0=94.28%
2026-02-13 16:25:31,975 - INFO - [Task 0 | ep 4 | step 350] loss=0.1244 | CI_T0=94.92%
2026-02-13 16:25:41,588 - INFO - [Task 0 | ep 5 | step 400] loss=0.1041 | CI_T0=95.33%
2026-02-13 16:25:46,784 - INFO - [Task 0 | ep 5 | step 450] loss=0.1151 | CI_T0=95.70%
2026-02-13 16:25:56,302 - INFO - [Task 0 | ep 6 | step 500] loss=0.1010 | CI_T0=96.06%
2026-02-13 16:26:05,831 - INFO - [Task 0 | ep 7 | step 550] loss=0.0979 | CI_T0=96.53%
2026-02-13 16:26:11,036 - INFO - [Task 0 | ep 7 | step 600] loss=0.1486 | CI_T0=96.01%
2026-02-13 16:26:20,498 - INFO - [Task 0 | ep 8 | step 650] loss=0.0656 | CI_T0=95.45%
2026-02-13 16:26:25,771 - INFO - [Task 0 | ep 8 | step 700] loss=0.1174 | CI_T0=95.70%
2026-02-13 16:26:35,209 - INFO - [Task 0 | ep 9 | step 750] loss=0.0570 | CI_T0=94.96%
2026-02-13 16:26:43,822 - INFO - [After Task 0] Class-IL Avg=96.05%
2026-02-13 16:26:43,822 - INFO - ========== GROUP DIFFERENCES ==========
2026-02-13 16:26:47,979 - INFO - [Group=Task0] CI_acc=96.05%
2026-02-13 16:26:47,979 - INFO - ======================================
2026-02-13 16:26:47,979 - INFO - ========== Task 1: classes [2, 3] ==========
2026-02-13 16:27:40,584 - INFO - [Task 1 | ep 0 | step 0] loss=5.7419 | CI_T0=90.72% | CI_T1=5.22%
2026-02-13 16:27:50,995 - INFO - [Task 1 | ep 0 | step 50] loss=2.0063 | CI_T0=34.78% | CI_T1=46.55%
2026-02-13 16:28:05,791 - INFO - [Task 1 | ep 1 | step 100] loss=2.0424 | CI_T0=30.65% | CI_T1=60.75%
2026-02-13 16:28:16,337 - INFO - [Task 1 | ep 1 | step 150] loss=2.1221 | CI_T0=16.93% | CI_T1=68.28%
2026-02-13 16:28:31,191 - INFO - [Task 1 | ep 2 | step 200] loss=2.0462 | CI_T0=11.81% | CI_T1=72.39%
2026-02-13 16:28:45,978 - INFO - [Task 1 | ep 3 | step 250] loss=2.1905 | CI_T0=25.17% | CI_T1=64.73%
2026-02-13 16:28:56,559 - INFO - [Task 1 | ep 3 | step 300] loss=2.2061 | CI_T0=16.00% | CI_T1=73.83%
2026-02-13 16:29:11,381 - INFO - [Task 1 | ep 4 | step 350] loss=2.1092 | CI_T0=23.16% | CI_T1=64.75%
2026-02-13 16:29:26,463 - INFO - [Task 1 | ep 5 | step 400] loss=1.9699 | CI_T0=22.87% | CI_T1=63.71%
2026-02-13 16:29:36,958 - INFO - [Task 1 | ep 5 | step 450] loss=2.2525 | CI_T0=15.41% | CI_T1=69.55%
2026-02-13 16:29:51,752 - INFO - [Task 1 | ep 6 | step 500] loss=2.1660 | CI_T0=29.49% | CI_T1=62.30%
2026-02-13 16:30:06,647 - INFO - [Task 1 | ep 7 | step 550] loss=2.1227 | CI_T0=18.82% | CI_T1=71.55%
2026-02-13 16:30:17,160 - INFO - [Task 1 | ep 7 | step 600] loss=2.1022 | CI_T0=22.25% | CI_T1=68.92%
2026-02-13 16:30:31,945 - INFO - [Task 1 | ep 8 | step 650] loss=2.2818 | CI_T0=27.79% | CI_T1=62.67%
2026-02-13 16:30:42,536 - INFO - [Task 1 | ep 8 | step 700] loss=2.0952 | CI_T0=23.38% | CI_T1=70.67%
2026-02-13 16:30:57,536 - INFO - [Task 1 | ep 9 | step 750] loss=2.1513 | CI_T0=17.84% | CI_T1=72.30%
2026-02-13 16:31:14,474 - INFO - [After Task 1] Class-IL Avg=47.52%
2026-02-13 16:31:14,474 - INFO - ========== GROUP DIFFERENCES ==========
2026-02-13 16:31:18,540 - INFO - [Group=Task0] CI_acc=20.05%
2026-02-13 16:31:22,690 - INFO - [Group=Task1] CI_acc=75.00%
2026-02-13 16:31:22,690 - INFO - ======================================
2026-02-13 16:31:22,690 - INFO - ========== Task 2: classes [4, 5] ==========
2026-02-13 16:32:20,470 - INFO - [Task 2 | ep 0 | step 0] loss=6.0904 | CI_T0=23.92% | CI_T1=72.56% | CI_T2=0.02%
2026-02-13 16:32:36,080 - INFO - [Task 2 | ep 0 | step 50] loss=2.4166 | CI_T0=12.95% | CI_T1=1.06% | CI_T2=52.64%
2026-02-13 16:32:55,974 - INFO - [Task 2 | ep 1 | step 100] loss=2.4678 | CI_T0=3.36% | CI_T1=0.00% | CI_T2=52.21%
2026-02-13 16:33:11,505 - INFO - [Task 2 | ep 1 | step 150] loss=2.4035 | CI_T0=0.78% | CI_T1=0.02% | CI_T2=58.13%
2026-02-13 16:33:31,274 - INFO - [Task 2 | ep 2 | step 200] loss=2.2904 | CI_T0=3.89% | CI_T1=0.03% | CI_T2=53.98%
2026-02-13 16:33:51,467 - INFO - [Task 2 | ep 3 | step 250] loss=2.4045 | CI_T0=6.54% | CI_T1=0.05% | CI_T2=56.78%
2026-02-13 16:34:07,270 - INFO - [Task 2 | ep 3 | step 300] loss=2.4321 | CI_T0=2.65% | CI_T1=0.10% | CI_T2=62.87%
2026-02-13 16:34:27,108 - INFO - [Task 2 | ep 4 | step 350] loss=2.5289 | CI_T0=5.21% | CI_T1=0.05% | CI_T2=60.59%
2026-02-13 16:34:46,901 - INFO - [Task 2 | ep 5 | step 400] loss=2.6061 | CI_T0=8.02% | CI_T1=0.05% | CI_T2=61.68%
2026-02-13 16:35:02,487 - INFO - [Task 2 | ep 5 | step 450] loss=2.7331 | CI_T0=9.26% | CI_T1=0.02% | CI_T2=57.25%
2026-02-13 16:35:22,239 - INFO - [Task 2 | ep 6 | step 500] loss=2.8853 | CI_T0=10.73% | CI_T1=0.07% | CI_T2=55.10%
2026-02-13 16:35:42,041 - INFO - [Task 2 | ep 7 | step 550] loss=2.6486 | CI_T0=11.82% | CI_T1=0.22% | CI_T2=55.18%
2026-02-13 16:35:57,608 - INFO - [Task 2 | ep 7 | step 600] loss=2.6315 | CI_T0=10.39% | CI_T1=0.26% | CI_T2=58.84%
2026-02-13 16:36:17,604 - INFO - [Task 2 | ep 8 | step 650] loss=2.7126 | CI_T0=5.86% | CI_T1=0.06% | CI_T2=64.32%
2026-02-13 16:36:33,143 - INFO - [Task 2 | ep 8 | step 700] loss=2.7365 | CI_T0=6.63% | CI_T1=0.47% | CI_T2=69.37%
2026-02-13 16:36:52,800 - INFO - [Task 2 | ep 9 | step 750] loss=2.7353 | CI_T0=9.46% | CI_T1=0.83% | CI_T2=64.28%
2026-02-13 16:37:17,716 - INFO - [After Task 2] Class-IL Avg=26.23%
2026-02-13 16:37:17,716 - INFO - ========== GROUP DIFFERENCES ==========
2026-02-13 16:37:21,816 - INFO - [Group=Task0] CI_acc=16.70%
2026-02-13 16:37:25,804 - INFO - [Group=Task1] CI_acc=1.50%
2026-02-13 16:37:29,738 - INFO - [Group=Task2] CI_acc=60.50%
2026-02-13 16:37:29,739 - INFO - ======================================
2026-02-13 16:37:29,739 - INFO - ========== Task 3: classes [6, 7] ==========
2026-02-13 16:38:32,545 - INFO - [Task 3 | ep 0 | step 0] loss=8.0167 | CI_T0=15.81% | CI_T1=0.32% | CI_T2=55.43% | CI_T3=0.00%
2026-02-13 16:38:52,931 - INFO - [Task 3 | ep 0 | step 50] loss=3.1032 | CI_T0=2.82% | CI_T1=1.20% | CI_T2=9.21% | CI_T3=61.71%
2026-02-13 16:39:17,877 - INFO - [Task 3 | ep 1 | step 100] loss=2.7275 | CI_T0=5.14% | CI_T1=0.61% | CI_T2=1.69% | CI_T3=79.56%
2026-02-13 16:39:38,310 - INFO - [Task 3 | ep 1 | step 150] loss=2.7361 | CI_T0=5.58% | CI_T1=0.24% | CI_T2=0.37% | CI_T3=87.78%
2026-02-13 16:40:03,127 - INFO - [Task 3 | ep 2 | step 200] loss=2.7217 | CI_T0=5.93% | CI_T1=1.43% | CI_T2=4.31% | CI_T3=90.74%
2026-02-13 16:40:28,188 - INFO - [Task 3 | ep 3 | step 250] loss=2.8231 | CI_T0=7.06% | CI_T1=1.12% | CI_T2=1.73% | CI_T3=89.33%
2026-02-13 16:40:48,741 - INFO - [Task 3 | ep 3 | step 300] loss=2.8101 | CI_T0=15.12% | CI_T1=1.03% | CI_T2=4.87% | CI_T3=90.87%
2026-02-13 16:41:13,650 - INFO - [Task 3 | ep 4 | step 350] loss=2.7952 | CI_T0=9.46% | CI_T1=2.15% | CI_T2=5.26% | CI_T3=91.26%
2026-02-13 16:41:38,330 - INFO - [Task 3 | ep 5 | step 400] loss=2.8678 | CI_T0=13.95% | CI_T1=1.54% | CI_T2=2.82% | CI_T3=90.75%
2026-02-13 16:41:58,727 - INFO - [Task 3 | ep 5 | step 450] loss=2.8532 | CI_T0=13.36% | CI_T1=0.78% | CI_T2=4.22% | CI_T3=91.36%
2026-02-13 16:42:23,487 - INFO - [Task 3 | ep 6 | step 500] loss=2.9799 | CI_T0=13.46% | CI_T1=1.03% | CI_T2=4.30% | CI_T3=93.09%
2026-02-13 16:42:48,402 - INFO - [Task 3 | ep 7 | step 550] loss=2.9564 | CI_T0=13.52% | CI_T1=1.53% | CI_T2=4.52% | CI_T3=88.65%
2026-02-13 16:43:09,072 - INFO - [Task 3 | ep 7 | step 600] loss=3.0427 | CI_T0=21.84% | CI_T1=0.85% | CI_T2=4.74% | CI_T3=90.34%
2026-02-13 16:43:34,009 - INFO - [Task 3 | ep 8 | step 650] loss=3.0018 | CI_T0=14.87% | CI_T1=2.25% | CI_T2=4.98% | CI_T3=89.61%
2026-02-13 16:43:54,445 - INFO - [Task 3 | ep 8 | step 700] loss=3.2327 | CI_T0=24.43% | CI_T1=1.74% | CI_T2=8.66% | CI_T3=89.28%
2026-02-13 16:44:19,596 - INFO - [Task 3 | ep 9 | step 750] loss=3.0670 | CI_T0=19.51% | CI_T1=2.46% | CI_T2=7.23% | CI_T3=86.69%
2026-02-13 16:44:53,028 - INFO - [After Task 3] Class-IL Avg=33.14%
2026-02-13 16:44:53,028 - INFO - ========== GROUP DIFFERENCES ==========
2026-02-13 16:44:57,059 - INFO - [Group=Task0] CI_acc=30.95%
2026-02-13 16:45:01,224 - INFO - [Group=Task1] CI_acc=3.45%
2026-02-13 16:45:05,175 - INFO - [Group=Task2] CI_acc=12.85%
2026-02-13 16:45:09,276 - INFO - [Group=Task3] CI_acc=85.30%
2026-02-13 16:45:09,276 - INFO - ======================================
2026-02-13 16:45:09,277 - INFO - ========== Task 4: classes [8, 9] ==========
2026-02-13 16:46:16,417 - INFO - [Task 4 | ep 0 | step 0] loss=8.9287 | CI_T0=26.67% | CI_T1=2.61% | CI_T2=17.08% | CI_T3=84.95% | CI_T4=0.00%
2026-02-13 16:46:41,986 - INFO - [Task 4 | ep 0 | step 50] loss=3.3890 | CI_T0=18.63% | CI_T1=0.46% | CI_T2=18.59% | CI_T3=4.28% | CI_T4=51.83%
2026-02-13 16:47:11,942 - INFO - [Task 4 | ep 1 | step 100] loss=2.7106 | CI_T0=13.36% | CI_T1=0.16% | CI_T2=10.42% | CI_T3=3.56% | CI_T4=68.46%
2026-02-13 16:47:37,780 - INFO - [Task 4 | ep 1 | step 150] loss=2.8410 | CI_T0=5.52% | CI_T1=0.07% | CI_T2=5.21% | CI_T3=2.13% | CI_T4=74.36%
2026-02-13 16:48:07,796 - INFO - [Task 4 | ep 2 | step 200] loss=2.7973 | CI_T0=6.51% | CI_T1=0.28% | CI_T2=3.48% | CI_T3=2.72% | CI_T4=76.65%
2026-02-13 16:48:37,749 - INFO - [Task 4 | ep 3 | step 250] loss=2.9572 | CI_T0=5.57% | CI_T1=0.17% | CI_T2=5.60% | CI_T3=1.79% | CI_T4=73.74%
2026-02-13 16:49:03,318 - INFO - [Task 4 | ep 3 | step 300] loss=3.1552 | CI_T0=4.62% | CI_T1=0.48% | CI_T2=4.62% | CI_T3=1.95% | CI_T4=77.56%
2026-02-13 16:49:33,312 - INFO - [Task 4 | ep 4 | step 350] loss=3.0854 | CI_T0=3.56% | CI_T1=0.16% | CI_T2=5.09% | CI_T3=2.00% | CI_T4=77.29%
2026-02-13 16:50:03,282 - INFO - [Task 4 | ep 5 | step 400] loss=3.0570 | CI_T0=5.89% | CI_T1=0.39% | CI_T2=5.41% | CI_T3=2.04% | CI_T4=78.34%
2026-02-13 16:50:29,115 - INFO - [Task 4 | ep 5 | step 450] loss=3.0049 | CI_T0=2.94% | CI_T1=0.25% | CI_T2=2.34% | CI_T3=1.05% | CI_T4=70.50%
2026-02-13 16:50:59,319 - INFO - [Task 4 | ep 6 | step 500] loss=3.0464 | CI_T0=5.05% | CI_T1=0.34% | CI_T2=3.22% | CI_T3=1.19% | CI_T4=76.09%
2026-02-13 16:51:29,306 - INFO - [Task 4 | ep 7 | step 550] loss=3.1968 | CI_T0=6.19% | CI_T1=0.58% | CI_T2=2.86% | CI_T3=2.63% | CI_T4=74.04%
2026-02-13 16:51:54,700 - INFO - [Task 4 | ep 7 | step 600] loss=3.2065 | CI_T0=6.74% | CI_T1=0.73% | CI_T2=7.41% | CI_T3=2.26% | CI_T4=75.81%
2026-02-13 16:52:24,820 - INFO - [Task 4 | ep 8 | step 650] loss=3.1984 | CI_T0=6.23% | CI_T1=0.71% | CI_T2=5.04% | CI_T3=1.85% | CI_T4=75.93%
2026-02-13 16:52:50,254 - INFO - [Task 4 | ep 8 | step 700] loss=3.2140 | CI_T0=5.46% | CI_T1=0.32% | CI_T2=5.04% | CI_T3=1.92% | CI_T4=71.40%
2026-02-13 16:53:20,005 - INFO - [Task 4 | ep 9 | step 750] loss=3.2254 | CI_T0=8.96% | CI_T1=0.41% | CI_T2=9.02% | CI_T3=4.26% | CI_T4=77.43%
2026-02-13 16:54:01,376 - INFO - [After Task 4] Class-IL Avg=23.32%
2026-02-13 16:54:01,377 - INFO - ========== GROUP DIFFERENCES ==========
2026-02-13 16:54:05,502 - INFO - [Group=Task0] CI_acc=17.15%
2026-02-13 16:54:09,626 - INFO - [Group=Task1] CI_acc=0.95%
2026-02-13 16:54:13,677 - INFO - [Group=Task2] CI_acc=12.55%
2026-02-13 16:54:17,600 - INFO - [Group=Task3] CI_acc=6.85%
2026-02-13 16:54:21,697 - INFO - [Group=Task4] CI_acc=79.10%
2026-02-13 16:54:21,697 - INFO - ======================================
2026-02-13 16:54:21,697 - INFO - ========== FINAL Class-IL: 23.32% BWT: -69.84% ==========
