2026-02-13 15:33:09,353 - INFO - Device: cuda
2026-02-13 15:33:09,353 - INFO - Config: {'device': 'cuda', 'lr': 0.001, 'epochs_per_task': 10, 'batch_size': 128, 'lambda_slice': 2.0, 'lambda_feat': 0.5, 'ewc_lambda': 0.0, 'si_lambda': 0.0, 'seed': 42}
2026-02-13 15:33:09,372 - INFO - ========== Task 0: classes [0, 1] ==========
2026-02-13 15:34:08,015 - INFO - [After Task 0] Task-IL Avg=96.60% | Class-IL Avg=96.60%
2026-02-13 15:34:08,015 - INFO - ========== GROUP DIFFERENCES ==========
2026-02-13 15:34:12,160 - INFO - [Group=Task0] CI_acc=96.60%
2026-02-13 15:34:12,160 - INFO - ======================================
2026-02-13 15:34:12,160 - INFO - ========== Task 1: classes [2, 3] ==========
2026-02-13 15:35:18,374 - INFO - [After Task 1] Task-IL Avg=90.55% | Class-IL Avg=46.02%
2026-02-13 15:35:18,375 - INFO - ========== GROUP DIFFERENCES ==========
2026-02-13 15:35:22,553 - INFO - [Group=Task0] CI_acc=6.85%
2026-02-13 15:35:26,580 - INFO - [Group=Task1] CI_acc=85.20%
2026-02-13 15:35:26,580 - INFO - ======================================
2026-02-13 15:35:26,580 - INFO - ========== Task 2: classes [4, 5] ==========
2026-02-13 15:36:40,581 - INFO - [After Task 2] Task-IL Avg=90.02% | Class-IL Avg=33.35%
2026-02-13 15:36:40,581 - INFO - ========== GROUP DIFFERENCES ==========
2026-02-13 15:36:44,573 - INFO - [Group=Task0] CI_acc=4.05%
2026-02-13 15:36:48,719 - INFO - [Group=Task1] CI_acc=5.10%
2026-02-13 15:36:52,629 - INFO - [Group=Task2] CI_acc=90.90%
2026-02-13 15:36:52,629 - INFO - ======================================
2026-02-13 15:36:52,629 - INFO - ========== Task 3: classes [6, 7] ==========
2026-02-13 15:38:15,088 - INFO - [After Task 3] Task-IL Avg=91.67% | Class-IL Avg=28.44%
2026-02-13 15:38:15,088 - INFO - ========== GROUP DIFFERENCES ==========
2026-02-13 15:38:19,034 - INFO - [Group=Task0] CI_acc=3.35%
2026-02-13 15:38:23,147 - INFO - [Group=Task1] CI_acc=0.50%
2026-02-13 15:38:27,292 - INFO - [Group=Task2] CI_acc=13.10%
2026-02-13 15:38:31,329 - INFO - [Group=Task3] CI_acc=96.80%
2026-02-13 15:38:31,329 - INFO - ======================================
2026-02-13 15:38:31,329 - INFO - ========== Task 4: classes [8, 9] ==========
2026-02-13 15:40:02,057 - INFO - [After Task 4] Task-IL Avg=91.87% | Class-IL Avg=27.03%
2026-02-13 15:40:02,057 - INFO - ========== GROUP DIFFERENCES ==========
2026-02-13 15:40:06,081 - INFO - [Group=Task0] CI_acc=0.10%
2026-02-13 15:40:10,260 - INFO - [Group=Task1] CI_acc=0.00%
2026-02-13 15:40:14,176 - INFO - [Group=Task2] CI_acc=1.55%
2026-02-13 15:40:18,301 - INFO - [Group=Task3] CI_acc=40.30%
2026-02-13 15:40:22,451 - INFO - [Group=Task4] CI_acc=93.20%
2026-02-13 15:40:22,452 - INFO - ======================================
2026-02-13 15:40:22,452 - INFO - ========== FINAL METRICS ==========
2026-02-13 15:40:22,452 - INFO - Final Class-IL: 27.03% | BWT: -81.89%
