2026-02-13 15:41:05,192 - INFO - Config: {'device': 'cuda', 'lr': 0.001, 'epochs_per_task': 10, 'batch_size': 128, 'lambda_slice': 2.0, 'lambda_feat': 0.5, 'vae_epochs': 8, 'vae_n_fake_per_task': 32, 'si_lambda': 0.5}
2026-02-13 15:41:05,202 - INFO - ========== Task 0: classes [0, 1] ==========
2026-02-13 15:42:42,055 - INFO - [After Task 0] Class-IL Avg=93.15%
2026-02-13 15:42:42,056 - INFO - ========== GROUP DIFFERENCES ==========
2026-02-13 15:42:46,207 - INFO - [Group=Task0] CI_acc=93.15%
2026-02-13 15:42:46,208 - INFO - ======================================
2026-02-13 15:42:46,208 - INFO - ========== Task 1: classes [2, 3] ==========
2026-02-13 15:44:32,139 - INFO - [After Task 1] Class-IL Avg=44.73%
2026-02-13 15:44:32,139 - INFO - ========== GROUP DIFFERENCES ==========
2026-02-13 15:44:36,223 - INFO - [Group=Task0] CI_acc=5.30%
2026-02-13 15:44:40,346 - INFO - [Group=Task1] CI_acc=84.15%
2026-02-13 15:44:40,346 - INFO - ======================================
2026-02-13 15:44:40,346 - INFO - ========== Task 2: classes [4, 5] ==========
2026-02-13 15:46:37,278 - INFO - [After Task 2] Class-IL Avg=28.33%
2026-02-13 15:46:37,278 - INFO - ========== GROUP DIFFERENCES ==========
2026-02-13 15:46:41,385 - INFO - [Group=Task0] CI_acc=0.50%
2026-02-13 15:46:45,533 - INFO - [Group=Task1] CI_acc=1.20%
2026-02-13 15:46:49,462 - INFO - [Group=Task2] CI_acc=83.30%
2026-02-13 15:46:49,462 - INFO - ======================================
2026-02-13 15:46:49,463 - INFO - ========== Task 3: classes [6, 7] ==========
2026-02-13 15:48:56,717 - INFO - [After Task 3] Class-IL Avg=24.81%
2026-02-13 15:48:56,718 - INFO - ========== GROUP DIFFERENCES ==========
2026-02-13 15:49:00,685 - INFO - [Group=Task0] CI_acc=2.20%
2026-02-13 15:49:04,739 - INFO - [Group=Task1] CI_acc=0.85%
2026-02-13 15:49:08,888 - INFO - [Group=Task2] CI_acc=3.15%
2026-02-13 15:49:12,866 - INFO - [Group=Task3] CI_acc=93.05%
2026-02-13 15:49:12,866 - INFO - ======================================
2026-02-13 15:49:12,867 - INFO - ========== Task 4: classes [8, 9] ==========
2026-02-13 15:51:30,883 - INFO - [After Task 4] Class-IL Avg=19.01%
2026-02-13 15:51:30,883 - INFO - ========== GROUP DIFFERENCES ==========
2026-02-13 15:51:34,834 - INFO - [Group=Task0] CI_acc=0.55%
2026-02-13 15:51:38,898 - INFO - [Group=Task1] CI_acc=0.15%
2026-02-13 15:51:43,044 - INFO - [Group=Task2] CI_acc=1.55%
2026-02-13 15:51:46,975 - INFO - [Group=Task3] CI_acc=2.85%
2026-02-13 15:51:51,102 - INFO - [Group=Task4] CI_acc=89.95%
2026-02-13 15:51:51,102 - INFO - ======================================
2026-02-13 15:51:51,102 - INFO - ========== FINAL Class-IL: 19.01% BWT: -87.14% ==========
