2026-02-13 15:25:15,620 - INFO - Device: cuda
2026-02-13 15:25:15,621 - INFO - Config: {'device': 'cuda', 'lr': 0.001, 'epochs_per_task': 10, 'batch_size': 128, 'lambda_slice': 2.0, 'lambda_feat': 0.5, 'ewc_lambda': 0.0, 'si_lambda': 0.0, 'seed': 42}
2026-02-13 15:25:15,628 - INFO - ========== Task 0: classes [0, 1] ==========
2026-02-13 15:26:12,767 - INFO - [After Task 0] Task-IL Avg=96.60% | Class-IL Avg=96.60%
2026-02-13 15:26:12,767 - INFO - ========== GROUP DIFFERENCES ==========
2026-02-13 15:26:16,723 - INFO - [Group=Task0] CI_acc=96.60%
2026-02-13 15:26:16,724 - INFO - ======================================
2026-02-13 15:26:16,724 - INFO - ========== Task 1: classes [2, 3] ==========
2026-02-13 15:27:22,773 - INFO - [After Task 1] Task-IL Avg=90.55% | Class-IL Avg=46.02%
2026-02-13 15:27:22,774 - INFO - ========== GROUP DIFFERENCES ==========
2026-02-13 15:27:26,936 - INFO - [Group=Task0] CI_acc=6.85%
2026-02-13 15:27:31,100 - INFO - [Group=Task1] CI_acc=85.20%
2026-02-13 15:27:31,101 - INFO - ======================================
2026-02-13 15:27:31,101 - INFO - ========== Task 2: classes [4, 5] ==========
2026-02-13 15:28:45,298 - INFO - [After Task 2] Task-IL Avg=90.02% | Class-IL Avg=33.35%
2026-02-13 15:28:45,298 - INFO - ========== GROUP DIFFERENCES ==========
2026-02-13 15:28:49,475 - INFO - [Group=Task0] CI_acc=4.05%
2026-02-13 15:28:53,428 - INFO - [Group=Task1] CI_acc=5.10%
2026-02-13 15:28:57,523 - INFO - [Group=Task2] CI_acc=90.90%
2026-02-13 15:28:57,523 - INFO - ======================================
2026-02-13 15:28:57,523 - INFO - ========== Task 3: classes [6, 7] ==========
2026-02-13 15:30:19,680 - INFO - [After Task 3] Task-IL Avg=91.67% | Class-IL Avg=28.44%
2026-02-13 15:30:19,680 - INFO - ========== GROUP DIFFERENCES ==========
2026-02-13 15:30:23,843 - INFO - [Group=Task0] CI_acc=3.35%
2026-02-13 15:30:28,047 - INFO - [Group=Task1] CI_acc=0.50%
2026-02-13 15:30:32,063 - INFO - [Group=Task2] CI_acc=13.10%
2026-02-13 15:30:36,084 - INFO - [Group=Task3] CI_acc=96.80%
2026-02-13 15:30:36,084 - INFO - ======================================
2026-02-13 15:30:36,084 - INFO - ========== Task 4: classes [8, 9] ==========
2026-02-13 15:32:06,455 - INFO - [After Task 4] Task-IL Avg=91.87% | Class-IL Avg=27.03%
2026-02-13 15:32:06,457 - INFO - ========== GROUP DIFFERENCES ==========
2026-02-13 15:32:10,607 - INFO - [Group=Task0] CI_acc=0.10%
2026-02-13 15:32:14,628 - INFO - [Group=Task1] CI_acc=0.00%
2026-02-13 15:32:18,633 - INFO - [Group=Task2] CI_acc=1.55%
2026-02-13 15:32:22,562 - INFO - [Group=Task3] CI_acc=40.30%
2026-02-13 15:32:26,651 - INFO - [Group=Task4] CI_acc=93.20%
2026-02-13 15:32:26,651 - INFO - ======================================
2026-02-13 15:32:26,651 - INFO - ========== FINAL METRICS ==========
2026-02-13 15:32:26,651 - INFO - Final Class-IL: 27.03% | BWT: -81.89%
