2026-02-13 16:55:04,465 - INFO - Config: {'device': 'cuda', 'lr': 0.001, 'epochs_per_task': 10, 'batch_size': 128, 'lambda_slice': 2.0, 'lambda_feat': 0.5, 'vae_epochs': 10, 'vae_n_fake_per_task': 64, 'fake_cap': 256}
2026-02-13 16:55:04,475 - INFO - ========== Task 0: classes [0, 1] ==========
2026-02-13 16:56:50,449 - INFO - [After Task 0] Class-IL Avg=97.25%
2026-02-13 16:56:50,449 - INFO - ========== GROUP DIFFERENCES ==========
2026-02-13 16:56:54,598 - INFO - [Group=Task0] CI_acc=97.25%
2026-02-13 16:56:54,598 - INFO - ======================================
2026-02-13 16:56:54,598 - INFO - ========== Task 1: classes [2, 3] ==========
2026-02-13 16:58:49,322 - INFO - [After Task 1] Class-IL Avg=49.45%
2026-02-13 16:58:49,323 - INFO - ========== GROUP DIFFERENCES ==========
2026-02-13 16:58:53,414 - INFO - [Group=Task0] CI_acc=14.40%
2026-02-13 16:58:57,557 - INFO - [Group=Task1] CI_acc=84.50%
2026-02-13 16:58:57,558 - INFO - ======================================
2026-02-13 16:58:57,558 - INFO - ========== Task 2: classes [4, 5] ==========
2026-02-13 17:01:01,235 - INFO - [After Task 2] Class-IL Avg=26.43%
2026-02-13 17:01:01,236 - INFO - ========== GROUP DIFFERENCES ==========
2026-02-13 17:01:05,364 - INFO - [Group=Task0] CI_acc=1.90%
2026-02-13 17:01:09,520 - INFO - [Group=Task1] CI_acc=0.20%
2026-02-13 17:01:13,543 - INFO - [Group=Task2] CI_acc=77.20%
2026-02-13 17:01:13,543 - INFO - ======================================
2026-02-13 17:01:13,543 - INFO - ========== Task 3: classes [6, 7] ==========
2026-02-13 17:03:28,681 - INFO - [After Task 3] Class-IL Avg=25.20%
2026-02-13 17:03:28,681 - INFO - ========== GROUP DIFFERENCES ==========
2026-02-13 17:03:32,697 - INFO - [Group=Task0] CI_acc=4.80%
2026-02-13 17:03:36,631 - INFO - [Group=Task1] CI_acc=0.40%
2026-02-13 17:03:40,809 - INFO - [Group=Task2] CI_acc=2.85%
2026-02-13 17:03:44,915 - INFO - [Group=Task3] CI_acc=92.75%
2026-02-13 17:03:44,915 - INFO - ======================================
2026-02-13 17:03:44,916 - INFO - ========== Task 4: classes [8, 9] ==========
2026-02-13 17:06:11,398 - INFO - [After Task 4] Class-IL Avg=18.52%
2026-02-13 17:06:11,398 - INFO - ========== GROUP DIFFERENCES ==========
2026-02-13 17:06:15,641 - INFO - [Group=Task0] CI_acc=0.60%
2026-02-13 17:06:19,578 - INFO - [Group=Task1] CI_acc=0.00%
2026-02-13 17:06:23,674 - INFO - [Group=Task2] CI_acc=0.45%
2026-02-13 17:06:27,603 - INFO - [Group=Task3] CI_acc=2.95%
2026-02-13 17:06:31,675 - INFO - [Group=Task4] CI_acc=88.60%
2026-02-13 17:06:31,675 - INFO - ======================================
2026-02-13 17:06:31,675 - INFO - ========== FINAL Class-IL: 18.52% BWT: -86.93% ==========
