2026-02-13 15:52:33,784 - INFO - Config: {'device': 'cuda', 'lr': 0.001, 'epochs_per_task': 10, 'batch_size': 128, 'lambda_slice': 2.0, 'lambda_feat': 0.5, 'vae_epochs': 8, 'vae_n_fake_per_task': 32, 'lambda_adv_feat': 0.1, 'lambda_adv_slice': 0.1}
2026-02-13 15:52:33,794 - INFO - ========== Task 0: classes [0, 1] ==========
2026-02-13 15:53:21,946 - INFO - [Task 0 | ep 0 | step 0] loss=0.8827 | CI_T0=63.28%
2026-02-13 15:53:27,356 - INFO - [Task 0 | ep 0 | step 50] loss=0.2878 | CI_T0=76.61%
2026-02-13 15:53:37,009 - INFO - [Task 0 | ep 1 | step 100] loss=0.3192 | CI_T0=91.22%
2026-02-13 15:53:42,212 - INFO - [Task 0 | ep 1 | step 150] loss=0.1662 | CI_T0=91.98%
2026-02-13 15:53:51,841 - INFO - [Task 0 | ep 2 | step 200] loss=0.2163 | CI_T0=92.49%
2026-02-13 15:54:01,408 - INFO - [Task 0 | ep 3 | step 250] loss=0.1547 | CI_T0=94.26%
2026-02-13 15:54:06,623 - INFO - [Task 0 | ep 3 | step 300] loss=0.0956 | CI_T0=94.28%
2026-02-13 15:54:16,170 - INFO - [Task 0 | ep 4 | step 350] loss=0.1244 | CI_T0=94.92%
2026-02-13 15:54:25,720 - INFO - [Task 0 | ep 5 | step 400] loss=0.1041 | CI_T0=95.33%
2026-02-13 15:54:30,985 - INFO - [Task 0 | ep 5 | step 450] loss=0.1151 | CI_T0=95.70%
2026-02-13 15:54:40,528 - INFO - [Task 0 | ep 6 | step 500] loss=0.1010 | CI_T0=96.06%
2026-02-13 15:54:50,240 - INFO - [Task 0 | ep 7 | step 550] loss=0.0979 | CI_T0=96.53%
2026-02-13 15:54:55,533 - INFO - [Task 0 | ep 7 | step 600] loss=0.1486 | CI_T0=96.01%
2026-02-13 15:55:05,072 - INFO - [Task 0 | ep 8 | step 650] loss=0.0656 | CI_T0=95.45%
2026-02-13 15:55:10,345 - INFO - [Task 0 | ep 8 | step 700] loss=0.1174 | CI_T0=95.70%
2026-02-13 15:55:19,853 - INFO - [Task 0 | ep 9 | step 750] loss=0.0570 | CI_T0=94.96%
2026-02-13 15:55:28,765 - INFO - [After Task 0] Class-IL Avg=96.05%
2026-02-13 15:55:28,765 - INFO - ========== GROUP DIFFERENCES ==========
2026-02-13 15:55:32,791 - INFO - [Group=Task0] CI_acc=96.05%
2026-02-13 15:55:32,791 - INFO - ======================================
2026-02-13 15:55:32,791 - INFO - ========== Task 1: classes [2, 3] ==========
2026-02-13 15:56:25,297 - INFO - [Task 1 | ep 0 | step 0] loss=5.7365 | CI_T0=90.57% | CI_T1=5.15%
2026-02-13 15:56:35,939 - INFO - [Task 1 | ep 0 | step 50] loss=1.9923 | CI_T0=32.50% | CI_T1=49.25%
2026-02-13 15:56:50,932 - INFO - [Task 1 | ep 1 | step 100] loss=2.0531 | CI_T0=27.55% | CI_T1=62.54%
2026-02-13 15:57:01,425 - INFO - [Task 1 | ep 1 | step 150] loss=2.0919 | CI_T0=25.47% | CI_T1=61.87%
2026-02-13 15:57:16,192 - INFO - [Task 1 | ep 2 | step 200] loss=2.0359 | CI_T0=17.92% | CI_T1=66.15%
2026-02-13 15:57:31,133 - INFO - [Task 1 | ep 3 | step 250] loss=2.2023 | CI_T0=22.09% | CI_T1=67.96%
2026-02-13 15:57:41,731 - INFO - [Task 1 | ep 3 | step 300] loss=2.2170 | CI_T0=27.17% | CI_T1=67.51%
2026-02-13 15:57:56,579 - INFO - [Task 1 | ep 4 | step 350] loss=2.0778 | CI_T0=27.97% | CI_T1=66.83%
2026-02-13 15:58:11,474 - INFO - [Task 1 | ep 5 | step 400] loss=2.1766 | CI_T0=29.80% | CI_T1=61.02%
2026-02-13 15:58:22,123 - INFO - [Task 1 | ep 5 | step 450] loss=2.1632 | CI_T0=32.32% | CI_T1=57.89%
2026-02-13 15:58:37,111 - INFO - [Task 1 | ep 6 | step 500] loss=2.1183 | CI_T0=43.16% | CI_T1=58.50%
2026-02-13 15:58:52,135 - INFO - [Task 1 | ep 7 | step 550] loss=2.1471 | CI_T0=36.03% | CI_T1=65.04%
2026-02-13 15:59:02,762 - INFO - [Task 1 | ep 7 | step 600] loss=2.1052 | CI_T0=32.64% | CI_T1=56.36%
2026-02-13 15:59:17,759 - INFO - [Task 1 | ep 8 | step 650] loss=2.1997 | CI_T0=37.86% | CI_T1=60.83%
2026-02-13 15:59:28,353 - INFO - [Task 1 | ep 8 | step 700] loss=2.2621 | CI_T0=29.10% | CI_T1=65.31%
2026-02-13 15:59:43,153 - INFO - [Task 1 | ep 9 | step 750] loss=2.2344 | CI_T0=21.67% | CI_T1=72.82%
2026-02-13 15:59:59,926 - INFO - [After Task 1] Class-IL Avg=53.23%
2026-02-13 15:59:59,926 - INFO - ========== GROUP DIFFERENCES ==========
2026-02-13 16:00:04,074 - INFO - [Group=Task0] CI_acc=32.70%
2026-02-13 16:00:08,101 - INFO - [Group=Task1] CI_acc=73.75%
2026-02-13 16:00:08,101 - INFO - ======================================
2026-02-13 16:00:08,101 - INFO - ========== Task 2: classes [4, 5] ==========
2026-02-13 16:01:05,686 - INFO - [Task 2 | ep 0 | step 0] loss=5.6901 | CI_T0=22.52% | CI_T1=69.21% | CI_T2=0.15%
2026-02-13 16:01:21,201 - INFO - [Task 2 | ep 0 | step 50] loss=2.2242 | CI_T0=26.27% | CI_T1=2.72% | CI_T2=49.83%
2026-02-13 16:01:41,285 - INFO - [Task 2 | ep 1 | step 100] loss=2.4248 | CI_T0=16.35% | CI_T1=0.12% | CI_T2=51.94%
2026-02-13 16:01:56,986 - INFO - [Task 2 | ep 1 | step 150] loss=2.3949 | CI_T0=3.91% | CI_T1=0.86% | CI_T2=62.03%
2026-02-13 16:02:16,855 - INFO - [Task 2 | ep 2 | step 200] loss=2.1883 | CI_T0=6.40% | CI_T1=0.06% | CI_T2=59.88%
2026-02-13 16:02:36,682 - INFO - [Task 2 | ep 3 | step 250] loss=2.2624 | CI_T0=9.45% | CI_T1=0.10% | CI_T2=62.89%
2026-02-13 16:02:52,262 - INFO - [Task 2 | ep 3 | step 300] loss=2.2830 | CI_T0=7.60% | CI_T1=0.29% | CI_T2=66.32%
2026-02-13 16:03:12,124 - INFO - [Task 2 | ep 4 | step 350] loss=2.3746 | CI_T0=12.07% | CI_T1=0.65% | CI_T2=65.69%
2026-02-13 16:03:32,048 - INFO - [Task 2 | ep 5 | step 400] loss=2.4422 | CI_T0=12.85% | CI_T1=0.96% | CI_T2=63.57%
2026-02-13 16:03:47,824 - INFO - [Task 2 | ep 5 | step 450] loss=2.4665 | CI_T0=13.62% | CI_T1=1.19% | CI_T2=60.61%
2026-02-13 16:04:07,828 - INFO - [Task 2 | ep 6 | step 500] loss=2.6670 | CI_T0=14.55% | CI_T1=0.35% | CI_T2=60.80%
2026-02-13 16:04:27,808 - INFO - [Task 2 | ep 7 | step 550] loss=2.5231 | CI_T0=12.99% | CI_T1=0.66% | CI_T2=61.71%
2026-02-13 16:04:43,585 - INFO - [Task 2 | ep 7 | step 600] loss=2.5443 | CI_T0=21.80% | CI_T1=0.89% | CI_T2=61.87%
2026-02-13 16:05:03,627 - INFO - [Task 2 | ep 8 | step 650] loss=2.5530 | CI_T0=23.29% | CI_T1=0.66% | CI_T2=57.62%
2026-02-13 16:05:19,259 - INFO - [Task 2 | ep 8 | step 700] loss=2.6616 | CI_T0=20.30% | CI_T1=1.62% | CI_T2=68.37%
2026-02-13 16:05:39,149 - INFO - [Task 2 | ep 9 | step 750] loss=2.6316 | CI_T0=21.02% | CI_T1=2.14% | CI_T2=64.90%
2026-02-13 16:06:04,012 - INFO - [After Task 2] Class-IL Avg=33.90%
2026-02-13 16:06:04,012 - INFO - ========== GROUP DIFFERENCES ==========
2026-02-13 16:06:08,163 - INFO - [Group=Task0] CI_acc=28.15%
2026-02-13 16:06:12,417 - INFO - [Group=Task1] CI_acc=4.75%
2026-02-13 16:06:16,562 - INFO - [Group=Task2] CI_acc=68.80%
2026-02-13 16:06:16,562 - INFO - ======================================
2026-02-13 16:06:16,563 - INFO - ========== Task 3: classes [6, 7] ==========
2026-02-13 16:07:19,343 - INFO - [Task 3 | ep 0 | step 0] loss=7.4967 | CI_T0=25.36% | CI_T1=1.90% | CI_T2=64.85% | CI_T3=0.00%
2026-02-13 16:07:39,684 - INFO - [Task 3 | ep 0 | step 50] loss=2.8562 | CI_T0=8.67% | CI_T1=3.17% | CI_T2=5.55% | CI_T3=65.75%
2026-02-13 16:08:04,550 - INFO - [Task 3 | ep 1 | step 100] loss=2.6050 | CI_T0=4.67% | CI_T1=0.31% | CI_T2=0.27% | CI_T3=76.05%
2026-02-13 16:08:25,067 - INFO - [Task 3 | ep 1 | step 150] loss=2.6087 | CI_T0=7.41% | CI_T1=0.60% | CI_T2=0.33% | CI_T3=86.48%
2026-02-13 16:08:49,900 - INFO - [Task 3 | ep 2 | step 200] loss=2.5972 | CI_T0=10.30% | CI_T1=1.07% | CI_T2=0.83% | CI_T3=92.48%
2026-02-13 16:09:14,702 - INFO - [Task 3 | ep 3 | step 250] loss=2.6633 | CI_T0=8.65% | CI_T1=1.69% | CI_T2=1.79% | CI_T3=88.62%
2026-02-13 16:09:35,319 - INFO - [Task 3 | ep 3 | step 300] loss=2.7307 | CI_T0=9.49% | CI_T1=1.05% | CI_T2=3.53% | CI_T3=92.23%
2026-02-13 16:10:00,452 - INFO - [Task 3 | ep 4 | step 350] loss=2.7904 | CI_T0=6.91% | CI_T1=1.92% | CI_T2=5.35% | CI_T3=87.88%
2026-02-13 16:10:25,300 - INFO - [Task 3 | ep 5 | step 400] loss=2.7994 | CI_T0=8.08% | CI_T1=2.13% | CI_T2=4.97% | CI_T3=80.81%
2026-02-13 16:10:46,039 - INFO - [Task 3 | ep 5 | step 450] loss=2.8973 | CI_T0=17.23% | CI_T1=6.44% | CI_T2=9.08% | CI_T3=89.79%
2026-02-13 16:11:10,890 - INFO - [Task 3 | ep 6 | step 500] loss=2.8339 | CI_T0=17.45% | CI_T1=3.16% | CI_T2=8.37% | CI_T3=87.85%
2026-02-13 16:11:35,857 - INFO - [Task 3 | ep 7 | step 550] loss=2.8078 | CI_T0=16.38% | CI_T1=3.86% | CI_T2=4.18% | CI_T3=78.33%
2026-02-13 16:11:56,247 - INFO - [Task 3 | ep 7 | step 600] loss=2.8698 | CI_T0=18.15% | CI_T1=4.35% | CI_T2=6.08% | CI_T3=86.28%
2026-02-13 16:12:21,240 - INFO - [Task 3 | ep 8 | step 650] loss=2.8651 | CI_T0=13.24% | CI_T1=5.32% | CI_T2=3.80% | CI_T3=79.46%
2026-02-13 16:12:41,776 - INFO - [Task 3 | ep 8 | step 700] loss=3.0751 | CI_T0=21.91% | CI_T1=4.63% | CI_T2=6.72% | CI_T3=86.21%
2026-02-13 16:13:06,591 - INFO - [Task 3 | ep 9 | step 750] loss=2.9206 | CI_T0=18.71% | CI_T1=4.05% | CI_T2=4.75% | CI_T3=84.04%
2026-02-13 16:13:39,616 - INFO - [After Task 3] Class-IL Avg=28.82%
2026-02-13 16:13:39,616 - INFO - ========== GROUP DIFFERENCES ==========
2026-02-13 16:13:43,526 - INFO - [Group=Task0] CI_acc=22.10%
2026-02-13 16:13:47,645 - INFO - [Group=Task1] CI_acc=4.70%
2026-02-13 16:13:51,650 - INFO - [Group=Task2] CI_acc=9.20%
2026-02-13 16:13:55,639 - INFO - [Group=Task3] CI_acc=79.30%
2026-02-13 16:13:55,639 - INFO - ======================================
2026-02-13 16:13:55,639 - INFO - ========== Task 4: classes [8, 9] ==========
2026-02-13 16:15:03,356 - INFO - [Task 4 | ep 0 | step 0] loss=9.0212 | CI_T0=31.34% | CI_T1=2.02% | CI_T2=17.03% | CI_T3=84.18% | CI_T4=0.00%
2026-02-13 16:15:28,770 - INFO - [Task 4 | ep 0 | step 50] loss=3.5222 | CI_T0=19.50% | CI_T1=1.61% | CI_T2=2.35% | CI_T3=1.00% | CI_T4=57.20%
2026-02-13 16:15:58,478 - INFO - [Task 4 | ep 1 | step 100] loss=2.9617 | CI_T0=12.26% | CI_T1=0.28% | CI_T2=0.46% | CI_T3=1.66% | CI_T4=70.94%
2026-02-13 16:16:23,822 - INFO - [Task 4 | ep 1 | step 150] loss=3.1031 | CI_T0=5.80% | CI_T1=0.06% | CI_T2=0.11% | CI_T3=0.95% | CI_T4=70.88%
2026-02-13 16:16:53,698 - INFO - [Task 4 | ep 2 | step 200] loss=2.9910 | CI_T0=5.19% | CI_T1=0.15% | CI_T2=0.05% | CI_T3=0.77% | CI_T4=74.56%
2026-02-13 16:17:23,686 - INFO - [Task 4 | ep 3 | step 250] loss=3.1002 | CI_T0=2.98% | CI_T1=0.10% | CI_T2=0.14% | CI_T3=0.50% | CI_T4=76.11%
2026-02-13 16:17:49,507 - INFO - [Task 4 | ep 3 | step 300] loss=3.3605 | CI_T0=2.52% | CI_T1=0.20% | CI_T2=0.19% | CI_T3=0.74% | CI_T4=77.13%
2026-02-13 16:18:19,512 - INFO - [Task 4 | ep 4 | step 350] loss=3.2255 | CI_T0=1.94% | CI_T1=0.45% | CI_T2=0.38% | CI_T3=1.16% | CI_T4=78.96%
2026-02-13 16:18:49,504 - INFO - [Task 4 | ep 5 | step 400] loss=3.3111 | CI_T0=4.22% | CI_T1=0.88% | CI_T2=0.76% | CI_T3=2.59% | CI_T4=79.44%
2026-02-13 16:19:15,115 - INFO - [Task 4 | ep 5 | step 450] loss=3.2257 | CI_T0=5.47% | CI_T1=1.70% | CI_T2=0.84% | CI_T3=4.20% | CI_T4=74.30%
2026-02-13 16:19:44,913 - INFO - [Task 4 | ep 6 | step 500] loss=3.2321 | CI_T0=8.86% | CI_T1=1.00% | CI_T2=1.13% | CI_T3=2.82% | CI_T4=76.22%
2026-02-13 16:20:14,891 - INFO - [Task 4 | ep 7 | step 550] loss=3.4873 | CI_T0=5.97% | CI_T1=1.86% | CI_T2=1.75% | CI_T3=2.89% | CI_T4=76.08%
2026-02-13 16:20:40,456 - INFO - [Task 4 | ep 7 | step 600] loss=3.3895 | CI_T0=9.16% | CI_T1=2.26% | CI_T2=0.79% | CI_T3=2.60% | CI_T4=72.99%
2026-02-13 16:21:10,366 - INFO - [Task 4 | ep 8 | step 650] loss=3.2712 | CI_T0=9.79% | CI_T1=1.63% | CI_T2=0.82% | CI_T3=2.72% | CI_T4=73.05%
2026-02-13 16:21:36,026 - INFO - [Task 4 | ep 8 | step 700] loss=3.3631 | CI_T0=8.68% | CI_T1=1.54% | CI_T2=0.44% | CI_T3=1.92% | CI_T4=65.45%
2026-02-13 16:22:05,863 - INFO - [Task 4 | ep 9 | step 750] loss=3.3433 | CI_T0=7.89% | CI_T1=2.47% | CI_T2=0.78% | CI_T3=2.29% | CI_T4=64.49%
2026-02-13 16:22:47,496 - INFO - [After Task 4] Class-IL Avg=17.01%
2026-02-13 16:22:47,497 - INFO - ========== GROUP DIFFERENCES ==========
2026-02-13 16:22:51,647 - INFO - [Group=Task0] CI_acc=10.85%
2026-02-13 16:22:55,841 - INFO - [Group=Task1] CI_acc=2.30%
2026-02-13 16:22:59,877 - INFO - [Group=Task2] CI_acc=0.30%
2026-02-13 16:23:03,872 - INFO - [Group=Task3] CI_acc=3.85%
2026-02-13 16:23:07,794 - INFO - [Group=Task4] CI_acc=67.75%
2026-02-13 16:23:07,794 - INFO - ======================================
2026-02-13 16:23:07,796 - INFO - ========== FINAL Class-IL: 17.01% BWT: -75.15% ==========
