2026-02-11 14:12:14,415 - INFO - Device: cuda
2026-02-11 14:12:14,415 - INFO - Config: {'device': 'cuda', 'lr': 0.005, 'epochs_per_task': 4, 'batch_size': 128, 'lambda_slice': 2.0, 'lambda_feat': 0.5, 'use_cosine_head': True, 'seed': 42, 'freeze_backbone_after_task': 0, 'ewc_lambda': 0.0}
2026-02-11 14:12:14,506 - INFO - ========== Training Task 0: classes [0, 1] ==========
2026-02-11 14:12:22,357 - INFO - [Task 0 | ep 0 | step 0] loss=0.8633 c=0.8633 r=0.0000 | CI_T0=96.97%
2026-02-11 14:12:26,677 - INFO - [Task 0 | ep 0 | step 25] loss=0.0014 c=0.0014 r=0.0000 | CI_T0=99.93%
2026-02-11 14:12:31,085 - INFO - [Task 0 | ep 0 | step 50] loss=0.0007 c=0.0007 r=0.0000 | CI_T0=99.85%
2026-02-11 14:12:35,424 - INFO - [Task 0 | ep 0 | step 75] loss=0.0003 c=0.0003 r=0.0000 | CI_T0=99.97%
2026-02-11 14:12:43,801 - INFO - [Task 0 | ep 1 | step 100] loss=0.0003 c=0.0003 r=0.0000 | CI_T0=99.94%
2026-02-11 14:12:48,150 - INFO - [Task 0 | ep 1 | step 125] loss=0.0005 c=0.0005 r=0.0000 | CI_T0=99.94%
2026-02-11 14:12:52,530 - INFO - [Task 0 | ep 1 | step 150] loss=0.0003 c=0.0003 r=0.0000 | CI_T0=99.92%
2026-02-11 14:12:56,965 - INFO - [Task 0 | ep 1 | step 175] loss=0.0002 c=0.0002 r=0.0000 | CI_T0=99.94%
2026-02-11 14:13:04,908 - INFO - [Task 0 | ep 2 | step 200] loss=0.0001 c=0.0001 r=0.0000 | CI_T0=99.98%
2026-02-11 14:13:09,141 - INFO - [Task 0 | ep 2 | step 225] loss=0.0001 c=0.0001 r=0.0000 | CI_T0=99.97%
2026-02-11 14:13:13,465 - INFO - [Task 0 | ep 2 | step 250] loss=0.0003 c=0.0003 r=0.0000 | CI_T0=99.97%
2026-02-11 14:13:17,952 - INFO - [Task 0 | ep 2 | step 275] loss=0.0003 c=0.0003 r=0.0000 | CI_T0=99.98%
2026-02-11 14:13:26,184 - INFO - [Task 0 | ep 3 | step 300] loss=0.0001 c=0.0001 r=0.0000 | CI_T0=99.95%
2026-02-11 14:13:30,424 - INFO - [Task 0 | ep 3 | step 325] loss=0.0001 c=0.0001 r=0.0000 | CI_T0=99.98%
2026-02-11 14:13:34,671 - INFO - [Task 0 | ep 3 | step 350] loss=0.0004 c=0.0004 r=0.0000 | CI_T0=99.97%
2026-02-11 14:13:38,956 - INFO - [Task 0 | ep 3 | step 375] loss=0.0007 c=0.0007 r=0.0000 | CI_T0=99.98%
2026-02-11 14:13:43,553 - INFO - [After Task 0] Task-IL : T0=99.95% | Avg=99.95%
2026-02-11 14:13:43,553 - INFO - [After Task 0] Class-IL: T0=99.95% | Avg=99.95%
2026-02-11 14:13:43,553 - INFO - ========== GROUP DIFFERENCES ==========
2026-02-11 14:13:43,553 - INFO - Seen tasks: 0..0 | valid_out_dim=2
2026-02-11 14:13:45,681 - INFO - [Group=Task0] CI_acc=99.95% | corr_slice_max=5.008 | best_other_max=nan | gap=nan
2026-02-11 14:13:45,681 - INFO - [Group=Task0] winner_task_dist: W0=100.0%
2026-02-11 14:13:45,681 - INFO - [Group=Task0] slice_strength : S0=5.01
2026-02-11 14:13:45,681 - INFO - ======================================
2026-02-11 14:13:45,681 - INFO - ========== Training Task 1: classes [2, 3] ==========
2026-02-11 14:13:45,682 - INFO - Backbone frozen (task > 0), only training head
2026-02-11 14:13:57,444 - INFO - [Task 1 | ep 0 | step 0] loss=6.5709 c=4.1620 r=2.4089 | CI_T0=99.95% | CI_T1=6.65%
2026-02-11 14:14:05,790 - INFO - [Task 1 | ep 0 | step 25] loss=2.3336 c=0.6652 r=1.6684 | CI_T0=0.00% | CI_T1=67.69%
2026-02-11 14:14:14,140 - INFO - [Task 1 | ep 0 | step 50] loss=1.8063 c=0.6133 r=1.1930 | CI_T0=0.00% | CI_T1=75.76%
2026-02-11 14:14:22,747 - INFO - [Task 1 | ep 0 | step 75] loss=1.6612 c=0.5580 r=1.1032 | CI_T0=0.00% | CI_T1=77.63%
2026-02-11 14:14:35,112 - INFO - [Task 1 | ep 1 | step 100] loss=1.6896 c=0.5650 r=1.1246 | CI_T0=0.00% | CI_T1=77.78%
2026-02-11 14:14:43,720 - INFO - [Task 1 | ep 1 | step 125] loss=1.7821 c=0.6055 r=1.1767 | CI_T0=0.00% | CI_T1=81.64%
2026-02-11 14:14:52,274 - INFO - [Task 1 | ep 1 | step 150] loss=1.7808 c=0.5376 r=1.2432 | CI_T0=0.00% | CI_T1=82.61%
2026-02-11 14:15:00,915 - INFO - [Task 1 | ep 1 | step 175] loss=1.8621 c=0.5321 r=1.3300 | CI_T0=0.00% | CI_T1=80.75%
2026-02-11 14:15:13,123 - INFO - [Task 1 | ep 2 | step 200] loss=2.0864 c=0.5723 r=1.5141 | CI_T0=0.00% | CI_T1=83.58%
2026-02-11 14:15:21,656 - INFO - [Task 1 | ep 2 | step 225] loss=1.6858 c=0.5335 r=1.1523 | CI_T0=0.00% | CI_T1=80.70%
2026-02-11 14:15:30,625 - INFO - [Task 1 | ep 2 | step 250] loss=1.3861 c=0.5489 r=0.8373 | CI_T0=0.00% | CI_T1=83.15%
2026-02-11 14:15:39,041 - INFO - [Task 1 | ep 2 | step 275] loss=1.3499 c=0.5514 r=0.7985 | CI_T0=0.00% | CI_T1=81.77%
2026-02-11 14:15:51,113 - INFO - [Task 1 | ep 3 | step 300] loss=1.5233 c=0.5392 r=0.9841 | CI_T0=0.00% | CI_T1=83.14%
2026-02-11 14:15:59,527 - INFO - [Task 1 | ep 3 | step 325] loss=1.5475 c=0.5378 r=1.0097 | CI_T0=0.00% | CI_T1=80.90%
2026-02-11 14:16:07,900 - INFO - [Task 1 | ep 3 | step 350] loss=1.3399 c=0.5075 r=0.8324 | CI_T0=0.00% | CI_T1=81.08%
2026-02-11 14:16:16,287 - INFO - [Task 1 | ep 3 | step 375] loss=1.9111 c=0.5137 r=1.3974 | CI_T0=0.00% | CI_T1=81.61%
2026-02-11 14:16:25,059 - INFO - [After Task 1] Task-IL : T0=99.95% | T1=83.99% | Avg=91.97%
2026-02-11 14:16:25,060 - INFO - [After Task 1] Class-IL: T0=0.00% | T1=83.99% | Avg=41.99%
2026-02-11 14:16:25,060 - INFO - ========== GROUP DIFFERENCES ==========
2026-02-11 14:16:25,060 - INFO - Seen tasks: 0..1 | valid_out_dim=4
2026-02-11 14:16:27,187 - INFO - [Group=Task0] CI_acc=0.00% | corr_slice_max=4.481 | best_other_max=6.190 | gap=-1.709
2026-02-11 14:16:27,188 - INFO - [Group=Task0] winner_task_dist: W0=0.0% | W1=100.0%
2026-02-11 14:16:27,188 - INFO - [Group=Task0] slice_strength : S0=4.48 | S1=6.19
2026-02-11 14:16:29,306 - INFO - [Group=Task1] CI_acc=83.99% | corr_slice_max=5.837 | best_other_max=2.906 | gap=2.931
2026-02-11 14:16:29,306 - INFO - [Group=Task1] winner_task_dist: W0=0.0% | W1=100.0%
2026-02-11 14:16:29,306 - INFO - [Group=Task1] slice_strength : S0=2.91 | S1=5.84
2026-02-11 14:16:29,306 - INFO - ======================================
2026-02-11 14:16:29,306 - INFO - ========== Training Task 2: classes [4, 5] ==========
2026-02-11 14:16:29,307 - INFO - Backbone frozen (task > 0), only training head
2026-02-11 14:16:45,023 - INFO - [Task 2 | ep 0 | step 0] loss=7.8778 c=6.0140 r=1.8637 | CI_T0=0.00% | CI_T1=80.83% | CI_T2=0.00%
2026-02-11 14:16:57,531 - INFO - [Task 2 | ep 0 | step 25] loss=2.1395 c=1.0793 r=1.0602 | CI_T0=0.00% | CI_T1=12.18% | CI_T2=55.92%
2026-02-11 14:17:10,122 - INFO - [Task 2 | ep 0 | step 50] loss=2.2969 c=0.8789 r=1.4180 | CI_T0=0.00% | CI_T1=0.15% | CI_T2=69.13%
2026-02-11 14:17:22,673 - INFO - [Task 2 | ep 0 | step 75] loss=1.6472 c=0.8415 r=0.8057 | CI_T0=0.00% | CI_T1=0.07% | CI_T2=69.80%
2026-02-11 14:17:39,400 - INFO - [Task 2 | ep 1 | step 100] loss=1.4691 c=0.7905 r=0.6786 | CI_T0=0.00% | CI_T1=0.02% | CI_T2=72.22%
2026-02-11 14:17:51,997 - INFO - [Task 2 | ep 1 | step 125] loss=1.5947 c=0.8123 r=0.7824 | CI_T0=0.00% | CI_T1=0.00% | CI_T2=72.44%
2026-02-11 14:18:04,504 - INFO - [Task 2 | ep 1 | step 150] loss=1.5299 c=0.7790 r=0.7509 | CI_T0=0.00% | CI_T1=0.00% | CI_T2=72.39%
2026-02-11 14:18:20,712 - INFO - [Task 2 | ep 2 | step 175] loss=1.4806 c=0.7624 r=0.7181 | CI_T0=0.00% | CI_T1=0.00% | CI_T2=71.83%
2026-02-11 14:18:33,173 - INFO - [Task 2 | ep 2 | step 200] loss=1.4097 c=0.7642 r=0.6455 | CI_T0=0.00% | CI_T1=0.00% | CI_T2=70.21%
2026-02-11 14:18:45,647 - INFO - [Task 2 | ep 2 | step 225] loss=1.5434 c=0.7813 r=0.7622 | CI_T0=0.00% | CI_T1=0.00% | CI_T2=74.36%
2026-02-11 14:18:58,249 - INFO - [Task 2 | ep 2 | step 250] loss=1.6335 c=0.7480 r=0.8854 | CI_T0=0.00% | CI_T1=0.00% | CI_T2=79.15%
2026-02-11 14:19:14,428 - INFO - [Task 2 | ep 3 | step 275] loss=1.4418 c=0.7085 r=0.7333 | CI_T0=0.00% | CI_T1=0.00% | CI_T2=77.24%
2026-02-11 14:19:26,943 - INFO - [Task 2 | ep 3 | step 300] loss=1.5270 c=0.7395 r=0.7875 | CI_T0=0.00% | CI_T1=0.00% | CI_T2=73.96%
2026-02-11 14:19:39,404 - INFO - [Task 2 | ep 3 | step 325] loss=1.4329 c=0.7160 r=0.7168 | CI_T0=0.00% | CI_T1=0.00% | CI_T2=80.37%
2026-02-11 14:19:52,551 - INFO - [After Task 2] Task-IL : T0=99.95% | T1=81.93% | T2=73.91% | Avg=85.26%
2026-02-11 14:19:52,551 - INFO - [After Task 2] Class-IL: T0=0.00% | T1=0.00% | T2=73.91% | Avg=24.64%
2026-02-11 14:19:52,551 - INFO - ========== GROUP DIFFERENCES ==========
2026-02-11 14:19:52,551 - INFO - Seen tasks: 0..2 | valid_out_dim=6
2026-02-11 14:19:54,659 - INFO - [Group=Task0] CI_acc=0.00% | corr_slice_max=4.800 | best_other_max=7.474 | gap=-2.674
2026-02-11 14:19:54,660 - INFO - [Group=Task0] winner_task_dist: W0=0.0% | W1=0.0% | W2=100.0%
2026-02-11 14:19:54,660 - INFO - [Group=Task0] slice_strength : S0=4.80 | S1=6.09 | S2=7.47
2026-02-11 14:19:56,766 - INFO - [Group=Task1] CI_acc=0.00% | corr_slice_max=5.657 | best_other_max=7.374 | gap=-1.716
2026-02-11 14:19:56,766 - INFO - [Group=Task1] winner_task_dist: W0=0.0% | W1=0.0% | W2=100.0%
2026-02-11 14:19:56,766 - INFO - [Group=Task1] slice_strength : S0=3.08 | S1=5.66 | S2=7.37
2026-02-11 14:19:58,868 - INFO - [Group=Task2] CI_acc=73.91% | corr_slice_max=7.400 | best_other_max=5.564 | gap=1.835
2026-02-11 14:19:58,868 - INFO - [Group=Task2] winner_task_dist: W0=0.0% | W1=0.0% | W2=100.0%
2026-02-11 14:19:58,869 - INFO - [Group=Task2] slice_strength : S0=2.96 | S1=5.56 | S2=7.40
2026-02-11 14:19:58,869 - INFO - ======================================
2026-02-11 14:19:58,869 - INFO - ========== Training Task 3: classes [6, 7] ==========
2026-02-11 14:19:58,869 - INFO - Backbone frozen (task > 0), only training head
2026-02-11 14:20:18,738 - INFO - [Task 3 | ep 0 | step 0] loss=8.7136 c=8.0439 r=0.6697 | CI_T0=0.00% | CI_T1=0.00% | CI_T2=81.07% | CI_T3=0.00%
2026-02-11 14:20:36,125 - INFO - [Task 3 | ep 0 | step 25] loss=2.3161 c=1.2746 r=1.0415 | CI_T0=0.00% | CI_T1=0.02% | CI_T2=15.97% | CI_T3=64.10%
2026-02-11 14:20:52,674 - INFO - [Task 3 | ep 0 | step 50] loss=1.8472 c=1.1270 r=0.7202 | CI_T0=0.00% | CI_T1=0.01% | CI_T2=10.68% | CI_T3=68.24%
2026-02-11 14:21:09,247 - INFO - [Task 3 | ep 0 | step 75] loss=1.8642 c=1.1099 r=0.7543 | CI_T0=0.00% | CI_T1=0.00% | CI_T2=5.57% | CI_T3=69.12%
2026-02-11 14:21:29,833 - INFO - [Task 3 | ep 1 | step 100] loss=1.5193 c=0.9667 r=0.5526 | CI_T0=0.00% | CI_T1=0.00% | CI_T2=4.53% | CI_T3=69.02%
2026-02-11 14:21:46,609 - INFO - [Task 3 | ep 1 | step 125] loss=1.9802 c=1.0188 r=0.9614 | CI_T0=0.00% | CI_T1=0.00% | CI_T2=4.70% | CI_T3=74.93%
2026-02-11 14:22:03,868 - INFO - [Task 3 | ep 1 | step 150] loss=1.7982 c=0.9693 r=0.8289 | CI_T0=0.00% | CI_T1=0.00% | CI_T2=4.29% | CI_T3=71.13%
2026-02-11 14:22:20,538 - INFO - [Task 3 | ep 1 | step 175] loss=1.5469 c=0.9200 r=0.6269 | CI_T0=0.00% | CI_T1=0.00% | CI_T2=4.01% | CI_T3=72.82%
2026-02-11 14:22:41,009 - INFO - [Task 3 | ep 2 | step 200] loss=1.5943 c=0.9470 r=0.6472 | CI_T0=0.00% | CI_T1=0.00% | CI_T2=3.76% | CI_T3=71.85%
2026-02-11 14:22:57,648 - INFO - [Task 3 | ep 2 | step 225] loss=1.6139 c=0.8635 r=0.7504 | CI_T0=0.00% | CI_T1=0.00% | CI_T2=3.24% | CI_T3=78.74%
2026-02-11 14:23:14,472 - INFO - [Task 3 | ep 2 | step 250] loss=1.4535 c=0.8643 r=0.5892 | CI_T0=0.00% | CI_T1=0.01% | CI_T2=3.11% | CI_T3=78.51%
2026-02-11 14:23:31,129 - INFO - [Task 3 | ep 2 | step 275] loss=1.4514 c=0.8460 r=0.6054 | CI_T0=0.00% | CI_T1=0.00% | CI_T2=2.73% | CI_T3=73.05%
2026-02-11 14:23:51,517 - INFO - [Task 3 | ep 3 | step 300] loss=1.4916 c=0.8299 r=0.6617 | CI_T0=0.00% | CI_T1=0.00% | CI_T2=1.95% | CI_T3=77.46%
2026-02-11 14:24:09,008 - INFO - [Task 3 | ep 3 | step 325] loss=1.3942 c=0.8041 r=0.5901 | CI_T0=0.00% | CI_T1=0.00% | CI_T2=2.30% | CI_T3=77.44%
2026-02-11 14:24:25,811 - INFO - [Task 3 | ep 3 | step 350] loss=1.4974 c=0.7884 r=0.7089 | CI_T0=0.00% | CI_T1=0.01% | CI_T2=2.14% | CI_T3=76.90%
2026-02-11 14:24:43,098 - INFO - [Task 3 | ep 3 | step 375] loss=1.3691 c=0.7675 r=0.6016 | CI_T0=0.00% | CI_T1=0.01% | CI_T2=1.91% | CI_T3=72.78%
2026-02-11 14:25:00,333 - INFO - [After Task 3] Task-IL : T0=99.95% | T1=79.58% | T2=80.63% | T3=79.56% | Avg=84.93%
2026-02-11 14:25:00,333 - INFO - [After Task 3] Class-IL: T0=0.00% | T1=0.00% | T2=2.24% | T3=79.56% | Avg=20.45%
2026-02-11 14:25:00,334 - INFO - ========== GROUP DIFFERENCES ==========
2026-02-11 14:25:00,334 - INFO - Seen tasks: 0..3 | valid_out_dim=8
2026-02-11 14:25:02,434 - INFO - [Group=Task0] CI_acc=0.00% | corr_slice_max=4.758 | best_other_max=8.689 | gap=-3.930
2026-02-11 14:25:02,434 - INFO - [Group=Task0] winner_task_dist: W0=0.0% | W1=0.0% | W2=0.0% | W3=100.0%
2026-02-11 14:25:02,434 - INFO - [Group=Task0] slice_strength : S0=4.76 | S1=6.13 | S2=7.42 | S3=8.69
2026-02-11 14:25:04,544 - INFO - [Group=Task1] CI_acc=0.00% | corr_slice_max=5.688 | best_other_max=8.498 | gap=-2.810
2026-02-11 14:25:04,544 - INFO - [Group=Task1] winner_task_dist: W0=0.0% | W1=0.0% | W2=2.1% | W3=97.9%
2026-02-11 14:25:04,544 - INFO - [Group=Task1] slice_strength : S0=3.07 | S1=5.69 | S2=7.34 | S3=8.49
2026-02-11 14:25:06,653 - INFO - [Group=Task2] CI_acc=2.24% | corr_slice_max=7.341 | best_other_max=8.485 | gap=-1.144
2026-02-11 14:25:06,653 - INFO - [Group=Task2] winner_task_dist: W0=0.0% | W1=0.0% | W2=2.2% | W3=97.8%
2026-02-11 14:25:06,653 - INFO - [Group=Task2] slice_strength : S0=3.01 | S1=5.56 | S2=7.34 | S3=8.48
2026-02-11 14:25:08,760 - INFO - [Group=Task3] CI_acc=79.56% | corr_slice_max=8.568 | best_other_max=7.220 | gap=1.348
2026-02-11 14:25:08,760 - INFO - [Group=Task3] winner_task_dist: W0=0.0% | W1=0.0% | W2=0.1% | W3=99.9%
2026-02-11 14:25:08,761 - INFO - [Group=Task3] slice_strength : S0=3.01 | S1=5.53 | S2=7.22 | S3=8.57
2026-02-11 14:25:08,761 - INFO - ======================================
2026-02-11 14:25:08,761 - INFO - ========== Training Task 4: classes [8, 9] ==========
2026-02-11 14:25:08,761 - INFO - Backbone frozen (task > 0), only training head
2026-02-11 14:25:34,056 - INFO - [Task 4 | ep 0 | step 0] loss=10.1334 c=8.9243 r=1.2090 | CI_T0=0.00% | CI_T1=0.01% | CI_T2=2.07% | CI_T3=80.76% | CI_T4=0.00%
2026-02-11 14:25:55,322 - INFO - [Task 4 | ep 0 | step 25] loss=2.5950 c=1.4934 r=1.1016 | CI_T0=0.00% | CI_T1=0.00% | CI_T2=6.31% | CI_T3=16.13% | CI_T4=59.71%
2026-02-11 14:26:16,216 - INFO - [Task 4 | ep 0 | step 50] loss=1.9193 c=1.2455 r=0.6737 | CI_T0=0.00% | CI_T1=0.00% | CI_T2=0.32% | CI_T3=19.47% | CI_T4=67.64%
2026-02-11 14:26:37,516 - INFO - [Task 4 | ep 0 | step 75] loss=1.8040 c=1.0870 r=0.7169 | CI_T0=0.00% | CI_T1=0.00% | CI_T2=0.13% | CI_T3=15.90% | CI_T4=71.54%
2026-02-11 14:27:01,950 - INFO - [Task 4 | ep 1 | step 100] loss=1.8570 c=1.0153 r=0.8417 | CI_T0=0.00% | CI_T1=0.00% | CI_T2=0.08% | CI_T3=11.38% | CI_T4=73.00%
2026-02-11 14:27:22,753 - INFO - [Task 4 | ep 1 | step 125] loss=1.7566 c=0.9768 r=0.7798 | CI_T0=0.00% | CI_T1=0.00% | CI_T2=0.02% | CI_T3=9.53% | CI_T4=71.69%
2026-02-11 14:27:44,193 - INFO - [Task 4 | ep 1 | step 150] loss=1.7740 c=0.9355 r=0.8385 | CI_T0=0.00% | CI_T1=0.00% | CI_T2=0.02% | CI_T3=6.79% | CI_T4=76.31%
2026-02-11 14:28:06,197 - INFO - [Task 4 | ep 1 | step 175] loss=1.7488 c=0.9835 r=0.7653 | CI_T0=0.00% | CI_T1=0.00% | CI_T2=0.02% | CI_T3=5.91% | CI_T4=77.62%
2026-02-11 14:28:30,640 - INFO - [Task 4 | ep 2 | step 200] loss=1.6931 c=0.9514 r=0.7417 | CI_T0=0.00% | CI_T1=0.00% | CI_T2=0.00% | CI_T3=4.26% | CI_T4=76.72%
2026-02-11 14:28:51,639 - INFO - [Task 4 | ep 2 | step 225] loss=1.5651 c=0.9959 r=0.5691 | CI_T0=0.00% | CI_T1=0.00% | CI_T2=0.00% | CI_T3=2.06% | CI_T4=77.56%
2026-02-11 14:29:12,487 - INFO - [Task 4 | ep 2 | step 250] loss=1.4248 c=0.8711 r=0.5537 | CI_T0=0.00% | CI_T1=0.00% | CI_T2=0.00% | CI_T3=2.36% | CI_T4=79.98%
